{"/Users/allendunn/Documents/Stream/stream-soundboard/src/App.tsx": {"path":"/Users/allendunn/Documents/Stream/stream-soundboard/src/App.tsx","statementMap":{"0":{"start":{"line":16,"column":40},"end":{"line":16,"column":133}},"1":{"start":{"line":17,"column":46},"end":{"line":17,"column":61}},"2":{"start":{"line":18,"column":40},"end":{"line":18,"column":67}},"3":{"start":{"line":19,"column":34},"end":{"line":19,"column":49}},"4":{"start":{"line":20,"column":40},"end":{"line":20,"column":55}},"5":{"start":{"line":21,"column":42},"end":{"line":21,"column":56}},"6":{"start":{"line":24,"column":2},"end":{"line":37,"column":9}},"7":{"start":{"line":25,"column":17},"end":{"line":25,"column":45}},"8":{"start":{"line":26,"column":4},"end":{"line":36,"column":5}},"9":{"start":{"line":27,"column":6},"end":{"line":27,"column":27}},"10":{"start":{"line":29,"column":6},"end":{"line":33,"column":7}},"11":{"start":{"line":30,"column":8},"end":{"line":30,"column":33}},"12":{"start":{"line":32,"column":8},"end":{"line":32,"column":37}},"13":{"start":{"line":35,"column":6},"end":{"line":35,"column":24}},"14":{"start":{"line":40,"column":31},"end":{"line":44,"column":3}},"15":{"start":{"line":41,"column":4},"end":{"line":41,"column":63}},"16":{"start":{"line":42,"column":4},"end":{"line":42,"column":27}},"17":{"start":{"line":43,"column":4},"end":{"line":43,"column":22}},"18":{"start":{"line":47,"column":28},"end":{"line":57,"column":3}},"19":{"start":{"line":48,"column":4},"end":{"line":48,"column":25}},"20":{"start":{"line":49,"column":4},"end":{"line":49,"column":23}},"21":{"start":{"line":50,"column":4},"end":{"line":50,"column":27}},"22":{"start":{"line":52,"column":4},"end":{"line":56,"column":5}},"23":{"start":{"line":53,"column":6},"end":{"line":53,"column":31}},"24":{"start":{"line":55,"column":6},"end":{"line":55,"column":35}},"25":{"start":{"line":60,"column":23},"end":{"line":65,"column":3}},"26":{"start":{"line":61,"column":4},"end":{"line":61,"column":25}},"27":{"start":{"line":62,"column":4},"end":{"line":62,"column":25}},"28":{"start":{"line":63,"column":4},"end":{"line":63,"column":22}},"29":{"start":{"line":64,"column":4},"end":{"line":64,"column":33}},"30":{"start":{"line":68,"column":2},"end":{"line":72,"column":3}},"31":{"start":{"line":69,"column":4},"end":{"line":71,"column":6}},"32":{"start":{"line":75,"column":2},"end":{"line":82,"column":3}},"33":{"start":{"line":76,"column":4},"end":{"line":81,"column":6}},"34":{"start":{"line":79,"column":29},"end":{"line":79,"column":49}},"35":{"start":{"line":85,"column":2},"end":{"line":94,"column":3}},"36":{"start":{"line":86,"column":4},"end":{"line":93,"column":6}},"37":{"start":{"line":89,"column":10},"end":{"line":89,"column":32}},"38":{"start":{"line":90,"column":10},"end":{"line":90,"column":28}},"39":{"start":{"line":97,"column":2},"end":{"line":99,"column":3}},"40":{"start":{"line":98,"column":4},"end":{"line":98,"column":16}},"41":{"start":{"line":101,"column":2},"end":{"line":316,"column":4}},"42":{"start":{"line":135,"column":35},"end":{"line":135,"column":69}},"43":{"start":{"line":146,"column":33},"end":{"line":146,"column":61}},"44":{"start":{"line":159,"column":37},"end":{"line":159,"column":62}},"45":{"start":{"line":171,"column":41},"end":{"line":171,"column":71}},"46":{"start":{"line":181,"column":41},"end":{"line":181,"column":71}},"47":{"start":{"line":197,"column":35},"end":{"line":197,"column":59}},"48":{"start":{"line":297,"column":33},"end":{"line":297,"column":61}},"49":{"start":{"line":312,"column":26},"end":{"line":312,"column":50}}},"fnMap":{"0":{"name":"App","decl":{"start":{"line":15,"column":9},"end":{"line":15,"column":12}},"loc":{"start":{"line":15,"column":15},"end":{"line":317,"column":1}},"line":15},"1":{"name":"(anonymous_1)","decl":{"start":{"line":24,"column":12},"end":{"line":24,"column":13}},"loc":{"start":{"line":24,"column":18},"end":{"line":37,"column":3}},"line":24},"2":{"name":"(anonymous_2)","decl":{"start":{"line":40,"column":31},"end":{"line":40,"column":32}},"loc":{"start":{"line":40,"column":97},"end":{"line":44,"column":3}},"line":40},"3":{"name":"(anonymous_3)","decl":{"start":{"line":47,"column":28},"end":{"line":47,"column":29}},"loc":{"start":{"line":47,"column":44},"end":{"line":57,"column":3}},"line":47},"4":{"name":"(anonymous_4)","decl":{"start":{"line":60,"column":23},"end":{"line":60,"column":24}},"loc":{"start":{"line":60,"column":29},"end":{"line":65,"column":3}},"line":60},"5":{"name":"(anonymous_5)","decl":{"start":{"line":79,"column":23},"end":{"line":79,"column":24}},"loc":{"start":{"line":79,"column":29},"end":{"line":79,"column":49}},"line":79},"6":{"name":"(anonymous_6)","decl":{"start":{"line":88,"column":22},"end":{"line":88,"column":23}},"loc":{"start":{"line":88,"column":42},"end":{"line":91,"column":9}},"line":88},"7":{"name":"(anonymous_7)","decl":{"start":{"line":135,"column":29},"end":{"line":135,"column":30}},"loc":{"start":{"line":135,"column":35},"end":{"line":135,"column":69}},"line":135},"8":{"name":"(anonymous_8)","decl":{"start":{"line":146,"column":27},"end":{"line":146,"column":28}},"loc":{"start":{"line":146,"column":33},"end":{"line":146,"column":61}},"line":146},"9":{"name":"(anonymous_9)","decl":{"start":{"line":159,"column":31},"end":{"line":159,"column":32}},"loc":{"start":{"line":159,"column":37},"end":{"line":159,"column":62}},"line":159},"10":{"name":"(anonymous_10)","decl":{"start":{"line":171,"column":35},"end":{"line":171,"column":36}},"loc":{"start":{"line":171,"column":41},"end":{"line":171,"column":71}},"line":171},"11":{"name":"(anonymous_11)","decl":{"start":{"line":181,"column":35},"end":{"line":181,"column":36}},"loc":{"start":{"line":181,"column":41},"end":{"line":181,"column":71}},"line":181},"12":{"name":"(anonymous_12)","decl":{"start":{"line":197,"column":29},"end":{"line":197,"column":30}},"loc":{"start":{"line":197,"column":35},"end":{"line":197,"column":59}},"line":197},"13":{"name":"(anonymous_13)","decl":{"start":{"line":297,"column":27},"end":{"line":297,"column":28}},"loc":{"start":{"line":297,"column":33},"end":{"line":297,"column":61}},"line":297},"14":{"name":"(anonymous_14)","decl":{"start":{"line":312,"column":20},"end":{"line":312,"column":21}},"loc":{"start":{"line":312,"column":26},"end":{"line":312,"column":50}},"line":312}},"branchMap":{"0":{"loc":{"start":{"line":26,"column":4},"end":{"line":36,"column":5}},"type":"if","locations":[{"start":{"line":26,"column":4},"end":{"line":36,"column":5}},{"start":{"line":34,"column":11},"end":{"line":36,"column":5}}],"line":26},"1":{"loc":{"start":{"line":29,"column":6},"end":{"line":33,"column":7}},"type":"if","locations":[{"start":{"line":29,"column":6},"end":{"line":33,"column":7}},{"start":{"line":31,"column":13},"end":{"line":33,"column":7}}],"line":29},"2":{"loc":{"start":{"line":52,"column":4},"end":{"line":56,"column":5}},"type":"if","locations":[{"start":{"line":52,"column":4},"end":{"line":56,"column":5}},{"start":{"line":54,"column":11},"end":{"line":56,"column":5}}],"line":52},"3":{"loc":{"start":{"line":68,"column":2},"end":{"line":72,"column":3}},"type":"if","locations":[{"start":{"line":68,"column":2},"end":{"line":72,"column":3}},{"start":{},"end":{}}],"line":68},"4":{"loc":{"start":{"line":75,"column":2},"end":{"line":82,"column":3}},"type":"if","locations":[{"start":{"line":75,"column":2},"end":{"line":82,"column":3}},{"start":{},"end":{}}],"line":75},"5":{"loc":{"start":{"line":85,"column":2},"end":{"line":94,"column":3}},"type":"if","locations":[{"start":{"line":85,"column":2},"end":{"line":94,"column":3}},{"start":{},"end":{}}],"line":85},"6":{"loc":{"start":{"line":97,"column":2},"end":{"line":99,"column":3}},"type":"if","locations":[{"start":{"line":97,"column":2},"end":{"line":99,"column":3}},{"start":{},"end":{}}],"line":97},"7":{"loc":{"start":{"line":122,"column":23},"end":{"line":122,"column":72}},"type":"cond-expr","locations":[{"start":{"line":122,"column":61},"end":{"line":122,"column":65}},{"start":{"line":122,"column":68},"end":{"line":122,"column":72}}],"line":122},"8":{"loc":{"start":{"line":133,"column":17},"end":{"line":144,"column":17}},"type":"binary-expr","locations":[{"start":{"line":133,"column":17},"end":{"line":133,"column":52}},{"start":{"line":134,"column":18},"end":{"line":143,"column":27}}],"line":133},"9":{"loc":{"start":{"line":137,"column":22},"end":{"line":139,"column":88}},"type":"cond-expr","locations":[{"start":{"line":138,"column":26},"end":{"line":138,"column":59}},{"start":{"line":139,"column":26},"end":{"line":139,"column":88}}],"line":137},"10":{"loc":{"start":{"line":142,"column":21},"end":{"line":142,"column":82}},"type":"cond-expr","locations":[{"start":{"line":142,"column":38},"end":{"line":142,"column":61}},{"start":{"line":142,"column":64},"end":{"line":142,"column":82}}],"line":142},"11":{"loc":{"start":{"line":148,"column":20},"end":{"line":150,"column":77}},"type":"cond-expr","locations":[{"start":{"line":149,"column":24},"end":{"line":149,"column":63}},{"start":{"line":150,"column":24},"end":{"line":150,"column":77}}],"line":148},"12":{"loc":{"start":{"line":156,"column":17},"end":{"line":193,"column":17}},"type":"binary-expr","locations":[{"start":{"line":156,"column":17},"end":{"line":156,"column":52}},{"start":{"line":157,"column":18},"end":{"line":192,"column":21}}],"line":156},"13":{"loc":{"start":{"line":161,"column":24},"end":{"line":163,"column":81}},"type":"cond-expr","locations":[{"start":{"line":162,"column":28},"end":{"line":162,"column":67}},{"start":{"line":163,"column":28},"end":{"line":163,"column":81}}],"line":161},"14":{"loc":{"start":{"line":168,"column":21},"end":{"line":191,"column":21}},"type":"binary-expr","locations":[{"start":{"line":168,"column":21},"end":{"line":168,"column":47}},{"start":{"line":169,"column":22},"end":{"line":190,"column":25}}],"line":168},"15":{"loc":{"start":{"line":173,"column":28},"end":{"line":175,"column":85}},"type":"cond-expr","locations":[{"start":{"line":174,"column":32},"end":{"line":174,"column":71}},{"start":{"line":175,"column":32},"end":{"line":175,"column":85}}],"line":173},"16":{"loc":{"start":{"line":183,"column":28},"end":{"line":185,"column":85}},"type":"cond-expr","locations":[{"start":{"line":184,"column":32},"end":{"line":184,"column":71}},{"start":{"line":185,"column":32},"end":{"line":185,"column":85}}],"line":183},"17":{"loc":{"start":{"line":195,"column":17},"end":{"line":206,"column":17}},"type":"binary-expr","locations":[{"start":{"line":195,"column":17},"end":{"line":195,"column":50}},{"start":{"line":196,"column":18},"end":{"line":205,"column":27}}],"line":195},"18":{"loc":{"start":{"line":199,"column":22},"end":{"line":201,"column":79}},"type":"cond-expr","locations":[{"start":{"line":200,"column":26},"end":{"line":200,"column":65}},{"start":{"line":201,"column":26},"end":{"line":201,"column":79}}],"line":199},"19":{"loc":{"start":{"line":215,"column":13},"end":{"line":303,"column":13}},"type":"cond-expr","locations":[{"start":{"line":216,"column":14},"end":{"line":227,"column":27}},{"start":{"line":228,"column":16},"end":{"line":303,"column":13}}],"line":215},"20":{"loc":{"start":{"line":226,"column":103},"end":{"line":226,"column":127}},"type":"binary-expr","locations":[{"start":{"line":226,"column":103},"end":{"line":226,"column":117}},{"start":{"line":226,"column":121},"end":{"line":226,"column":127}}],"line":226},"21":{"loc":{"start":{"line":228,"column":16},"end":{"line":303,"column":13}},"type":"cond-expr","locations":[{"start":{"line":229,"column":14},"end":{"line":240,"column":27}},{"start":{"line":241,"column":16},"end":{"line":303,"column":13}}],"line":228},"22":{"loc":{"start":{"line":228,"column":16},"end":{"line":228,"column":80}},"type":"binary-expr","locations":[{"start":{"line":228,"column":16},"end":{"line":228,"column":41}},{"start":{"line":228,"column":45},"end":{"line":228,"column":80}}],"line":228},"23":{"loc":{"start":{"line":241,"column":16},"end":{"line":303,"column":13}},"type":"cond-expr","locations":[{"start":{"line":242,"column":14},"end":{"line":253,"column":27}},{"start":{"line":254,"column":16},"end":{"line":303,"column":13}}],"line":241},"24":{"loc":{"start":{"line":241,"column":16},"end":{"line":241,"column":77}},"type":"binary-expr","locations":[{"start":{"line":241,"column":16},"end":{"line":241,"column":40}},{"start":{"line":241,"column":44},"end":{"line":241,"column":77}}],"line":241},"25":{"loc":{"start":{"line":254,"column":16},"end":{"line":303,"column":13}},"type":"cond-expr","locations":[{"start":{"line":255,"column":14},"end":{"line":266,"column":27}},{"start":{"line":267,"column":16},"end":{"line":303,"column":13}}],"line":254},"26":{"loc":{"start":{"line":254,"column":16},"end":{"line":254,"column":115}},"type":"binary-expr","locations":[{"start":{"line":254,"column":16},"end":{"line":254,"column":46}},{"start":{"line":254,"column":50},"end":{"line":254,"column":85}},{"start":{"line":254,"column":89},"end":{"line":254,"column":115}}],"line":254},"27":{"loc":{"start":{"line":267,"column":16},"end":{"line":303,"column":13}},"type":"cond-expr","locations":[{"start":{"line":268,"column":14},"end":{"line":279,"column":27}},{"start":{"line":281,"column":14},"end":{"line":302,"column":27}}],"line":267},"28":{"loc":{"start":{"line":267,"column":16},"end":{"line":267,"column":115}},"type":"binary-expr","locations":[{"start":{"line":267,"column":16},"end":{"line":267,"column":46}},{"start":{"line":267,"column":50},"end":{"line":267,"column":85}},{"start":{"line":267,"column":89},"end":{"line":267,"column":115}}],"line":267},"29":{"loc":{"start":{"line":309,"column":7},"end":{"line":314,"column":7}},"type":"binary-expr","locations":[{"start":{"line":309,"column":7},"end":{"line":309,"column":42}},{"start":{"line":310,"column":8},"end":{"line":313,"column":10}}],"line":309}},"s":{"0":0,"1":0,"2":0,"3":0,"4":0,"5":0,"6":0,"7":0,"8":0,"9":0,"10":0,"11":0,"12":0,"13":0,"14":0,"15":0,"16":0,"17":0,"18":0,"19":0,"20":0,"21":0,"22":0,"23":0,"24":0,"25":0,"26":0,"27":0,"28":0,"29":0,"30":0,"31":0,"32":0,"33":0,"34":0,"35":0,"36":0,"37":0,"38":0,"39":0,"40":0,"41":0,"42":0,"43":0,"44":0,"45":0,"46":0,"47":0,"48":0,"49":0},"f":{"0":0,"1":0,"2":0,"3":0,"4":0,"5":0,"6":0,"7":0,"8":0,"9":0,"10":0,"11":0,"12":0,"13":0,"14":0},"b":{"0":[0,0],"1":[0,0],"2":[0,0],"3":[0,0],"4":[0,0],"5":[0,0],"6":[0,0],"7":[0,0],"8":[0,0],"9":[0,0],"10":[0,0],"11":[0,0],"12":[0,0],"13":[0,0],"14":[0,0],"15":[0,0],"16":[0,0],"17":[0,0],"18":[0,0],"19":[0,0],"20":[0,0],"21":[0,0],"22":[0,0],"23":[0,0],"24":[0,0],"25":[0,0],"26":[0,0,0],"27":[0,0],"28":[0,0,0],"29":[0,0]}}
,"/Users/allendunn/Documents/Stream/stream-soundboard/src/index.tsx": {"path":"/Users/allendunn/Documents/Stream/stream-soundboard/src/index.tsx","statementMap":{"0":{"start":{"line":5,"column":20},"end":{"line":5,"column":51}},"1":{"start":{"line":6,"column":0},"end":{"line":10,"column":1}},"2":{"start":{"line":7,"column":2},"end":{"line":9,"column":4}}},"fnMap":{},"branchMap":{"0":{"loc":{"start":{"line":6,"column":0},"end":{"line":10,"column":1}},"type":"if","locations":[{"start":{"line":6,"column":0},"end":{"line":10,"column":1}},{"start":{},"end":{}}],"line":6}},"s":{"0":0,"1":0,"2":0},"f":{},"b":{"0":[0,0]}}
,"/Users/allendunn/Documents/Stream/stream-soundboard/src/components/AgencyDashboard.tsx": {"path":"/Users/allendunn/Documents/Stream/stream-soundboard/src/components/AgencyDashboard.tsx","statementMap":{"0":{"start":{"line":12,"column":34},"end":{"line":439,"column":1}},"1":{"start":{"line":13,"column":36},"end":{"line":13,"column":130}},"2":{"start":{"line":14,"column":30},"end":{"line":14,"column":59}},"3":{"start":{"line":15,"column":36},"end":{"line":15,"column":60}},"4":{"start":{"line":16,"column":32},"end":{"line":16,"column":46}},"5":{"start":{"line":17,"column":50},"end":{"line":17,"column":81}},"6":{"start":{"line":18,"column":56},"end":{"line":18,"column":71}},"7":{"start":{"line":19,"column":42},"end":{"line":19,"column":77}},"8":{"start":{"line":22,"column":2},"end":{"line":26,"column":9}},"9":{"start":{"line":23,"column":18},"end":{"line":23,"column":47}},"10":{"start":{"line":24,"column":4},"end":{"line":24,"column":27}},"11":{"start":{"line":25,"column":4},"end":{"line":25,"column":60}},"12":{"start":{"line":29,"column":2},"end":{"line":114,"column":21}},"13":{"start":{"line":30,"column":31},"end":{"line":43,"column":5}},"14":{"start":{"line":45,"column":38},"end":{"line":102,"column":5}},"15":{"start":{"line":105,"column":27},"end":{"line":105,"column":40}},"16":{"start":{"line":106,"column":4},"end":{"line":109,"column":5}},"17":{"start":{"line":107,"column":6},"end":{"line":107,"column":73}},"18":{"start":{"line":108,"column":6},"end":{"line":108,"column":128}},"19":{"start":{"line":111,"column":4},"end":{"line":111,"column":26}},"20":{"start":{"line":112,"column":4},"end":{"line":112,"column":35}},"21":{"start":{"line":113,"column":4},"end":{"line":113,"column":22}},"22":{"start":{"line":116,"column":29},"end":{"line":119,"column":3}},"23":{"start":{"line":117,"column":4},"end":{"line":117,"column":34}},"24":{"start":{"line":118,"column":4},"end":{"line":118,"column":33}},"25":{"start":{"line":121,"column":29},"end":{"line":125,"column":3}},"26":{"start":{"line":122,"column":4},"end":{"line":122,"column":91}},"27":{"start":{"line":122,"column":25},"end":{"line":122,"column":89}},"28":{"start":{"line":122,"column":39},"end":{"line":122,"column":88}},"29":{"start":{"line":123,"column":4},"end":{"line":123,"column":34}},"30":{"start":{"line":124,"column":4},"end":{"line":124,"column":30}},"31":{"start":{"line":127,"column":30},"end":{"line":130,"column":3}},"32":{"start":{"line":128,"column":4},"end":{"line":128,"column":34}},"33":{"start":{"line":129,"column":4},"end":{"line":129,"column":30}},"34":{"start":{"line":132,"column":30},"end":{"line":174,"column":3}},"35":{"start":{"line":134,"column":4},"end":{"line":134,"column":56}},"36":{"start":{"line":137,"column":29},"end":{"line":168,"column":6}},"37":{"start":{"line":138,"column":6},"end":{"line":166,"column":7}},"38":{"start":{"line":139,"column":30},"end":{"line":139,"column":62}},"39":{"start":{"line":141,"column":8},"end":{"line":159,"column":9}},"40":{"start":{"line":143,"column":12},"end":{"line":143,"column":71}},"41":{"start":{"line":144,"column":12},"end":{"line":144,"column":18}},"42":{"start":{"line":146,"column":12},"end":{"line":146,"column":61}},"43":{"start":{"line":147,"column":12},"end":{"line":147,"column":18}},"44":{"start":{"line":150,"column":12},"end":{"line":150,"column":18}},"45":{"start":{"line":152,"column":12},"end":{"line":157,"column":13}},"46":{"start":{"line":153,"column":14},"end":{"line":156,"column":16}},"47":{"start":{"line":158,"column":12},"end":{"line":158,"column":18}},"48":{"start":{"line":161,"column":8},"end":{"line":165,"column":10}},"49":{"start":{"line":167,"column":6},"end":{"line":167,"column":22}},"50":{"start":{"line":170,"column":4},"end":{"line":170,"column":35}},"51":{"start":{"line":173,"column":4},"end":{"line":173,"column":60}},"52":{"start":{"line":173,"column":33},"end":{"line":173,"column":58}},"53":{"start":{"line":176,"column":2},"end":{"line":185,"column":3}},"54":{"start":{"line":177,"column":4},"end":{"line":184,"column":6}},"55":{"start":{"line":187,"column":2},"end":{"line":438,"column":4}},"56":{"start":{"line":205,"column":87},"end":{"line":205,"column":97}},"57":{"start":{"line":231,"column":14},"end":{"line":242,"column":23}},"58":{"start":{"line":233,"column":31},"end":{"line":233,"column":58}},"59":{"start":{"line":273,"column":92},"end":{"line":273,"column":102}},"60":{"start":{"line":278,"column":63},"end":{"line":278,"column":95}},"61":{"start":{"line":284,"column":52},"end":{"line":284,"column":83}},"62":{"start":{"line":294,"column":22},"end":{"line":302,"column":28}},"63":{"start":{"line":323,"column":20},"end":{"line":361,"column":26}},"64":{"start":{"line":352,"column":41},"end":{"line":352,"column":69}},"65":{"start":{"line":403,"column":18},"end":{"line":403,"column":60}}},"fnMap":{"0":{"name":"(anonymous_0)","decl":{"start":{"line":12,"column":34},"end":{"line":12,"column":35}},"loc":{"start":{"line":12,"column":40},"end":{"line":439,"column":1}},"line":12},"1":{"name":"(anonymous_1)","decl":{"start":{"line":22,"column":12},"end":{"line":22,"column":13}},"loc":{"start":{"line":22,"column":18},"end":{"line":26,"column":3}},"line":22},"2":{"name":"(anonymous_2)","decl":{"start":{"line":29,"column":12},"end":{"line":29,"column":13}},"loc":{"start":{"line":29,"column":18},"end":{"line":114,"column":3}},"line":29},"3":{"name":"(anonymous_3)","decl":{"start":{"line":116,"column":29},"end":{"line":116,"column":30}},"loc":{"start":{"line":116,"column":53},"end":{"line":119,"column":3}},"line":116},"4":{"name":"(anonymous_4)","decl":{"start":{"line":121,"column":29},"end":{"line":121,"column":30}},"loc":{"start":{"line":121,"column":60},"end":{"line":125,"column":3}},"line":121},"5":{"name":"(anonymous_5)","decl":{"start":{"line":122,"column":17},"end":{"line":122,"column":18}},"loc":{"start":{"line":122,"column":25},"end":{"line":122,"column":89}},"line":122},"6":{"name":"(anonymous_6)","decl":{"start":{"line":122,"column":34},"end":{"line":122,"column":35}},"loc":{"start":{"line":122,"column":39},"end":{"line":122,"column":88}},"line":122},"7":{"name":"(anonymous_7)","decl":{"start":{"line":127,"column":30},"end":{"line":127,"column":31}},"loc":{"start":{"line":127,"column":36},"end":{"line":130,"column":3}},"line":127},"8":{"name":"(anonymous_8)","decl":{"start":{"line":132,"column":30},"end":{"line":132,"column":31}},"loc":{"start":{"line":132,"column":56},"end":{"line":174,"column":3}},"line":132},"9":{"name":"(anonymous_9)","decl":{"start":{"line":137,"column":43},"end":{"line":137,"column":44}},"loc":{"start":{"line":137,"column":55},"end":{"line":168,"column":5}},"line":137},"10":{"name":"(anonymous_10)","decl":{"start":{"line":173,"column":22},"end":{"line":173,"column":23}},"loc":{"start":{"line":173,"column":33},"end":{"line":173,"column":58}},"line":173},"11":{"name":"(anonymous_11)","decl":{"start":{"line":205,"column":82},"end":{"line":205,"column":83}},"loc":{"start":{"line":205,"column":87},"end":{"line":205,"column":97}},"line":205},"12":{"name":"(anonymous_12)","decl":{"start":{"line":230,"column":18},"end":{"line":230,"column":19}},"loc":{"start":{"line":231,"column":14},"end":{"line":242,"column":23}},"line":231},"13":{"name":"(anonymous_13)","decl":{"start":{"line":233,"column":25},"end":{"line":233,"column":26}},"loc":{"start":{"line":233,"column":31},"end":{"line":233,"column":58}},"line":233},"14":{"name":"(anonymous_14)","decl":{"start":{"line":273,"column":87},"end":{"line":273,"column":88}},"loc":{"start":{"line":273,"column":92},"end":{"line":273,"column":102}},"line":273},"15":{"name":"(anonymous_15)","decl":{"start":{"line":278,"column":51},"end":{"line":278,"column":52}},"loc":{"start":{"line":278,"column":63},"end":{"line":278,"column":95}},"line":278},"16":{"name":"(anonymous_16)","decl":{"start":{"line":284,"column":40},"end":{"line":284,"column":41}},"loc":{"start":{"line":284,"column":52},"end":{"line":284,"column":83}},"line":284},"17":{"name":"(anonymous_17)","decl":{"start":{"line":293,"column":47},"end":{"line":293,"column":48}},"loc":{"start":{"line":294,"column":22},"end":{"line":302,"column":28}},"line":294},"18":{"name":"(anonymous_18)","decl":{"start":{"line":322,"column":33},"end":{"line":322,"column":34}},"loc":{"start":{"line":323,"column":20},"end":{"line":361,"column":26}},"line":323},"19":{"name":"(anonymous_19)","decl":{"start":{"line":352,"column":35},"end":{"line":352,"column":36}},"loc":{"start":{"line":352,"column":41},"end":{"line":352,"column":69}},"line":352},"20":{"name":"(anonymous_20)","decl":{"start":{"line":402,"column":24},"end":{"line":402,"column":25}},"loc":{"start":{"line":402,"column":38},"end":{"line":405,"column":17}},"line":402}},"branchMap":{"0":{"loc":{"start":{"line":106,"column":4},"end":{"line":109,"column":5}},"type":"if","locations":[{"start":{"line":106,"column":4},"end":{"line":109,"column":5}},{"start":{},"end":{}}],"line":106},"1":{"loc":{"start":{"line":106,"column":8},"end":{"line":106,"column":85}},"type":"binary-expr","locations":[{"start":{"line":106,"column":8},"end":{"line":106,"column":20}},{"start":{"line":106,"column":24},"end":{"line":106,"column":51}},{"start":{"line":106,"column":55},"end":{"line":106,"column":85}}],"line":106},"2":{"loc":{"start":{"line":122,"column":39},"end":{"line":122,"column":88}},"type":"cond-expr","locations":[{"start":{"line":122,"column":69},"end":{"line":122,"column":84}},{"start":{"line":122,"column":87},"end":{"line":122,"column":88}}],"line":122},"3":{"loc":{"start":{"line":138,"column":6},"end":{"line":166,"column":7}},"type":"if","locations":[{"start":{"line":138,"column":6},"end":{"line":166,"column":7}},{"start":{},"end":{}}],"line":138},"4":{"loc":{"start":{"line":141,"column":8},"end":{"line":159,"column":9}},"type":"switch","locations":[{"start":{"line":142,"column":10},"end":{"line":144,"column":18}},{"start":{"line":145,"column":10},"end":{"line":147,"column":18}},{"start":{"line":148,"column":10},"end":{"line":150,"column":18}},{"start":{"line":151,"column":10},"end":{"line":158,"column":18}}],"line":141},"5":{"loc":{"start":{"line":152,"column":12},"end":{"line":157,"column":13}},"type":"if","locations":[{"start":{"line":152,"column":12},"end":{"line":157,"column":13}},{"start":{},"end":{}}],"line":152},"6":{"loc":{"start":{"line":176,"column":2},"end":{"line":185,"column":3}},"type":"if","locations":[{"start":{"line":176,"column":2},"end":{"line":185,"column":3}},{"start":{},"end":{}}],"line":176},"7":{"loc":{"start":{"line":227,"column":18},"end":{"line":227,"column":108}},"type":"cond-expr","locations":[{"start":{"line":227,"column":50},"end":{"line":227,"column":103}},{"start":{"line":227,"column":106},"end":{"line":227,"column":108}}],"line":227},"8":{"loc":{"start":{"line":228,"column":18},"end":{"line":228,"column":105}},"type":"cond-expr","locations":[{"start":{"line":228,"column":49},"end":{"line":228,"column":100}},{"start":{"line":228,"column":103},"end":{"line":228,"column":105}}],"line":228},"9":{"loc":{"start":{"line":229,"column":18},"end":{"line":229,"column":113}},"type":"cond-expr","locations":[{"start":{"line":229,"column":55},"end":{"line":229,"column":108}},{"start":{"line":229,"column":111},"end":{"line":229,"column":113}}],"line":229},"10":{"loc":{"start":{"line":235,"column":18},"end":{"line":237,"column":98}},"type":"cond-expr","locations":[{"start":{"line":236,"column":22},"end":{"line":236,"column":53}},{"start":{"line":237,"column":22},"end":{"line":237,"column":98}}],"line":235},"11":{"loc":{"start":{"line":251,"column":11},"end":{"line":308,"column":11}},"type":"binary-expr","locations":[{"start":{"line":251,"column":11},"end":{"line":251,"column":35}},{"start":{"line":252,"column":12},"end":{"line":307,"column":25}}],"line":251},"12":{"loc":{"start":{"line":267,"column":21},"end":{"line":269,"column":21}},"type":"binary-expr","locations":[{"start":{"line":267,"column":21},"end":{"line":267,"column":33}},{"start":{"line":267,"column":37},"end":{"line":267,"column":64}},{"start":{"line":267,"column":68},"end":{"line":267,"column":98}},{"start":{"line":268,"column":22},"end":{"line":268,"column":98}}],"line":267},"13":{"loc":{"start":{"line":310,"column":11},"end":{"line":366,"column":11}},"type":"binary-expr","locations":[{"start":{"line":310,"column":11},"end":{"line":310,"column":36}},{"start":{"line":311,"column":12},"end":{"line":365,"column":25}}],"line":310},"14":{"loc":{"start":{"line":331,"column":26},"end":{"line":333,"column":55}},"type":"cond-expr","locations":[{"start":{"line":332,"column":30},"end":{"line":332,"column":59}},{"start":{"line":333,"column":30},"end":{"line":333,"column":55}}],"line":331},"15":{"loc":{"start":{"line":335,"column":27},"end":{"line":335,"column":68}},"type":"cond-expr","locations":[{"start":{"line":335,"column":47},"end":{"line":335,"column":55}},{"start":{"line":335,"column":58},"end":{"line":335,"column":68}}],"line":335},"16":{"loc":{"start":{"line":368,"column":11},"end":{"line":378,"column":11}},"type":"binary-expr","locations":[{"start":{"line":368,"column":11},"end":{"line":368,"column":34}},{"start":{"line":369,"column":12},"end":{"line":377,"column":25}}],"line":368},"17":{"loc":{"start":{"line":380,"column":11},"end":{"line":390,"column":11}},"type":"binary-expr","locations":[{"start":{"line":380,"column":11},"end":{"line":380,"column":36}},{"start":{"line":380,"column":40},"end":{"line":380,"column":69}},{"start":{"line":381,"column":12},"end":{"line":389,"column":25}}],"line":380},"18":{"loc":{"start":{"line":392,"column":11},"end":{"line":408,"column":11}},"type":"binary-expr","locations":[{"start":{"line":392,"column":11},"end":{"line":392,"column":35}},{"start":{"line":392,"column":39},"end":{"line":392,"column":67}},{"start":{"line":393,"column":12},"end":{"line":407,"column":25}}],"line":392},"19":{"loc":{"start":{"line":410,"column":11},"end":{"line":423,"column":11}},"type":"binary-expr","locations":[{"start":{"line":410,"column":11},"end":{"line":410,"column":31}},{"start":{"line":410,"column":35},"end":{"line":410,"column":69}},{"start":{"line":411,"column":12},"end":{"line":422,"column":25}}],"line":410},"20":{"loc":{"start":{"line":429,"column":9},"end":{"line":435,"column":9}},"type":"binary-expr","locations":[{"start":{"line":429,"column":9},"end":{"line":429,"column":28}},{"start":{"line":429,"column":32},"end":{"line":429,"column":48}},{"start":{"line":430,"column":10},"end":{"line":434,"column":12}}],"line":429}},"s":{"0":0,"1":0,"2":0,"3":0,"4":0,"5":0,"6":0,"7":0,"8":0,"9":0,"10":0,"11":0,"12":0,"13":0,"14":0,"15":0,"16":0,"17":0,"18":0,"19":0,"20":0,"21":0,"22":0,"23":0,"24":0,"25":0,"26":0,"27":0,"28":0,"29":0,"30":0,"31":0,"32":0,"33":0,"34":0,"35":0,"36":0,"37":0,"38":0,"39":0,"40":0,"41":0,"42":0,"43":0,"44":0,"45":0,"46":0,"47":0,"48":0,"49":0,"50":0,"51":0,"52":0,"53":0,"54":0,"55":0,"56":0,"57":0,"58":0,"59":0,"60":0,"61":0,"62":0,"63":0,"64":0,"65":0},"f":{"0":0,"1":0,"2":0,"3":0,"4":0,"5":0,"6":0,"7":0,"8":0,"9":0,"10":0,"11":0,"12":0,"13":0,"14":0,"15":0,"16":0,"17":0,"18":0,"19":0,"20":0},"b":{"0":[0,0],"1":[0,0,0],"2":[0,0],"3":[0,0],"4":[0,0,0,0],"5":[0,0],"6":[0,0],"7":[0,0],"8":[0,0],"9":[0,0],"10":[0,0],"11":[0,0],"12":[0,0,0,0],"13":[0,0],"14":[0,0],"15":[0,0],"16":[0,0],"17":[0,0,0],"18":[0,0,0],"19":[0,0,0],"20":[0,0,0]}}
,"/Users/allendunn/Documents/Stream/stream-soundboard/src/components/AnalyticsDashboard.tsx": {"path":"/Users/allendunn/Documents/Stream/stream-soundboard/src/components/AnalyticsDashboard.tsx","statementMap":{"0":{"start":{"line":13,"column":37},"end":{"line":169,"column":1}},"1":{"start":{"line":14,"column":44},"end":{"line":14,"column":80}},"2":{"start":{"line":15,"column":36},"end":{"line":15,"column":51}},"3":{"start":{"line":17,"column":2},"end":{"line":22,"column":9}},"4":{"start":{"line":19,"column":4},"end":{"line":21,"column":5}},"5":{"start":{"line":20,"column":6},"end":{"line":20,"column":25}},"6":{"start":{"line":24,"column":28},"end":{"line":41,"column":3}},"7":{"start":{"line":25,"column":19},"end":{"line":25,"column":47}},"8":{"start":{"line":26,"column":22},"end":{"line":26,"column":53}},"9":{"start":{"line":28,"column":29},"end":{"line":28,"column":79}},"10":{"start":{"line":28,"column":48},"end":{"line":28,"column":78}},"11":{"start":{"line":29,"column":19},"end":{"line":29,"column":58}},"12":{"start":{"line":29,"column":38},"end":{"line":29,"column":57}},"13":{"start":{"line":30,"column":30},"end":{"line":30,"column":81}},"14":{"start":{"line":30,"column":49},"end":{"line":30,"column":80}},"15":{"start":{"line":31,"column":21},"end":{"line":31,"column":63}},"16":{"start":{"line":31,"column":40},"end":{"line":31,"column":62}},"17":{"start":{"line":33,"column":4},"end":{"line":40,"column":7}},"18":{"start":{"line":43,"column":21},"end":{"line":45,"column":3}},"19":{"start":{"line":44,"column":4},"end":{"line":44,"column":52}},"20":{"start":{"line":47,"column":25},"end":{"line":49,"column":3}},"21":{"start":{"line":48,"column":4},"end":{"line":48,"column":32}},"22":{"start":{"line":51,"column":2},"end":{"line":51,"column":30}},"23":{"start":{"line":51,"column":18},"end":{"line":51,"column":30}},"24":{"start":{"line":53,"column":2},"end":{"line":168,"column":4}},"25":{"start":{"line":104,"column":20},"end":{"line":114,"column":26}},"26":{"start":{"line":110,"column":28},"end":{"line":110,"column":90}},"27":{"start":{"line":126,"column":20},"end":{"line":130,"column":26}},"28":{"start":{"line":142,"column":20},"end":{"line":146,"column":26}},"29":{"start":{"line":161,"column":25},"end":{"line":161,"column":55}}},"fnMap":{"0":{"name":"(anonymous_0)","decl":{"start":{"line":13,"column":37},"end":{"line":13,"column":38}},"loc":{"start":{"line":13,"column":43},"end":{"line":169,"column":1}},"line":13},"1":{"name":"(anonymous_1)","decl":{"start":{"line":17,"column":12},"end":{"line":17,"column":13}},"loc":{"start":{"line":17,"column":18},"end":{"line":22,"column":3}},"line":17},"2":{"name":"(anonymous_2)","decl":{"start":{"line":24,"column":28},"end":{"line":24,"column":29}},"loc":{"start":{"line":24,"column":34},"end":{"line":41,"column":3}},"line":24},"3":{"name":"(anonymous_3)","decl":{"start":{"line":28,"column":43},"end":{"line":28,"column":44}},"loc":{"start":{"line":28,"column":48},"end":{"line":28,"column":78}},"line":28},"4":{"name":"(anonymous_4)","decl":{"start":{"line":29,"column":33},"end":{"line":29,"column":34}},"loc":{"start":{"line":29,"column":38},"end":{"line":29,"column":57}},"line":29},"5":{"name":"(anonymous_5)","decl":{"start":{"line":30,"column":44},"end":{"line":30,"column":45}},"loc":{"start":{"line":30,"column":49},"end":{"line":30,"column":80}},"line":30},"6":{"name":"(anonymous_6)","decl":{"start":{"line":31,"column":35},"end":{"line":31,"column":36}},"loc":{"start":{"line":31,"column":40},"end":{"line":31,"column":62}},"line":31},"7":{"name":"(anonymous_7)","decl":{"start":{"line":43,"column":21},"end":{"line":43,"column":22}},"loc":{"start":{"line":43,"column":44},"end":{"line":45,"column":3}},"line":43},"8":{"name":"(anonymous_8)","decl":{"start":{"line":47,"column":25},"end":{"line":47,"column":26}},"loc":{"start":{"line":47,"column":41},"end":{"line":49,"column":3}},"line":47},"9":{"name":"(anonymous_9)","decl":{"start":{"line":103,"column":64},"end":{"line":103,"column":65}},"loc":{"start":{"line":104,"column":20},"end":{"line":114,"column":26}},"line":104},"10":{"name":"(anonymous_10)","decl":{"start":{"line":109,"column":69},"end":{"line":109,"column":70}},"loc":{"start":{"line":110,"column":28},"end":{"line":110,"column":90}},"line":110},"11":{"name":"(anonymous_11)","decl":{"start":{"line":125,"column":54},"end":{"line":125,"column":55}},"loc":{"start":{"line":126,"column":20},"end":{"line":130,"column":26}},"line":126},"12":{"name":"(anonymous_12)","decl":{"start":{"line":141,"column":65},"end":{"line":141,"column":66}},"loc":{"start":{"line":142,"column":20},"end":{"line":146,"column":26}},"line":142},"13":{"name":"(anonymous_13)","decl":{"start":{"line":161,"column":19},"end":{"line":161,"column":20}},"loc":{"start":{"line":161,"column":25},"end":{"line":161,"column":55}},"line":161}},"branchMap":{"0":{"loc":{"start":{"line":19,"column":4},"end":{"line":21,"column":5}},"type":"if","locations":[{"start":{"line":19,"column":4},"end":{"line":21,"column":5}},{"start":{},"end":{}}],"line":19},"1":{"loc":{"start":{"line":36,"column":26},"end":{"line":36,"column":49}},"type":"binary-expr","locations":[{"start":{"line":36,"column":26},"end":{"line":36,"column":43}},{"start":{"line":36,"column":47},"end":{"line":36,"column":49}}],"line":36},"2":{"loc":{"start":{"line":51,"column":2},"end":{"line":51,"column":30}},"type":"if","locations":[{"start":{"line":51,"column":2},"end":{"line":51,"column":30}},{"start":{},"end":{}}],"line":51},"3":{"loc":{"start":{"line":69,"column":9},"end":{"line":156,"column":9}},"type":"cond-expr","locations":[{"start":{"line":70,"column":10},"end":{"line":151,"column":16}},{"start":{"line":153,"column":10},"end":{"line":155,"column":16}}],"line":69},"4":{"loc":{"start":{"line":84,"column":13},"end":{"line":96,"column":13}},"type":"binary-expr","locations":[{"start":{"line":84,"column":13},"end":{"line":84,"column":45}},{"start":{"line":85,"column":14},"end":{"line":95,"column":20}}],"line":84},"5":{"loc":{"start":{"line":88,"column":50},"end":{"line":88,"column":100}},"type":"binary-expr","locations":[{"start":{"line":88,"column":50},"end":{"line":88,"column":95}},{"start":{"line":88,"column":99},"end":{"line":88,"column":100}}],"line":88},"6":{"loc":{"start":{"line":89,"column":51},"end":{"line":89,"column":108}},"type":"binary-expr","locations":[{"start":{"line":89,"column":51},"end":{"line":89,"column":103}},{"start":{"line":89,"column":107},"end":{"line":89,"column":108}}],"line":89},"7":{"loc":{"start":{"line":90,"column":51},"end":{"line":90,"column":102}},"type":"binary-expr","locations":[{"start":{"line":90,"column":51},"end":{"line":90,"column":97}},{"start":{"line":90,"column":101},"end":{"line":90,"column":102}}],"line":90},"8":{"loc":{"start":{"line":91,"column":34},"end":{"line":91,"column":83}},"type":"binary-expr","locations":[{"start":{"line":91,"column":34},"end":{"line":91,"column":78}},{"start":{"line":91,"column":82},"end":{"line":91,"column":83}}],"line":91},"9":{"loc":{"start":{"line":92,"column":39},"end":{"line":92,"column":89}},"type":"binary-expr","locations":[{"start":{"line":92,"column":39},"end":{"line":92,"column":84}},{"start":{"line":92,"column":88},"end":{"line":92,"column":89}}],"line":92},"10":{"loc":{"start":{"line":93,"column":38},"end":{"line":93,"column":94}},"type":"cond-expr","locations":[{"start":{"line":93,"column":85},"end":{"line":93,"column":88}},{"start":{"line":93,"column":91},"end":{"line":93,"column":94}}],"line":93},"11":{"loc":{"start":{"line":99,"column":13},"end":{"line":118,"column":13}},"type":"binary-expr","locations":[{"start":{"line":99,"column":13},"end":{"line":99,"column":54}},{"start":{"line":100,"column":14},"end":{"line":117,"column":20}}],"line":99},"12":{"loc":{"start":{"line":107,"column":23},"end":{"line":113,"column":23}},"type":"binary-expr","locations":[{"start":{"line":107,"column":23},"end":{"line":107,"column":44}},{"start":{"line":108,"column":24},"end":{"line":112,"column":30}}],"line":107},"13":{"loc":{"start":{"line":121,"column":13},"end":{"line":134,"column":13}},"type":"binary-expr","locations":[{"start":{"line":121,"column":13},"end":{"line":121,"column":44}},{"start":{"line":122,"column":14},"end":{"line":133,"column":20}}],"line":121},"14":{"loc":{"start":{"line":137,"column":13},"end":{"line":150,"column":13}},"type":"binary-expr","locations":[{"start":{"line":137,"column":13},"end":{"line":137,"column":55}},{"start":{"line":138,"column":14},"end":{"line":149,"column":20}}],"line":137}},"s":{"0":0,"1":0,"2":0,"3":0,"4":0,"5":0,"6":0,"7":0,"8":0,"9":0,"10":0,"11":0,"12":0,"13":0,"14":0,"15":0,"16":0,"17":0,"18":0,"19":0,"20":0,"21":0,"22":0,"23":0,"24":0,"25":0,"26":0,"27":0,"28":0,"29":0},"f":{"0":0,"1":0,"2":0,"3":0,"4":0,"5":0,"6":0,"7":0,"8":0,"9":0,"10":0,"11":0,"12":0,"13":0},"b":{"0":[0,0],"1":[0,0],"2":[0,0],"3":[0,0],"4":[0,0],"5":[0,0],"6":[0,0],"7":[0,0],"8":[0,0],"9":[0,0],"10":[0,0],"11":[0,0],"12":[0,0],"13":[0,0],"14":[0,0]}}
,"/Users/allendunn/Documents/Stream/stream-soundboard/src/components/AuthFlow.tsx": {"path":"/Users/allendunn/Documents/Stream/stream-soundboard/src/components/AuthFlow.tsx","statementMap":{"0":{"start":{"line":10,"column":42},"end":{"line":222,"column":1}},"1":{"start":{"line":11,"column":32},"end":{"line":11,"column":47}},"2":{"start":{"line":12,"column":28},"end":{"line":12,"column":40}},"3":{"start":{"line":13,"column":34},"end":{"line":13,"column":77}},"4":{"start":{"line":14,"column":26},"end":{"line":14,"column":46}},"5":{"start":{"line":16,"column":23},"end":{"line":33,"column":3}},"6":{"start":{"line":17,"column":4},"end":{"line":17,"column":23}},"7":{"start":{"line":19,"column":4},"end":{"line":19,"column":30}},"8":{"start":{"line":19,"column":23},"end":{"line":19,"column":30}},"9":{"start":{"line":21,"column":23},"end":{"line":21,"column":27}},"10":{"start":{"line":22,"column":4},"end":{"line":29,"column":5}},"11":{"start":{"line":24,"column":6},"end":{"line":28,"column":7}},"12":{"start":{"line":25,"column":8},"end":{"line":25,"column":29}},"13":{"start":{"line":27,"column":8},"end":{"line":27,"column":38}},"14":{"start":{"line":31,"column":17},"end":{"line":31,"column":70}},"15":{"start":{"line":32,"column":4},"end":{"line":32,"column":24}},"16":{"start":{"line":35,"column":26},"end":{"line":38,"column":3}},"17":{"start":{"line":36,"column":21},"end":{"line":36,"column":44}},"18":{"start":{"line":37,"column":4},"end":{"line":37,"column":28}},"19":{"start":{"line":40,"column":2},"end":{"line":221,"column":4}},"20":{"start":{"line":66,"column":29},"end":{"line":66,"column":52}},"21":{"start":{"line":78,"column":29},"end":{"line":78,"column":50}},"22":{"start":{"line":102,"column":35},"end":{"line":102,"column":53}},"23":{"start":{"line":116,"column":35},"end":{"line":116,"column":49}},"24":{"start":{"line":133,"column":35},"end":{"line":133,"column":58}},"25":{"start":{"line":147,"column":35},"end":{"line":147,"column":59}},"26":{"start":{"line":175,"column":31},"end":{"line":175,"column":55}},"27":{"start":{"line":203,"column":27},"end":{"line":203,"column":47}}},"fnMap":{"0":{"name":"(anonymous_0)","decl":{"start":{"line":10,"column":42},"end":{"line":10,"column":43}},"loc":{"start":{"line":10,"column":80},"end":{"line":222,"column":1}},"line":10},"1":{"name":"(anonymous_1)","decl":{"start":{"line":16,"column":23},"end":{"line":16,"column":24}},"loc":{"start":{"line":16,"column":47},"end":{"line":33,"column":3}},"line":16},"2":{"name":"(anonymous_2)","decl":{"start":{"line":35,"column":26},"end":{"line":35,"column":27}},"loc":{"start":{"line":35,"column":32},"end":{"line":38,"column":3}},"line":35},"3":{"name":"(anonymous_3)","decl":{"start":{"line":66,"column":23},"end":{"line":66,"column":24}},"loc":{"start":{"line":66,"column":29},"end":{"line":66,"column":52}},"line":66},"4":{"name":"(anonymous_4)","decl":{"start":{"line":78,"column":23},"end":{"line":78,"column":24}},"loc":{"start":{"line":78,"column":29},"end":{"line":78,"column":50}},"line":78},"5":{"name":"(anonymous_5)","decl":{"start":{"line":102,"column":29},"end":{"line":102,"column":30}},"loc":{"start":{"line":102,"column":35},"end":{"line":102,"column":53}},"line":102},"6":{"name":"(anonymous_6)","decl":{"start":{"line":116,"column":29},"end":{"line":116,"column":30}},"loc":{"start":{"line":116,"column":35},"end":{"line":116,"column":49}},"line":116},"7":{"name":"(anonymous_7)","decl":{"start":{"line":133,"column":29},"end":{"line":133,"column":30}},"loc":{"start":{"line":133,"column":35},"end":{"line":133,"column":58}},"line":133},"8":{"name":"(anonymous_8)","decl":{"start":{"line":147,"column":29},"end":{"line":147,"column":30}},"loc":{"start":{"line":147,"column":35},"end":{"line":147,"column":59}},"line":147},"9":{"name":"(anonymous_9)","decl":{"start":{"line":175,"column":24},"end":{"line":175,"column":25}},"loc":{"start":{"line":175,"column":31},"end":{"line":175,"column":55}},"line":175},"10":{"name":"(anonymous_10)","decl":{"start":{"line":203,"column":21},"end":{"line":203,"column":22}},"loc":{"start":{"line":203,"column":27},"end":{"line":203,"column":47}},"line":203}},"branchMap":{"0":{"loc":{"start":{"line":19,"column":4},"end":{"line":19,"column":30}},"type":"if","locations":[{"start":{"line":19,"column":4},"end":{"line":19,"column":30}},{"start":{},"end":{}}],"line":19},"1":{"loc":{"start":{"line":22,"column":4},"end":{"line":29,"column":5}},"type":"if","locations":[{"start":{"line":22,"column":4},"end":{"line":29,"column":5}},{"start":{},"end":{}}],"line":22},"2":{"loc":{"start":{"line":24,"column":6},"end":{"line":28,"column":7}},"type":"if","locations":[{"start":{"line":24,"column":6},"end":{"line":28,"column":7}},{"start":{"line":26,"column":13},"end":{"line":28,"column":7}}],"line":24},"3":{"loc":{"start":{"line":51,"column":13},"end":{"line":51,"column":53}},"type":"cond-expr","locations":[{"start":{"line":51,"column":23},"end":{"line":51,"column":37}},{"start":{"line":51,"column":40},"end":{"line":51,"column":53}}],"line":51},"4":{"loc":{"start":{"line":54,"column":13},"end":{"line":54,"column":72}},"type":"cond-expr","locations":[{"start":{"line":54,"column":23},"end":{"line":54,"column":48}},{"start":{"line":54,"column":51},"end":{"line":54,"column":72}}],"line":54},"5":{"loc":{"start":{"line":68,"column":16},"end":{"line":70,"column":84}},"type":"cond-expr","locations":[{"start":{"line":69,"column":20},"end":{"line":69,"column":81}},{"start":{"line":70,"column":20},"end":{"line":70,"column":84}}],"line":68},"6":{"loc":{"start":{"line":80,"column":16},"end":{"line":82,"column":84}},"type":"cond-expr","locations":[{"start":{"line":81,"column":20},"end":{"line":81,"column":81}},{"start":{"line":82,"column":20},"end":{"line":82,"column":84}}],"line":80},"7":{"loc":{"start":{"line":92,"column":9},"end":{"line":163,"column":9}},"type":"binary-expr","locations":[{"start":{"line":92,"column":9},"end":{"line":92,"column":17}},{"start":{"line":93,"column":10},"end":{"line":162,"column":16}}],"line":92},"8":{"loc":{"start":{"line":98,"column":15},"end":{"line":160,"column":15}},"type":"cond-expr","locations":[{"start":{"line":99,"column":16},"end":{"line":128,"column":19}},{"start":{"line":130,"column":16},"end":{"line":159,"column":19}}],"line":98},"9":{"loc":{"start":{"line":104,"column":22},"end":{"line":106,"column":90}},"type":"cond-expr","locations":[{"start":{"line":105,"column":26},"end":{"line":105,"column":87}},{"start":{"line":106,"column":26},"end":{"line":106,"column":90}}],"line":104},"10":{"loc":{"start":{"line":118,"column":22},"end":{"line":120,"column":90}},"type":"cond-expr","locations":[{"start":{"line":119,"column":26},"end":{"line":119,"column":87}},{"start":{"line":120,"column":26},"end":{"line":120,"column":90}}],"line":118},"11":{"loc":{"start":{"line":135,"column":22},"end":{"line":137,"column":90}},"type":"cond-expr","locations":[{"start":{"line":136,"column":26},"end":{"line":136,"column":87}},{"start":{"line":137,"column":26},"end":{"line":137,"column":90}}],"line":135},"12":{"loc":{"start":{"line":149,"column":22},"end":{"line":151,"column":90}},"type":"cond-expr","locations":[{"start":{"line":150,"column":26},"end":{"line":150,"column":87}},{"start":{"line":151,"column":26},"end":{"line":151,"column":90}}],"line":149},"13":{"loc":{"start":{"line":186,"column":13},"end":{"line":186,"column":51}},"type":"cond-expr","locations":[{"start":{"line":186,"column":23},"end":{"line":186,"column":32}},{"start":{"line":186,"column":35},"end":{"line":186,"column":51}}],"line":186},"14":{"loc":{"start":{"line":206,"column":13},"end":{"line":206,"column":92}},"type":"cond-expr","locations":[{"start":{"line":206,"column":23},"end":{"line":206,"column":55}},{"start":{"line":206,"column":58},"end":{"line":206,"column":92}}],"line":206}},"s":{"0":0,"1":0,"2":0,"3":0,"4":0,"5":0,"6":0,"7":0,"8":0,"9":0,"10":0,"11":0,"12":0,"13":0,"14":0,"15":0,"16":0,"17":0,"18":0,"19":0,"20":0,"21":0,"22":0,"23":0,"24":0,"25":0,"26":0,"27":0},"f":{"0":0,"1":0,"2":0,"3":0,"4":0,"5":0,"6":0,"7":0,"8":0,"9":0,"10":0},"b":{"0":[0,0],"1":[0,0],"2":[0,0],"3":[0,0],"4":[0,0],"5":[0,0],"6":[0,0],"7":[0,0],"8":[0,0],"9":[0,0],"10":[0,0],"11":[0,0],"12":[0,0],"13":[0,0],"14":[0,0]}}
,"/Users/allendunn/Documents/Stream/stream-soundboard/src/components/BrandingCustomization.tsx": {"path":"/Users/allendunn/Documents/Stream/stream-soundboard/src/components/BrandingCustomization.tsx","statementMap":{"0":{"start":{"line":9,"column":68},"end":{"line":354,"column":1}},"1":{"start":{"line":10,"column":34},"end":{"line":20,"column":4}},"2":{"start":{"line":22,"column":40},"end":{"line":22,"column":55}},"3":{"start":{"line":24,"column":28},"end":{"line":26,"column":3}},"4":{"start":{"line":25,"column":4},"end":{"line":25,"column":55}},"5":{"start":{"line":25,"column":25},"end":{"line":25,"column":52}},"6":{"start":{"line":28,"column":21},"end":{"line":30,"column":3}},"7":{"start":{"line":29,"column":4},"end":{"line":29,"column":21}},"8":{"start":{"line":32,"column":22},"end":{"line":38,"column":3}},"9":{"start":{"line":40,"column":30},"end":{"line":46,"column":3}},"10":{"start":{"line":48,"column":24},"end":{"line":54,"column":3}},"11":{"start":{"line":56,"column":2},"end":{"line":353,"column":4}},"12":{"start":{"line":62,"column":27},"end":{"line":62,"column":55}},"13":{"start":{"line":130,"column":37},"end":{"line":130,"column":86}},"14":{"start":{"line":136,"column":37},"end":{"line":136,"column":86}},"15":{"start":{"line":151,"column":37},"end":{"line":151,"column":88}},"16":{"start":{"line":157,"column":37},"end":{"line":157,"column":88}},"17":{"start":{"line":172,"column":37},"end":{"line":172,"column":85}},"18":{"start":{"line":178,"column":37},"end":{"line":178,"column":85}},"19":{"start":{"line":198,"column":35},"end":{"line":198,"column":82}},"20":{"start":{"line":202,"column":20},"end":{"line":204,"column":29}},"21":{"start":{"line":215,"column":35},"end":{"line":215,"column":84}},"22":{"start":{"line":219,"column":20},"end":{"line":221,"column":29}},"23":{"start":{"line":232,"column":35},"end":{"line":232,"column":83}},"24":{"start":{"line":236,"column":20},"end":{"line":238,"column":29}},"25":{"start":{"line":255,"column":33},"end":{"line":255,"column":79}}},"fnMap":{"0":{"name":"(anonymous_0)","decl":{"start":{"line":9,"column":68},"end":{"line":9,"column":69}},"loc":{"start":{"line":9,"column":92},"end":{"line":354,"column":1}},"line":9},"1":{"name":"(anonymous_1)","decl":{"start":{"line":24,"column":28},"end":{"line":24,"column":29}},"loc":{"start":{"line":24,"column":76},"end":{"line":26,"column":3}},"line":24},"2":{"name":"(anonymous_2)","decl":{"start":{"line":25,"column":16},"end":{"line":25,"column":17}},"loc":{"start":{"line":25,"column":25},"end":{"line":25,"column":52}},"line":25},"3":{"name":"(anonymous_3)","decl":{"start":{"line":28,"column":21},"end":{"line":28,"column":22}},"loc":{"start":{"line":28,"column":27},"end":{"line":30,"column":3}},"line":28},"4":{"name":"(anonymous_4)","decl":{"start":{"line":62,"column":21},"end":{"line":62,"column":22}},"loc":{"start":{"line":62,"column":27},"end":{"line":62,"column":55}},"line":62},"5":{"name":"(anonymous_5)","decl":{"start":{"line":130,"column":30},"end":{"line":130,"column":31}},"loc":{"start":{"line":130,"column":37},"end":{"line":130,"column":86}},"line":130},"6":{"name":"(anonymous_6)","decl":{"start":{"line":136,"column":30},"end":{"line":136,"column":31}},"loc":{"start":{"line":136,"column":37},"end":{"line":136,"column":86}},"line":136},"7":{"name":"(anonymous_7)","decl":{"start":{"line":151,"column":30},"end":{"line":151,"column":31}},"loc":{"start":{"line":151,"column":37},"end":{"line":151,"column":88}},"line":151},"8":{"name":"(anonymous_8)","decl":{"start":{"line":157,"column":30},"end":{"line":157,"column":31}},"loc":{"start":{"line":157,"column":37},"end":{"line":157,"column":88}},"line":157},"9":{"name":"(anonymous_9)","decl":{"start":{"line":172,"column":30},"end":{"line":172,"column":31}},"loc":{"start":{"line":172,"column":37},"end":{"line":172,"column":85}},"line":172},"10":{"name":"(anonymous_10)","decl":{"start":{"line":178,"column":30},"end":{"line":178,"column":31}},"loc":{"start":{"line":178,"column":37},"end":{"line":178,"column":85}},"line":178},"11":{"name":"(anonymous_11)","decl":{"start":{"line":198,"column":28},"end":{"line":198,"column":29}},"loc":{"start":{"line":198,"column":35},"end":{"line":198,"column":82}},"line":198},"12":{"name":"(anonymous_12)","decl":{"start":{"line":201,"column":35},"end":{"line":201,"column":36}},"loc":{"start":{"line":202,"column":20},"end":{"line":204,"column":29}},"line":202},"13":{"name":"(anonymous_13)","decl":{"start":{"line":215,"column":28},"end":{"line":215,"column":29}},"loc":{"start":{"line":215,"column":35},"end":{"line":215,"column":84}},"line":215},"14":{"name":"(anonymous_14)","decl":{"start":{"line":218,"column":43},"end":{"line":218,"column":44}},"loc":{"start":{"line":219,"column":20},"end":{"line":221,"column":29}},"line":219},"15":{"name":"(anonymous_15)","decl":{"start":{"line":232,"column":28},"end":{"line":232,"column":29}},"loc":{"start":{"line":232,"column":35},"end":{"line":232,"column":83}},"line":232},"16":{"name":"(anonymous_16)","decl":{"start":{"line":235,"column":37},"end":{"line":235,"column":38}},"loc":{"start":{"line":236,"column":20},"end":{"line":238,"column":29}},"line":236},"17":{"name":"(anonymous_17)","decl":{"start":{"line":255,"column":26},"end":{"line":255,"column":27}},"loc":{"start":{"line":255,"column":33},"end":{"line":255,"column":79}},"line":255}},"branchMap":{"0":{"loc":{"start":{"line":64,"column":14},"end":{"line":66,"column":62}},"type":"cond-expr","locations":[{"start":{"line":65,"column":18},"end":{"line":65,"column":42}},{"start":{"line":66,"column":18},"end":{"line":66,"column":62}}],"line":64},"1":{"loc":{"start":{"line":69,"column":13},"end":{"line":69,"column":58}},"type":"cond-expr","locations":[{"start":{"line":69,"column":27},"end":{"line":69,"column":41}},{"start":{"line":69,"column":44},"end":{"line":69,"column":58}}],"line":69},"2":{"loc":{"start":{"line":272,"column":13},"end":{"line":324,"column":13}},"type":"cond-expr","locations":[{"start":{"line":273,"column":14},"end":{"line":319,"column":20}},{"start":{"line":321,"column":14},"end":{"line":323,"column":20}}],"line":272},"3":{"loc":{"start":{"line":277,"column":32},"end":{"line":280,"column":86}},"type":"cond-expr","locations":[{"start":{"line":277,"column":75},"end":{"line":277,"column":78}},{"start":{"line":278,"column":30},"end":{"line":280,"column":86}}],"line":277},"4":{"loc":{"start":{"line":278,"column":30},"end":{"line":280,"column":86}},"type":"cond-expr","locations":[{"start":{"line":278,"column":68},"end":{"line":278,"column":73}},{"start":{"line":279,"column":30},"end":{"line":280,"column":86}}],"line":278},"5":{"loc":{"start":{"line":279,"column":30},"end":{"line":280,"column":86}},"type":"cond-expr","locations":[{"start":{"line":279,"column":71},"end":{"line":279,"column":76}},{"start":{"line":280,"column":30},"end":{"line":280,"column":86}}],"line":279},"6":{"loc":{"start":{"line":280,"column":30},"end":{"line":280,"column":86}},"type":"cond-expr","locations":[{"start":{"line":280,"column":71},"end":{"line":280,"column":77}},{"start":{"line":280,"column":80},"end":{"line":280,"column":86}}],"line":280},"7":{"loc":{"start":{"line":281,"column":29},"end":{"line":285,"column":68}},"type":"cond-expr","locations":[{"start":{"line":281,"column":68},"end":{"line":281,"column":101}},{"start":{"line":282,"column":29},"end":{"line":285,"column":68}}],"line":281},"8":{"loc":{"start":{"line":282,"column":29},"end":{"line":285,"column":68}},"type":"cond-expr","locations":[{"start":{"line":282,"column":65},"end":{"line":282,"column":97}},{"start":{"line":283,"column":29},"end":{"line":285,"column":68}}],"line":282},"9":{"loc":{"start":{"line":283,"column":29},"end":{"line":285,"column":68}},"type":"cond-expr","locations":[{"start":{"line":283,"column":68},"end":{"line":283,"column":105}},{"start":{"line":284,"column":29},"end":{"line":285,"column":68}}],"line":283},"10":{"loc":{"start":{"line":284,"column":29},"end":{"line":285,"column":68}},"type":"cond-expr","locations":[{"start":{"line":284,"column":68},"end":{"line":284,"column":105}},{"start":{"line":285,"column":29},"end":{"line":285,"column":68}}],"line":284}},"s":{"0":0,"1":0,"2":0,"3":0,"4":0,"5":0,"6":0,"7":0,"8":0,"9":0,"10":0,"11":0,"12":0,"13":0,"14":0,"15":0,"16":0,"17":0,"18":0,"19":0,"20":0,"21":0,"22":0,"23":0,"24":0,"25":0},"f":{"0":0,"1":0,"2":0,"3":0,"4":0,"5":0,"6":0,"7":0,"8":0,"9":0,"10":0,"11":0,"12":0,"13":0,"14":0,"15":0,"16":0,"17":0},"b":{"0":[0,0],"1":[0,0],"2":[0,0],"3":[0,0],"4":[0,0],"5":[0,0],"6":[0,0],"7":[0,0],"8":[0,0],"9":[0,0],"10":[0,0]}}
,"/Users/allendunn/Documents/Stream/stream-soundboard/src/components/BulkOperations.tsx": {"path":"/Users/allendunn/Documents/Stream/stream-soundboard/src/components/BulkOperations.tsx","statementMap":{"0":{"start":{"line":10,"column":54},"end":{"line":281,"column":1}},"1":{"start":{"line":11,"column":52},"end":{"line":11,"column":74}},"2":{"start":{"line":12,"column":44},"end":{"line":12,"column":101}},"3":{"start":{"line":13,"column":38},"end":{"line":13,"column":71}},"4":{"start":{"line":14,"column":40},"end":{"line":14,"column":55}},"5":{"start":{"line":16,"column":26},"end":{"line":22,"column":3}},"6":{"start":{"line":17,"column":4},"end":{"line":21,"column":5}},"7":{"start":{"line":18,"column":6},"end":{"line":18,"column":31}},"8":{"start":{"line":20,"column":6},"end":{"line":20,"column":53}},"9":{"start":{"line":20,"column":46},"end":{"line":20,"column":50}},"10":{"start":{"line":24,"column":31},"end":{"line":30,"column":3}},"11":{"start":{"line":25,"column":4},"end":{"line":29,"column":6}},"12":{"start":{"line":26,"column":6},"end":{"line":28,"column":31}},"13":{"start":{"line":27,"column":28},"end":{"line":27,"column":45}},"14":{"start":{"line":32,"column":24},"end":{"line":56,"column":3}},"15":{"start":{"line":33,"column":4},"end":{"line":33,"column":47}},"16":{"start":{"line":33,"column":40},"end":{"line":33,"column":47}},"17":{"start":{"line":35,"column":4},"end":{"line":35,"column":25}},"18":{"start":{"line":37,"column":37},"end":{"line":45,"column":5}},"19":{"start":{"line":47,"column":4},"end":{"line":55,"column":5}},"20":{"start":{"line":48,"column":6},"end":{"line":48,"column":33}},"21":{"start":{"line":49,"column":6},"end":{"line":49,"column":31}},"22":{"start":{"line":50,"column":6},"end":{"line":50,"column":24}},"23":{"start":{"line":52,"column":6},"end":{"line":52,"column":53}},"24":{"start":{"line":54,"column":6},"end":{"line":54,"column":28}},"25":{"start":{"line":58,"column":30},"end":{"line":161,"column":3}},"26":{"start":{"line":59,"column":4},"end":{"line":160,"column":5}},"27":{"start":{"line":61,"column":8},"end":{"line":82,"column":10}},"28":{"start":{"line":72,"column":33},"end":{"line":72,"column":97}},"29":{"start":{"line":85,"column":8},"end":{"line":111,"column":10}},"30":{"start":{"line":95,"column":33},"end":{"line":95,"column":90}},"31":{"start":{"line":106,"column":33},"end":{"line":106,"column":99}},"32":{"start":{"line":114,"column":8},"end":{"line":135,"column":10}},"33":{"start":{"line":122,"column":33},"end":{"line":122,"column":91}},"34":{"start":{"line":138,"column":8},"end":{"line":156,"column":10}},"35":{"start":{"line":146,"column":33},"end":{"line":146,"column":88}},"36":{"start":{"line":159,"column":8},"end":{"line":159,"column":20}},"37":{"start":{"line":163,"column":2},"end":{"line":280,"column":4}},"38":{"start":{"line":182,"column":14},"end":{"line":193,"column":22}},"39":{"start":{"line":186,"column":34},"end":{"line":186,"column":67}},"40":{"start":{"line":214,"column":18},"end":{"line":214,"column":85}},"41":{"start":{"line":215,"column":18},"end":{"line":215,"column":36}},"42":{"start":{"line":234,"column":44},"end":{"line":234,"column":76}},"43":{"start":{"line":234,"column":87},"end":{"line":234,"column":93}}},"fnMap":{"0":{"name":"(anonymous_0)","decl":{"start":{"line":10,"column":54},"end":{"line":10,"column":55}},"loc":{"start":{"line":10,"column":84},"end":{"line":281,"column":1}},"line":10},"1":{"name":"(anonymous_1)","decl":{"start":{"line":16,"column":26},"end":{"line":16,"column":27}},"loc":{"start":{"line":16,"column":32},"end":{"line":22,"column":3}},"line":16},"2":{"name":"(anonymous_2)","decl":{"start":{"line":20,"column":41},"end":{"line":20,"column":42}},"loc":{"start":{"line":20,"column":46},"end":{"line":20,"column":50}},"line":20},"3":{"name":"(anonymous_3)","decl":{"start":{"line":24,"column":31},"end":{"line":24,"column":32}},"loc":{"start":{"line":24,"column":55},"end":{"line":30,"column":3}},"line":24},"4":{"name":"(anonymous_4)","decl":{"start":{"line":25,"column":25},"end":{"line":25,"column":26}},"loc":{"start":{"line":26,"column":6},"end":{"line":28,"column":31}},"line":26},"5":{"name":"(anonymous_5)","decl":{"start":{"line":27,"column":22},"end":{"line":27,"column":23}},"loc":{"start":{"line":27,"column":28},"end":{"line":27,"column":45}},"line":27},"6":{"name":"(anonymous_6)","decl":{"start":{"line":32,"column":24},"end":{"line":32,"column":25}},"loc":{"start":{"line":32,"column":36},"end":{"line":56,"column":3}},"line":32},"7":{"name":"(anonymous_7)","decl":{"start":{"line":58,"column":30},"end":{"line":58,"column":31}},"loc":{"start":{"line":58,"column":36},"end":{"line":161,"column":3}},"line":58},"8":{"name":"(anonymous_8)","decl":{"start":{"line":72,"column":26},"end":{"line":72,"column":27}},"loc":{"start":{"line":72,"column":33},"end":{"line":72,"column":97}},"line":72},"9":{"name":"(anonymous_9)","decl":{"start":{"line":95,"column":26},"end":{"line":95,"column":27}},"loc":{"start":{"line":95,"column":33},"end":{"line":95,"column":90}},"line":95},"10":{"name":"(anonymous_10)","decl":{"start":{"line":106,"column":26},"end":{"line":106,"column":27}},"loc":{"start":{"line":106,"column":33},"end":{"line":106,"column":99}},"line":106},"11":{"name":"(anonymous_11)","decl":{"start":{"line":122,"column":26},"end":{"line":122,"column":27}},"loc":{"start":{"line":122,"column":33},"end":{"line":122,"column":91}},"line":122},"12":{"name":"(anonymous_12)","decl":{"start":{"line":146,"column":26},"end":{"line":146,"column":27}},"loc":{"start":{"line":146,"column":33},"end":{"line":146,"column":88}},"line":146},"13":{"name":"(anonymous_13)","decl":{"start":{"line":181,"column":27},"end":{"line":181,"column":28}},"loc":{"start":{"line":182,"column":14},"end":{"line":193,"column":22}},"line":182},"14":{"name":"(anonymous_14)","decl":{"start":{"line":186,"column":28},"end":{"line":186,"column":29}},"loc":{"start":{"line":186,"column":34},"end":{"line":186,"column":67}},"line":186},"15":{"name":"(anonymous_15)","decl":{"start":{"line":213,"column":26},"end":{"line":213,"column":27}},"loc":{"start":{"line":213,"column":33},"end":{"line":216,"column":17}},"line":213},"16":{"name":"(anonymous_16)","decl":{"start":{"line":234,"column":39},"end":{"line":234,"column":40}},"loc":{"start":{"line":234,"column":44},"end":{"line":234,"column":76}},"line":234},"17":{"name":"(anonymous_17)","decl":{"start":{"line":234,"column":82},"end":{"line":234,"column":83}},"loc":{"start":{"line":234,"column":87},"end":{"line":234,"column":93}},"line":234}},"branchMap":{"0":{"loc":{"start":{"line":17,"column":4},"end":{"line":21,"column":5}},"type":"if","locations":[{"start":{"line":17,"column":4},"end":{"line":21,"column":5}},{"start":{"line":19,"column":11},"end":{"line":21,"column":5}}],"line":17},"1":{"loc":{"start":{"line":26,"column":6},"end":{"line":28,"column":31}},"type":"cond-expr","locations":[{"start":{"line":27,"column":10},"end":{"line":27,"column":46}},{"start":{"line":28,"column":10},"end":{"line":28,"column":31}}],"line":26},"2":{"loc":{"start":{"line":33,"column":4},"end":{"line":33,"column":47}},"type":"if","locations":[{"start":{"line":33,"column":4},"end":{"line":33,"column":47}},{"start":{},"end":{}}],"line":33},"3":{"loc":{"start":{"line":59,"column":4},"end":{"line":160,"column":5}},"type":"switch","locations":[{"start":{"line":60,"column":6},"end":{"line":82,"column":10}},{"start":{"line":84,"column":6},"end":{"line":111,"column":10}},{"start":{"line":113,"column":6},"end":{"line":135,"column":10}},{"start":{"line":137,"column":6},"end":{"line":156,"column":10}},{"start":{"line":158,"column":6},"end":{"line":159,"column":20}}],"line":59},"4":{"loc":{"start":{"line":71,"column":23},"end":{"line":71,"column":46}},"type":"binary-expr","locations":[{"start":{"line":71,"column":23},"end":{"line":71,"column":40}},{"start":{"line":71,"column":44},"end":{"line":71,"column":46}}],"line":71},"5":{"loc":{"start":{"line":77,"column":23},"end":{"line":77,"column":46}},"type":"binary-expr","locations":[{"start":{"line":77,"column":23},"end":{"line":77,"column":40}},{"start":{"line":77,"column":44},"end":{"line":77,"column":46}}],"line":77},"6":{"loc":{"start":{"line":94,"column":23},"end":{"line":94,"column":47}},"type":"binary-expr","locations":[{"start":{"line":94,"column":23},"end":{"line":94,"column":41}},{"start":{"line":94,"column":45},"end":{"line":94,"column":47}}],"line":94},"7":{"loc":{"start":{"line":105,"column":25},"end":{"line":105,"column":59}},"type":"binary-expr","locations":[{"start":{"line":105,"column":25},"end":{"line":105,"column":50}},{"start":{"line":105,"column":54},"end":{"line":105,"column":59}}],"line":105},"8":{"loc":{"start":{"line":121,"column":23},"end":{"line":121,"column":48}},"type":"binary-expr","locations":[{"start":{"line":121,"column":23},"end":{"line":121,"column":42}},{"start":{"line":121,"column":46},"end":{"line":121,"column":48}}],"line":121},"9":{"loc":{"start":{"line":145,"column":23},"end":{"line":145,"column":45}},"type":"binary-expr","locations":[{"start":{"line":145,"column":23},"end":{"line":145,"column":39}},{"start":{"line":145,"column":43},"end":{"line":145,"column":45}}],"line":145},"10":{"loc":{"start":{"line":176,"column":15},"end":{"line":176,"column":92}},"type":"cond-expr","locations":[{"start":{"line":176,"column":63},"end":{"line":176,"column":77}},{"start":{"line":176,"column":80},"end":{"line":176,"column":92}}],"line":176},"11":{"loc":{"start":{"line":198,"column":48},"end":{"line":198,"column":89}},"type":"cond-expr","locations":[{"start":{"line":198,"column":81},"end":{"line":198,"column":84}},{"start":{"line":198,"column":87},"end":{"line":198,"column":89}}],"line":198},"12":{"loc":{"start":{"line":233,"column":19},"end":{"line":235,"column":45}},"type":"cond-expr","locations":[{"start":{"line":234,"column":22},"end":{"line":234,"column":105}},{"start":{"line":235,"column":22},"end":{"line":235,"column":45}}],"line":233},"13":{"loc":{"start":{"line":253,"column":22},"end":{"line":253,"column":67}},"type":"binary-expr","locations":[{"start":{"line":253,"column":22},"end":{"line":253,"column":52}},{"start":{"line":253,"column":56},"end":{"line":253,"column":67}}],"line":253},"14":{"loc":{"start":{"line":255,"column":14},"end":{"line":257,"column":60}},"type":"cond-expr","locations":[{"start":{"line":256,"column":18},"end":{"line":256,"column":64}},{"start":{"line":257,"column":18},"end":{"line":257,"column":60}}],"line":255},"15":{"loc":{"start":{"line":255,"column":14},"end":{"line":255,"column":59}},"type":"binary-expr","locations":[{"start":{"line":255,"column":14},"end":{"line":255,"column":44}},{"start":{"line":255,"column":48},"end":{"line":255,"column":59}}],"line":255},"16":{"loc":{"start":{"line":260,"column":13},"end":{"line":267,"column":13}},"type":"cond-expr","locations":[{"start":{"line":261,"column":14},"end":{"line":264,"column":20}},{"start":{"line":266,"column":14},"end":{"line":266,"column":107}}],"line":260},"17":{"loc":{"start":{"line":266,"column":64},"end":{"line":266,"column":105}},"type":"cond-expr","locations":[{"start":{"line":266,"column":97},"end":{"line":266,"column":100}},{"start":{"line":266,"column":103},"end":{"line":266,"column":105}}],"line":266}},"s":{"0":0,"1":0,"2":0,"3":0,"4":0,"5":0,"6":0,"7":0,"8":0,"9":0,"10":0,"11":0,"12":0,"13":0,"14":0,"15":0,"16":0,"17":0,"18":0,"19":0,"20":0,"21":0,"22":0,"23":0,"24":0,"25":0,"26":0,"27":0,"28":0,"29":0,"30":0,"31":0,"32":0,"33":0,"34":0,"35":0,"36":0,"37":0,"38":0,"39":0,"40":0,"41":0,"42":0,"43":0},"f":{"0":0,"1":0,"2":0,"3":0,"4":0,"5":0,"6":0,"7":0,"8":0,"9":0,"10":0,"11":0,"12":0,"13":0,"14":0,"15":0,"16":0,"17":0},"b":{"0":[0,0],"1":[0,0],"2":[0,0],"3":[0,0,0,0,0],"4":[0,0],"5":[0,0],"6":[0,0],"7":[0,0],"8":[0,0],"9":[0,0],"10":[0,0],"11":[0,0],"12":[0,0],"13":[0,0],"14":[0,0],"15":[0,0],"16":[0,0],"17":[0,0]}}
,"/Users/allendunn/Documents/Stream/stream-soundboard/src/components/ClientManagement.tsx": {"path":"/Users/allendunn/Documents/Stream/stream-soundboard/src/components/ClientManagement.tsx","statementMap":{"0":{"start":{"line":6,"column":35},"end":{"line":379,"column":1}},"1":{"start":{"line":7,"column":32},"end":{"line":7,"column":54}},"2":{"start":{"line":8,"column":46},"end":{"line":8,"column":75}},"3":{"start":{"line":9,"column":50},"end":{"line":9,"column":65}},"4":{"start":{"line":10,"column":58},"end":{"line":10,"column":73}},"5":{"start":{"line":11,"column":44},"end":{"line":11,"column":56}},"6":{"start":{"line":12,"column":58},"end":{"line":12,"column":70}},"7":{"start":{"line":13,"column":52},"end":{"line":13,"column":64}},"8":{"start":{"line":14,"column":66},"end":{"line":14,"column":78}},"9":{"start":{"line":16,"column":22},"end":{"line":28,"column":22}},"10":{"start":{"line":17,"column":4},"end":{"line":27,"column":5}},"11":{"start":{"line":18,"column":25},"end":{"line":18,"column":60}},"12":{"start":{"line":19,"column":6},"end":{"line":19,"column":29}},"13":{"start":{"line":22,"column":6},"end":{"line":24,"column":7}},"14":{"start":{"line":23,"column":8},"end":{"line":23,"column":41}},"15":{"start":{"line":26,"column":6},"end":{"line":26,"column":53}},"16":{"start":{"line":30,"column":2},"end":{"line":32,"column":20}},"17":{"start":{"line":31,"column":4},"end":{"line":31,"column":18}},"18":{"start":{"line":34,"column":23},"end":{"line":47,"column":3}},"19":{"start":{"line":35,"column":4},"end":{"line":35,"column":38}},"20":{"start":{"line":35,"column":31},"end":{"line":35,"column":38}},"21":{"start":{"line":37,"column":4},"end":{"line":46,"column":5}},"22":{"start":{"line":38,"column":24},"end":{"line":38,"column":107}},"23":{"start":{"line":39,"column":6},"end":{"line":39,"column":47}},"24":{"start":{"line":39,"column":25},"end":{"line":39,"column":45}},"25":{"start":{"line":40,"column":6},"end":{"line":40,"column":35}},"26":{"start":{"line":41,"column":6},"end":{"line":41,"column":27}},"27":{"start":{"line":42,"column":6},"end":{"line":42,"column":34}},"28":{"start":{"line":43,"column":6},"end":{"line":43,"column":33}},"29":{"start":{"line":45,"column":6},"end":{"line":45,"column":53}},"30":{"start":{"line":49,"column":27},"end":{"line":75,"column":3}},"31":{"start":{"line":50,"column":4},"end":{"line":50,"column":61}},"32":{"start":{"line":50,"column":54},"end":{"line":50,"column":61}},"33":{"start":{"line":52,"column":4},"end":{"line":74,"column":5}},"34":{"start":{"line":53,"column":28},"end":{"line":57,"column":7}},"35":{"start":{"line":59,"column":6},"end":{"line":71,"column":7}},"36":{"start":{"line":61,"column":30},"end":{"line":64,"column":9}},"37":{"start":{"line":65,"column":8},"end":{"line":65,"column":41}},"38":{"start":{"line":66,"column":8},"end":{"line":66,"column":90}},"39":{"start":{"line":66,"column":27},"end":{"line":66,"column":88}},"40":{"start":{"line":66,"column":41},"end":{"line":66,"column":87}},"41":{"start":{"line":68,"column":8},"end":{"line":68,"column":33}},"42":{"start":{"line":69,"column":8},"end":{"line":69,"column":40}},"43":{"start":{"line":70,"column":8},"end":{"line":70,"column":39}},"44":{"start":{"line":73,"column":6},"end":{"line":73,"column":57}},"45":{"start":{"line":77,"column":23},"end":{"line":92,"column":3}},"46":{"start":{"line":78,"column":4},"end":{"line":80,"column":5}},"47":{"start":{"line":79,"column":6},"end":{"line":79,"column":13}},"48":{"start":{"line":82,"column":4},"end":{"line":91,"column":5}},"49":{"start":{"line":83,"column":6},"end":{"line":83,"column":49}},"50":{"start":{"line":84,"column":6},"end":{"line":84,"column":62}},"51":{"start":{"line":84,"column":25},"end":{"line":84,"column":60}},"52":{"start":{"line":84,"column":42},"end":{"line":84,"column":59}},"53":{"start":{"line":86,"column":6},"end":{"line":88,"column":7}},"54":{"start":{"line":87,"column":8},"end":{"line":87,"column":100}},"55":{"start":{"line":87,"column":65},"end":{"line":87,"column":82}},"56":{"start":{"line":90,"column":6},"end":{"line":90,"column":53}},"57":{"start":{"line":94,"column":27},"end":{"line":117,"column":3}},"58":{"start":{"line":95,"column":4},"end":{"line":95,"column":32}},"59":{"start":{"line":95,"column":25},"end":{"line":95,"column":32}},"60":{"start":{"line":97,"column":4},"end":{"line":99,"column":5}},"61":{"start":{"line":98,"column":6},"end":{"line":98,"column":13}},"62":{"start":{"line":101,"column":4},"end":{"line":116,"column":5}},"63":{"start":{"line":103,"column":28},"end":{"line":106,"column":7}},"64":{"start":{"line":105,"column":60},"end":{"line":105,"column":81}},"65":{"start":{"line":109,"column":6},"end":{"line":109,"column":73}},"66":{"start":{"line":112,"column":6},"end":{"line":112,"column":39}},"67":{"start":{"line":113,"column":6},"end":{"line":113,"column":88}},"68":{"start":{"line":113,"column":25},"end":{"line":113,"column":86}},"69":{"start":{"line":113,"column":39},"end":{"line":113,"column":85}},"70":{"start":{"line":115,"column":6},"end":{"line":115,"column":57}},"71":{"start":{"line":119,"column":2},"end":{"line":378,"column":4}},"72":{"start":{"line":137,"column":33},"end":{"line":137,"column":58}},"73":{"start":{"line":146,"column":18},"end":{"line":177,"column":31}},"74":{"start":{"line":154,"column":35},"end":{"line":154,"column":60}},"75":{"start":{"line":168,"column":26},"end":{"line":168,"column":46}},"76":{"start":{"line":169,"column":26},"end":{"line":169,"column":50}},"77":{"start":{"line":202,"column":35},"end":{"line":202,"column":64}},"78":{"start":{"line":211,"column":20},"end":{"line":234,"column":33}},"79":{"start":{"line":227,"column":41},"end":{"line":227,"column":72}},"80":{"start":{"line":277,"column":37},"end":{"line":277,"column":69}},"81":{"start":{"line":287,"column":37},"end":{"line":287,"column":76}},"82":{"start":{"line":304,"column":33},"end":{"line":304,"column":59}},"83":{"start":{"line":340,"column":37},"end":{"line":340,"column":73}},"84":{"start":{"line":350,"column":37},"end":{"line":350,"column":80}},"85":{"start":{"line":367,"column":33},"end":{"line":367,"column":63}}},"fnMap":{"0":{"name":"(anonymous_0)","decl":{"start":{"line":6,"column":35},"end":{"line":6,"column":36}},"loc":{"start":{"line":6,"column":41},"end":{"line":379,"column":1}},"line":6},"1":{"name":"(anonymous_1)","decl":{"start":{"line":16,"column":34},"end":{"line":16,"column":35}},"loc":{"start":{"line":16,"column":40},"end":{"line":28,"column":3}},"line":16},"2":{"name":"(anonymous_2)","decl":{"start":{"line":30,"column":12},"end":{"line":30,"column":13}},"loc":{"start":{"line":30,"column":18},"end":{"line":32,"column":3}},"line":30},"3":{"name":"(anonymous_3)","decl":{"start":{"line":34,"column":23},"end":{"line":34,"column":24}},"loc":{"start":{"line":34,"column":29},"end":{"line":47,"column":3}},"line":34},"4":{"name":"(anonymous_4)","decl":{"start":{"line":39,"column":17},"end":{"line":39,"column":18}},"loc":{"start":{"line":39,"column":25},"end":{"line":39,"column":45}},"line":39},"5":{"name":"(anonymous_5)","decl":{"start":{"line":49,"column":27},"end":{"line":49,"column":28}},"loc":{"start":{"line":49,"column":33},"end":{"line":75,"column":3}},"line":49},"6":{"name":"(anonymous_6)","decl":{"start":{"line":66,"column":19},"end":{"line":66,"column":20}},"loc":{"start":{"line":66,"column":27},"end":{"line":66,"column":88}},"line":66},"7":{"name":"(anonymous_7)","decl":{"start":{"line":66,"column":36},"end":{"line":66,"column":37}},"loc":{"start":{"line":66,"column":41},"end":{"line":66,"column":87}},"line":66},"8":{"name":"(anonymous_8)","decl":{"start":{"line":77,"column":23},"end":{"line":77,"column":24}},"loc":{"start":{"line":77,"column":45},"end":{"line":92,"column":3}},"line":77},"9":{"name":"(anonymous_9)","decl":{"start":{"line":84,"column":17},"end":{"line":84,"column":18}},"loc":{"start":{"line":84,"column":25},"end":{"line":84,"column":60}},"line":84},"10":{"name":"(anonymous_10)","decl":{"start":{"line":84,"column":37},"end":{"line":84,"column":38}},"loc":{"start":{"line":84,"column":42},"end":{"line":84,"column":59}},"line":84},"11":{"name":"(anonymous_11)","decl":{"start":{"line":87,"column":60},"end":{"line":87,"column":61}},"loc":{"start":{"line":87,"column":65},"end":{"line":87,"column":82}},"line":87},"12":{"name":"(anonymous_12)","decl":{"start":{"line":94,"column":27},"end":{"line":94,"column":28}},"loc":{"start":{"line":94,"column":53},"end":{"line":117,"column":3}},"line":94},"13":{"name":"(anonymous_13)","decl":{"start":{"line":105,"column":55},"end":{"line":105,"column":56}},"loc":{"start":{"line":105,"column":60},"end":{"line":105,"column":81}},"line":105},"14":{"name":"(anonymous_14)","decl":{"start":{"line":113,"column":17},"end":{"line":113,"column":18}},"loc":{"start":{"line":113,"column":25},"end":{"line":113,"column":86}},"line":113},"15":{"name":"(anonymous_15)","decl":{"start":{"line":113,"column":34},"end":{"line":113,"column":35}},"loc":{"start":{"line":113,"column":39},"end":{"line":113,"column":85}},"line":113},"16":{"name":"(anonymous_16)","decl":{"start":{"line":137,"column":27},"end":{"line":137,"column":28}},"loc":{"start":{"line":137,"column":33},"end":{"line":137,"column":58}},"line":137},"17":{"name":"(anonymous_17)","decl":{"start":{"line":145,"column":29},"end":{"line":145,"column":30}},"loc":{"start":{"line":146,"column":18},"end":{"line":177,"column":31}},"line":146},"18":{"name":"(anonymous_18)","decl":{"start":{"line":154,"column":29},"end":{"line":154,"column":30}},"loc":{"start":{"line":154,"column":35},"end":{"line":154,"column":60}},"line":154},"19":{"name":"(anonymous_19)","decl":{"start":{"line":167,"column":33},"end":{"line":167,"column":34}},"loc":{"start":{"line":167,"column":40},"end":{"line":170,"column":25}},"line":167},"20":{"name":"(anonymous_20)","decl":{"start":{"line":202,"column":29},"end":{"line":202,"column":30}},"loc":{"start":{"line":202,"column":35},"end":{"line":202,"column":64}},"line":202},"21":{"name":"(anonymous_21)","decl":{"start":{"line":210,"column":50},"end":{"line":210,"column":51}},"loc":{"start":{"line":211,"column":20},"end":{"line":234,"column":33}},"line":211},"22":{"name":"(anonymous_22)","decl":{"start":{"line":227,"column":35},"end":{"line":227,"column":36}},"loc":{"start":{"line":227,"column":41},"end":{"line":227,"column":72}},"line":227},"23":{"name":"(anonymous_23)","decl":{"start":{"line":277,"column":30},"end":{"line":277,"column":31}},"loc":{"start":{"line":277,"column":37},"end":{"line":277,"column":69}},"line":277},"24":{"name":"(anonymous_24)","decl":{"start":{"line":287,"column":30},"end":{"line":287,"column":31}},"loc":{"start":{"line":287,"column":37},"end":{"line":287,"column":76}},"line":287},"25":{"name":"(anonymous_25)","decl":{"start":{"line":304,"column":27},"end":{"line":304,"column":28}},"loc":{"start":{"line":304,"column":33},"end":{"line":304,"column":59}},"line":304},"26":{"name":"(anonymous_26)","decl":{"start":{"line":340,"column":30},"end":{"line":340,"column":31}},"loc":{"start":{"line":340,"column":37},"end":{"line":340,"column":73}},"line":340},"27":{"name":"(anonymous_27)","decl":{"start":{"line":350,"column":30},"end":{"line":350,"column":31}},"loc":{"start":{"line":350,"column":37},"end":{"line":350,"column":80}},"line":350},"28":{"name":"(anonymous_28)","decl":{"start":{"line":367,"column":27},"end":{"line":367,"column":28}},"loc":{"start":{"line":367,"column":33},"end":{"line":367,"column":63}},"line":367}},"branchMap":{"0":{"loc":{"start":{"line":22,"column":6},"end":{"line":24,"column":7}},"type":"if","locations":[{"start":{"line":22,"column":6},"end":{"line":24,"column":7}},{"start":{},"end":{}}],"line":22},"1":{"loc":{"start":{"line":22,"column":10},"end":{"line":22,"column":50}},"type":"binary-expr","locations":[{"start":{"line":22,"column":10},"end":{"line":22,"column":25}},{"start":{"line":22,"column"
[...]
,"column":6},"end":{"line":64,"column":9}},"25":{"start":{"line":67,"column":4},"end":{"line":67,"column":25}},"26":{"start":{"line":71,"column":4},"end":{"line":71,"column":39}},"27":{"start":{"line":75,"column":4},"end":{"line":75,"column":47}},"28":{"start":{"line":79,"column":4},"end":{"line":81,"column":23}},"29":{"start":{"line":80,"column":22},"end":{"line":80,"column":49}},"30":{"start":{"line":85,"column":4},"end":{"line":88,"column":23}},"31":{"start":{"line":86,"column":23},"end":{"line":86,"column":37}},"32":{"start":{"line":87,"column":22},"end":{"line":87,"column":87}},"33":{"start":{"line":92,"column":18},"end":{"line":92,"column":45}},"34":{"start":{"line":93,"column":4},"end":{"line":96,"column":5}},"35":{"start":{"line":94,"column":6},"end":{"line":94,"column":39}},"36":{"start":{"line":95,"column":6},"end":{"line":95,"column":27}},"37":{"start":{"line":100,"column":4},"end":{"line":102,"column":51}},"38":{"start":{"line":101,"column":23},"end":{"line":101,"column":37}},"39":{"start":{"line":102,"column":22},"end":{"line":102,"column":49}},"40":{"start":{"line":111,"column":25},"end":{"line":112,"column":51}},"41":{"start":{"line":112,"column":23},"end":{"line":112,"column":50}},"42":{"start":{"line":114,"column":4},"end":{"line":120,"column":5}},"43":{"start":{"line":115,"column":6},"end":{"line":119,"column":8}},"44":{"start":{"line":122,"column":23},"end":{"line":122,"column":85}},"45":{"start":{"line":122,"column":59},"end":{"line":122,"column":81}},"46":{"start":{"line":123,"column":26},"end":{"line":125,"column":5}},"47":{"start":{"line":124,"column":6},"end":{"line":124,"column":53}},"48":{"start":{"line":127,"column":4},"end":{"line":132,"column":6}},"49":{"start":{"line":136,"column":4},"end":{"line":136,"column":27}},"50":{"start":{"line":137,"column":4},"end":{"line":137,"column":45}},"51":{"start":{"line":142,"column":36},"end":{"line":142,"column":62}}},"fnMap":{"0":{"name":"(anonymous_0)","decl":{"start":{"line":16,"column":2},"end":{"line":16,"column":3}},"loc":{"start":{"line":16,"column":16},"end":{"line":18,"column":3}},"line":16},"1":{"name":"(anonymous_1)","decl":{"start":{"line":20,"column":2},"end":{"line":20,"column":3}},"loc":{"start":{"line":20,"column":32},"end":{"line":37,"column":3}},"line":20},"2":{"name":"(anonymous_2)","decl":{"start":{"line":28,"column":31},"end":{"line":28,"column":32}},"loc":{"start":{"line":28,"column":40},"end":{"line":32,"column":9}},"line":28},"3":{"name":"(anonymous_3)","decl":{"start":{"line":39,"column":2},"end":{"line":39,"column":3}},"loc":{"start":{"line":39,"column":32},"end":{"line":46,"column":3}},"line":39},"4":{"name":"(anonymous_4)","decl":{"start":{"line":48,"column":2},"end":{"line":48,"column":3}},"loc":{"start":{"line":48,"column":76},"end":{"line":68,"column":3}},"line":48},"5":{"name":"(anonymous_5)","decl":{"start":{"line":70,"column":2},"end":{"line":70,"column":3}},"loc":{"start":{"line":70,"column":57},"end":{"line":72,"column":3}},"line":70},"6":{"name":"(anonymous_6)","decl":{"start":{"line":74,"column":2},"end":{"line":74,"column":3}},"loc":{"start":{"line":74,"column":30},"end":{"line":76,"column":3}},"line":74},"7":{"name":"(anonymous_7)","decl":{"start":{"line":78,"column":2},"end":{"line":78,"column":3}},"loc":{"start":{"line":78,"column":57},"end":{"line":82,"column":3}},"line":78},"8":{"name":"(anonymous_8)","decl":{"start":{"line":80,"column":12},"end":{"line":80,"column":13}},"loc":{"start":{"line":80,"column":22},"end":{"line":80,"column":49}},"line":80},"9":{"name":"(anonymous_9)","decl":{"start":{"line":84,"column":2},"end":{"line":84,"column":3}},"loc":{"start":{"line":84,"column":58},"end":{"line":89,"column":3}},"line":84},"10":{"name":"(anonymous_10)","decl":{"start":{"line":86,"column":14},"end":{"line":86,"column":15}},"loc":{"start":{"line":86,"column":23},"end":{"line":86,"column":37}},"line":86},"11":{"name":"(anonymous_11)","decl":{"start":{"line":87,"column":12},"end":{"line":87,"column":13}},"loc":{"start":{"line":87,"column":22},"end":{"line":87,"column":87}},"line":87},"12":{"name":"(anonymous_12)","decl":{"start":{"line":91,"column":2},"end":{"line":91,"column":3}},"loc":{"start":{"line":91,"column":40},"end":{"line":97,"column":3}},"line":91},"13":{"name":"(anonymous_13)","decl":{"start":{"line":99,"column":2},"end":{"line":99,"column":3}},"loc":{"start":{"line":99,"column":36},"end":{"line":103,"column":3}},"line":99},"14":{"name":"(anonymous_14)","decl":{"start":{"line":101,"column":14},"end":{"line":101,"column":15}},"loc":{"start":{"line":101,"column":23},"end":{"line":101,"column":37}},"line":101},"15":{"name":"(anonymous_15)","decl":{"start":{"line":102,"column":12},"end":{"line":102,"column":13}},"loc":{"start":{"line":102,"column":22},"end":{"line":102,"column":49}},"line":102},"16":{"name":"(anonymous_16)","decl":{"start":{"line":105,"column":2},"end":{"line":105,"column":3}},"loc":{"start":{"line":110,"column":4},"end":{"line":133,"column":3}},"line":110},"17":{"name":"(anonymous_17)","decl":{"start":{"line":112,"column":14},"end":{"line":112,"column":15}},"loc":{"start":{"line":112,"column":23},"end":{"line":112,"column":50}},"line":112},"18":{"name":"(anonymous_18)","decl":{"start":{"line":122,"column":43},"end":{"line":122,"column":44}},"loc":{"start":{"line":122,"column":59},"end":{"line":122,"column":81}},"line":122},"19":{"name":"(anonymous_19)","decl":{"start":{"line":123,"column":46},"end":{"line":123,"column":47}},"loc":{"start":{"line":124,"column":6},"end":{"line":124,"column":53}},"line":124},"20":{"name":"(anonymous_20)","decl":{"start":{"line":135,"column":2},"end":{"line":135,"column":3}},"loc":{"start":{"line":135,"column":25},"end":{"line":138,"column":3}},"line":135}},"branchMap":{"0":{"loc":{"start":{"line":23,"column":6},"end":{"line":33,"column":7}},"type":"if","locations":[{"start":{"line":23,"column":6},"end":{"line":33,"column":7}},{"start":{},"end":{}}],"line":23},"1":{"loc":{"start":{"line":29,"column":10},"end":{"line":31,"column":11}},"type":"if","locations":[{"start":{"line":29,"column":10},"end":{"line":31,"column":11}},{"start":{},"end":{}}],"line":29},"2":{"loc":{"start":{"line":51,"column":4},"end":{"line":65,"column":5}},"type":"if","locations":[{"start":{"line":51,"column":4},"end":{"line":65,"column":5}},{"start":{"line":56,"column":11},"end":{"line":65,"column":5}}],"line":51},"3":{"loc":{"start":{"line":54,"column":6},"end":{"line":54,"column":49}},"type":"if","locations":[{"start":{"line":54,"column":6},"end":{"line":54,"column":49}},{"start":{},"end":{}}],"line":54},"4":{"loc":{"start":{"line":55,"column":6},"end":{"line":55,"column":55}},"type":"if","locations":[{"start":{"line":55,"column":6},"end":{"line":55,"column":55}},{"start":{},"end":{}}],"line":55},"5":{"loc":{"start":{"line":78,"column":23},"end":{"line":78,"column":41}},"type":"default-arg","locations":[{"start":{"line":78,"column":39},"end":{"line":78,"column":41}}],"line":78},"6":{"loc":{"start":{"line":84,"column":24},"end":{"line":84,"column":42}},"type":"default-arg","locations":[{"start":{"line":84,"column":40},"end":{"line":84,"column":42}}],"line":84},"7":{"loc":{"start":{"line":93,"column":4},"end":{"line":96,"column":5}},"type":"if","locations":[{"start":{"line":93,"column":4},"end":{"line":96,"column":5}},{"start":{},"end":{}}],"line":93},"8":{"loc":{"start":{"line":114,"column":4},"end":{"line":120,"column":5}},"type":"if","locations":[{"start":{"line":114,"column":4},"end":{"line":120,"column":5}},{"start":{},"end":{}}],"line":114},"9":{"loc":{"start":{"line":124,"column":6},"end":{"line":124,"column":53}},"type":"cond-expr","locations":[{"start":{"line":124,"column":42},"end":{"line":124,"column":47}},{"start":{"line":124,"column":50},"end":{"line":124,"column":53}}],"line":124}},"s":{"0":0,"1":0,"2":0,"3":0,"4":0,"5":0,"6":0,"7":0,"8":0,"9":0,"10":0,"11":0,"12":0,"13":0,"14":0,"15":0,"16":0,"17":0,"18":0,"19":0,"20":0,"21":0,"22":0,"23":0,"24":0,"25":0,"26":0,"27":0,"28":0,"29":0,"30":0,"31":0,"32":0,"33":0,"34":0,"35":0,"36":0,"37":0,"38":0,"39":0,"40":0,"41":0,"42":0,"43":0,"44":0,"45":0,"46":0,"47":0,"48":0,"49":0,"50":0,"51":0},"f":{"0":0,"1":0,"2":0,"3":0,"4":0,"5":0,"6":0,"7":0,"8":0,"9":0,"10":0,"11":0,"12":0,"13":0,"14":0,"15":0,"16":0,"17":0,"18":0,"19":0,"20":0},"b":{"0":[0,0],"1":[0,0],"2":[0,0],"3":[0,0],"4":[0,0],"5":[0],"6":[0],"7":[0,0],"8":[0,0],"9":[0,0]}}
,"/Users/allendunn/Documents/Stream/stream-soundboard/src/types/agency.ts": {"path":"/Users/allendunn/Documents/Stream/stream-soundboard/src/types/agency.ts","statementMap":{"0":{"start":{"line":67,"column":27},"end":{"line":76,"column":10}},"1":{"start":{"line":79,"column":32},"end":{"line":93,"column":10}}},"fnMap":{},"branchMap":{},"s":{"0":0,"1":0},"f":{},"b":{}}
,"/Users/allendunn/Documents/Stream/stream-soundboard/src/types/track.ts": {"path":"/Users/allendunn/Documents/Stream/stream-soundboard/src/types/track.ts","statementMap":{"0":{"start":{"line":118,"column":30},"end":{"line":126,"column":1}},"1":{"start":{"line":119,"column":2},"end":{"line":119,"column":50}},"2":{"start":{"line":119,"column":25},"end":{"line":119,"column":50}},"3":{"start":{"line":120,"column":2},"end":{"line":124,"column":3}},"4":{"start":{"line":121,"column":4},"end":{"line":121,"column":40}},"5":{"start":{"line":121,"column":27},"end":{"line":121,"column":40}},"6":{"start":{"line":122,"column":4},"end":{"line":122,"column":43}},"7":{"start":{"line":122,"column":27},"end":{"line":122,"column":43}},"8":{"start":{"line":123,"column":4},"end":{"line":123,"column":18}},"9":{"start":{"line":125,"column":2},"end":{"line":125,"column":18}},"10":{"start":{"line":128,"column":35},"end":{"line":135,"column":1}},"11":{"start":{"line":129,"column":2},"end":{"line":134,"column":3}},"12":{"start":{"line":130,"column":16},"end":{"line":130,"column":76}},"13":{"start":{"line":131,"column":19},"end":{"line":131,"column":82}},"14":{"start":{"line":132,"column":17},"end":{"line":132,"column":71}},"15":{"start":{"line":133,"column":13},"end":{"line":133,"column":70}},"16":{"start":{"line":137,"column":36},"end":{"line":139,"column":1}},"17":{"start":{"line":138,"column":2},"end":{"line":138,"column":64}}},"fnMap":{"0":{"name":"(anonymous_0)","decl":{"start":{"line":118,"column":30},"end":{"line":118,"column":31}},"loc":{"start":{"line":118,"column":56},"end":{"line":126,"column":1}},"line":118},"1":{"name":"(anonymous_1)","decl":{"start":{"line":128,"column":35},"end":{"line":128,"column":36}},"loc":{"start":{"line":128,"column":62},"end":{"line":135,"column":1}},"line":128},"2":{"name":"(anonymous_2)","decl":{"start":{"line":137,"column":36},"end":{"line":137,"column":37}},"loc":{"start":{"line":137,"column":62},"end":{"line":139,"column":1}},"line":137}},"branchMap":{"0":{"loc":{"start":{"line":119,"column":2},"end":{"line":119,"column":50}},"type":"if","locations":[{"start":{"line":119,"column":2},"end":{"line":119,"column":50}},{"start":{},"end":{}}],"line":119},"1":{"loc":{"start":{"line":120,"column":2},"end":{"line":124,"column":3}},"type":"if","locations":[{"start":{"line":120,"column":2},"end":{"line":124,"column":3}},{"start":{},"end":{}}],"line":120},"2":{"loc":{"start":{"line":121,"column":4},"end":{"line":121,"column":40}},"type":"if","locations":[{"start":{"line":121,"column":4},"end":{"line":121,"column":40}},{"start":{},"end":{}}],"line":121},"3":{"loc":{"start":{"line":122,"column":4},"end":{"line":122,"column":43}},"type":"if","locations":[{"start":{"line":122,"column":4},"end":{"line":122,"column":43}},{"start":{},"end":{}}],"line":122},"4":{"loc":{"start":{"line":129,"column":2},"end":{"line":134,"column":3}},"type":"switch","locations":[{"start":{"line":130,"column":4},"end":{"line":130,"column":76}},{"start":{"line":131,"column":4},"end":{"line":131,"column":82}},{"start":{"line":132,"column":4},"end":{"line":132,"column":71}},{"start":{"line":133,"column":4},"end":{"line":133,"column":70}}],"line":129},"5":{"loc":{"start":{"line":138,"column":9},"end":{"line":138,"column":63}},"type":"binary-expr","locations":[{"start":{"line":138,"column":9},"end":{"line":138,"column":32}},{"start":{"line":138,"column":36},"end":{"line":138,"column":50}},{"start":{"line":138,"column":54},"end":{"line":138,"column":63}}],"line":138}},"s":{"0":0,"1":0,"2":0,"3":0,"4":0,"5":0,"6":0,"7":0,"8":0,"9":0,"10":0,"11":0,"12":0,"13":0,"14":0,"15":0,"16":0,"17":0},"f":{"0":0,"1":0,"2":0},"b":{"0":[0,0],"1":[0,0],"2":[0,0],"3":[0,0],"4":[0,0,0,0],"5":[0,0,0]}}
,"/Users/allendunn/Documents/Stream/stream-soundboard/src/utils/performanceTest.ts": {"path":"/Users/allendunn/Documents/Stream/stream-soundboard/src/utils/performanceTest.ts","statementMap":{"0":{"start":{"line":13,"column":31},"end":{"line":72,"column":1}},"1":{"start":{"line":14,"column":20},"end":{"line":14,"column":37}},"2":{"start":{"line":15,"column":21},"end":{"line":15,"column":22}},"3":{"start":{"line":16,"column":28},"end":{"line":16,"column":29}},"4":{"start":{"line":17,"column":24},"end":{"line":17,"column":25}},"5":{"start":{"line":20,"column":2},"end":{"line":71,"column":3}},"6":{"start":{"line":21,"column":4},"end":{"line":21,"column":51}},"7":{"start":{"line":24,"column":22},"end":{"line":24,"column":39}},"8":{"start":{"line":26,"column":4},"end":{"line":26,"column":49}},"9":{"start":{"line":28,"column":4},"end":{"line":28,"column":80}},"10":{"start":{"line":29,"column":4},"end":{"line":29,"column":71}},"11":{"start":{"line":33,"column":28},"end":{"line":33,"column":45}},"12":{"start":{"line":34,"column":4},"end":{"line":34,"column":25}},"13":{"start":{"line":37,"column":4},"end":{"line":43,"column":8}},"14":{"start":{"line":37,"column":54},"end":{"line":43,"column":5}},"15":{"start":{"line":45,"column":4},"end":{"line":45,"column":62}},"16":{"start":{"line":47,"column":4},"end":{"line":47,"column":96}},"17":{"start":{"line":49,"column":4},"end":{"line":56,"column":6}},"18":{"start":{"line":59,"column":4},"end":{"line":59,"column":65}},"19":{"start":{"line":60,"column":4},"end":{"line":60,"column":55}},"20":{"start":{"line":62,"column":4},"end":{"line":70,"column":6}},"21":{"start":{"line":74,"column":31},"end":{"line":93,"column":1}},"22":{"start":{"line":75,"column":15},"end":{"line":89,"column":3}},"23":{"start":{"line":91,"column":2},"end":{"line":91,"column":42}},"24":{"start":{"line":92,"column":2},"end":{"line":92,"column":14}},"25":{"start":{"line":95,"column":41},"end":{"line":133,"column":1}},"26":{"start":{"line":96,"column":2},"end":{"line":96,"column":55}},"27":{"start":{"line":99,"column":23},"end":{"line":99,"column":40}},"28":{"start":{"line":102,"column":21},"end":{"line":102,"column":44}},"29":{"start":{"line":105,"column":19},"end":{"line":109,"column":3}},"30":{"start":{"line":111,"column":2},"end":{"line":113,"column":3}},"31":{"start":{"line":112,"column":4},"end":{"line":112,"column":97}},"32":{"start":{"line":115,"column":2},"end":{"line":117,"column":3}},"33":{"start":{"line":116,"column":4},"end":{"line":116,"column":107}},"34":{"start":{"line":119,"column":2},"end":{"line":121,"column":3}},"35":{"start":{"line":120,"column":4},"end":{"line":120,"column":100}},"36":{"start":{"line":123,"column":2},"end":{"line":125,"column":3}},"37":{"start":{"line":124,"column":4},"end":{"line":124,"column":92}},"38":{"start":{"line":127,"column":2},"end":{"line":129,"column":3}},"39":{"start":{"line":128,"column":4},"end":{"line":128,"column":95}},"40":{"start":{"line":131,"column":2},"end":{"line":131,"column":52}},"41":{"start":{"line":132,"column":2},"end":{"line":132,"column":18}}},"fnMap":{"0":{"name":"(anonymous_0)","decl":{"start":{"line":13,"column":31},"end":{"line":13,"column":32}},"loc":{"start":{"line":13,"column":75},"end":{"line":72,"column":1}},"line":13},"1":{"name":"(anonymous_1)","decl":{"start":{"line":37,"column":31},"end":{"line":37,"column":32}},"loc":{"start":{"line":37,"column":54},"end":{"line":43,"column":5}},"line":37},"2":{"name":"(anonymous_2)","decl":{"start":{"line":74,"column":31},"end":{"line":74,"column":32}},"loc":{"start":{"line":74,"column":37},"end":{"line":93,"column":1}},"line":74},"3":{"name":"(anonymous_3)","decl":{"start":{"line":95,"column":41},"end":{"line":95,"column":42}},"loc":{"start":{"line":95,"column":53},"end":{"line":133,"column":1}},"line":95}},"branchMap":{"0":{"loc":{"start":{"line":52,"column":19},"end":{"line":52,"column":67}},"type":"binary-expr","locations":[{"start":{"line":52,"column":19},"end":{"line":52,"column":62}},{"start":{"line":52,"column":66},"end":{"line":52,"column":67}}],"line":52},"1":{"loc":{"start":{"line":59,"column":12},"end":{"line":59,"column":64}},"type":"cond-expr","locations":[{"start":{"line":59,"column":35},"end":{"line":59,"column":46}},{"start":{"line":59,"column":49},"end":{"line":59,"column":64}}],"line":59},"2":{"loc":{"start":{"line":65,"column":19},"end":{"line":65,"column":67}},"type":"binary-expr","locations":[{"start":{"line":65,"column":19},"end":{"line":65,"column":62}},{"start":{"line":65,"column":66},"end":{"line":65,"column":67}}],"line":65},"3":{"loc":{"start":{"line":78,"column":25},"end":{"line":78,"column":67}},"type":"binary-expr","locations":[{"start":{"line":78,"column":25},"end":{"line":78,"column":54}},{"start":{"line":78,"column":58},"end":{"line":78,"column":67}}],"line":78},"4":{"loc":{"start":{"line":79,"column":18},"end":{"line":79,"column":62}},"type":"binary-expr","locations":[{"start":{"line":79,"column":18},"end":{"line":79,"column":49}},{"start":{"line":79,"column":53},"end":{"line":79,"column":62}}],"line":79},"5":{"loc":{"start":{"line":80,"column":20},"end":{"line":80,"column":49}},"type":"binary-expr","locations":[{"start":{"line":80,"column":20},"end":{"line":80,"column":44}},{"start":{"line":80,"column":48},"end":{"line":80,"column":49}}],"line":80},"6":{"loc":{"start":{"line":84,"column":16},"end":{"line":88,"column":23}},"type":"cond-expr","locations":[{"start":{"line":84,"column":46},"end":{"line":88,"column":5}},{"start":{"line":88,"column":8},"end":{"line":88,"column":23}}],"line":84},"7":{"loc":{"start":{"line":111,"column":2},"end":{"line":113,"column":3}},"type":"if","locations":[{"start":{"line":111,"column":2},"end":{"line":113,"column":3}},{"start":{},"end":{}}],"line":111},"8":{"loc":{"start":{"line":115,"column":2},"end":{"line":117,"column":3}},"type":"if","locations":[{"start":{"line":115,"column":2},"end":{"line":117,"column":3}},{"start":{},"end":{}}],"line":115},"9":{"loc":{"start":{"line":119,"column":2},"end":{"line":121,"column":3}},"type":"if","locations":[{"start":{"line":119,"column":2},"end":{"line":121,"column":3}},{"start":{},"end":{}}],"line":119},"10":{"loc":{"start":{"line":123,"column":2},"end":{"line":125,"column":3}},"type":"if","locations":[{"start":{"line":123,"column":2},"end":{"line":125,"column":3}},{"start":{},"end":{}}],"line":123},"11":{"loc":{"start":{"line":123,"column":6},"end":{"line":123,"column":78}},"type":"binary-expr","locations":[{"start":{"line":123,"column":6},"end":{"line":123,"column":38}},{"start":{"line":123,"column":42},"end":{"line":123,"column":78}}],"line":123},"12":{"loc":{"start":{"line":127,"column":2},"end":{"line":129,"column":3}},"type":"if","locations":[{"start":{"line":127,"column":2},"end":{"line":129,"column":3}},{"start":{},"end":{}}],"line":127},"13":{"loc":{"start":{"line":127,"column":6},"end":{"line":127,"column":64}},"type":"binary-expr","locations":[{"start":{"line":127,"column":6},"end":{"line":127,"column":31}},{"start":{"line":127,"column":35},"end":{"line":127,"column":64}}],"line":127}},"s":{"0":0,"1":0,"2":0,"3":0,"4":0,"5":0,"6":0,"7":0,"8":0,"9":0,"10":0,"11":0,"12":0,"13":0,"14":0,"15":0,"16":0,"17":0,"18":0,"19":0,"20":0,"21":0,"22":0,"23":0,"24":0,"25":0,"26":0,"27":0,"28":0,"29":0,"30":0,"31":0,"32":0,"33":0,"34":0,"35":0,"36":0,"37":0,"38":0,"39":0,"40":0,"41":0},"f":{"0":0,"1":0,"2":0,"3":0},"b":{"0":[0,0],"1":[0,0],"2":[0,0],"3":[0,0],"4":[0,0],"5":[0,0],"6":[0,0],"7":[0,0],"8":[0,0],"9":[0,0],"10":[0,0],"11":[0,0],"12":[0,0],"13":[0,0]}}
}
