TN:
SF:src/App.tsx
FN:15,App
FN:24,(anonymous_1)
FN:40,(anonymous_2)
FN:47,(anonymous_3)
FN:60,(anonymous_4)
FN:79,(anonymous_5)
FN:88,(anonymous_6)
FN:135,(anonymous_7)
FN:146,(anonymous_8)
FN:159,(anonymous_9)
FN:171,(anonymous_10)
FN:181,(anonymous_11)
FN:197,(anonymous_12)
FN:297,(anonymous_13)
FN:312,(anonymous_14)
FNF:15
FNH:0
FNDA:0,App
FNDA:0,(anonymous_1)
FNDA:0,(anonymous_2)
FNDA:0,(anonymous_3)
FNDA:0,(anonymous_4)
FNDA:0,(anonymous_5)
FNDA:0,(anonymous_6)
FNDA:0,(anonymous_7)
FNDA:0,(anonymous_8)
FNDA:0,(anonymous_9)
FNDA:0,(anonymous_10)
FNDA:0,(anonymous_11)
FNDA:0,(anonymous_12)
FNDA:0,(anonymous_13)
FNDA:0,(anonymous_14)
DA:16,0
DA:17,0
DA:18,0
DA:19,0
DA:20,0
DA:21,0
DA:24,0
DA:25,0
DA:26,0
DA:27,0
DA:29,0
DA:30,0
DA:32,0
DA:35,0
DA:40,0
DA:41,0
DA:42,0
DA:43,0
DA:47,0
DA:48,0
DA:49,0
DA:50,0
DA:52,0
DA:53,0
DA:55,0
DA:60,0
DA:61,0
DA:62,0
DA:63,0
DA:64,0
DA:68,0
DA:69,0
DA:75,0
DA:76,0
DA:79,0
DA:85,0
DA:86,0
DA:89,0
DA:90,0
DA:97,0
DA:98,0
DA:101,0
DA:135,0
DA:146,0
DA:159,0
DA:171,0
DA:181,0
DA:197,0
DA:297,0
DA:312,0
LF:50
LH:0
BRDA:26,0,0,0
BRDA:26,0,1,0
BRDA:29,1,0,0
BRDA:29,1,1,0
BRDA:52,2,0,0
BRDA:52,2,1,0
BRDA:68,3,0,0
BRDA:68,3,1,0
BRDA:75,4,0,0
BRDA:75,4,1,0
BRDA:85,5,0,0
BRDA:85,5,1,0
BRDA:97,6,0,0
BRDA:97,6,1,0
BRDA:122,7,0,0
BRDA:122,7,1,0
BRDA:133,8,0,0
BRDA:133,8,1,0
BRDA:137,9,0,0
BRDA:137,9,1,0
BRDA:142,10,0,0
BRDA:142,10,1,0
BRDA:148,11,0,0
BRDA:148,11,1,0
BRDA:156,12,0,0
BRDA:156,12,1,0
BRDA:161,13,0,0
BRDA:161,13,1,0
BRDA:168,14,0,0
BRDA:168,14,1,0
BRDA:173,15,0,0
BRDA:173,15,1,0
BRDA:183,16,0,0
BRDA:183,16,1,0
BRDA:195,17,0,0
BRDA:195,17,1,0
BRDA:199,18,0,0
BRDA:199,18,1,0
BRDA:215,19,0,0
BRDA:215,19,1,0
BRDA:226,20,0,0
BRDA:226,20,1,0
BRDA:228,21,0,0
BRDA:228,21,1,0
BRDA:228,22,0,0
BRDA:228,22,1,0
BRDA:241,23,0,0
BRDA:241,23,1,0
BRDA:241,24,0,0
BRDA:241,24,1,0
BRDA:254,25,0,0
BRDA:254,25,1,0
BRDA:254,26,0,0
BRDA:254,26,1,0
BRDA:254,26,2,0
BRDA:267,27,0,0
BRDA:267,27,1,0
BRDA:267,28,0,0
BRDA:267,28,1,0
BRDA:267,28,2,0
BRDA:309,29,0,0
BRDA:309,29,1,0
BRF:62
BRH:0
end_of_record
TN:
SF:src/index.tsx
FNF:0
FNH:0
DA:5,0
DA:6,0
DA:7,0
LF:3
LH:0
BRDA:6,0,0,0
BRDA:6,0,1,0
BRF:2
BRH:0
end_of_record
TN:
SF:src/components/AgencyDashboard.tsx
FN:12,(anonymous_0)
FN:22,(anonymous_1)
FN:29,(anonymous_2)
FN:116,(anonymous_3)
FN:121,(anonymous_4)
FN:122,(anonymous_5)
FN:122,(anonymous_6)
FN:127,(anonymous_7)
FN:132,(anonymous_8)
FN:137,(anonymous_9)
FN:173,(anonymous_10)
FN:205,(anonymous_11)
FN:230,(anonymous_12)
FN:233,(anonymous_13)
FN:273,(anonymous_14)
FN:278,(anonymous_15)
FN:284,(anonymous_16)
FN:293,(anonymous_17)
FN:322,(anonymous_18)
FN:352,(anonymous_19)
FN:402,(anonymous_20)
FNF:21
FNH:0
FNDA:0,(anonymous_0)
FNDA:0,(anonymous_1)
FNDA:0,(anonymous_2)
FNDA:0,(anonymous_3)
FNDA:0,(anonymous_4)
FNDA:0,(anonymous_5)
FNDA:0,(anonymous_6)
FNDA:0,(anonymous_7)
FNDA:0,(anonymous_8)
FNDA:0,(anonymous_9)
FNDA:0,(anonymous_10)
FNDA:0,(anonymous_11)
FNDA:0,(anonymous_12)
FNDA:0,(anonymous_13)
FNDA:0,(anonymous_14)
FNDA:0,(anonymous_15)
FNDA:0,(anonymous_16)
FNDA:0,(anonymous_17)
FNDA:0,(anonymous_18)
FNDA:0,(anonymous_19)
FNDA:0,(anonymous_20)
DA:12,0
DA:13,0
DA:14,0
DA:15,0
DA:16,0
DA:17,0
DA:18,0
DA:19,0
DA:22,0
DA:23,0
DA:24,0
DA:25,0
DA:29,0
DA:30,0
DA:45,0
DA:105,0
DA:106,0
DA:107,0
DA:108,0
DA:111,0
DA:112,0
DA:113,0
DA:116,0
DA:117,0
DA:118,0
DA:121,0
DA:122,0
DA:123,0
DA:124,0
DA:127,0
DA:128,0
DA:129,0
DA:132,0
DA:134,0
DA:137,0
DA:138,0
DA:139,0
DA:141,0
DA:143,0
DA:144,0
DA:146,0
DA:147,0
DA:150,0
DA:152,0
DA:153,0
DA:158,0
DA:161,0
DA:167,0
DA:170,0
DA:173,0
DA:176,0
DA:177,0
DA:187,0
DA:205,0
DA:231,0
DA:233,0
DA:273,0
DA:278,0
DA:284,0
DA:294,0
DA:323,0
DA:352,0
DA:403,0
LF:63
LH:0
BRDA:106,0,0,0
BRDA:106,0,1,0
BRDA:106,1,0,0
BRDA:106,1,1,0
BRDA:106,1,2,0
BRDA:122,2,0,0
BRDA:122,2,1,0
BRDA:138,3,0,0
BRDA:138,3,1,0
BRDA:141,4,0,0
BRDA:141,4,1,0
BRDA:141,4,2,0
BRDA:141,4,3,0
BRDA:152,5,0,0
BRDA:152,5,1,0
BRDA:176,6,0,0
BRDA:176,6,1,0
BRDA:227,7,0,0
BRDA:227,7,1,0
BRDA:228,8,0,0
BRDA:228,8,1,0
BRDA:229,9,0,0
BRDA:229,9,1,0
BRDA:235,10,0,0
BRDA:235,10,1,0
BRDA:251,11,0,0
BRDA:251,11,1,0
BRDA:267,12,0,0
BRDA:267,12,1,0
BRDA:267,12,2,0
BRDA:267,12,3,0
BRDA:310,13,0,0
BRDA:310,13,1,0
BRDA:331,14,0,0
BRDA:331,14,1,0
BRDA:335,15,0,0
BRDA:335,15,1,0
BRDA:368,16,0,0
BRDA:368,16,1,0
BRDA:380,17,0,0
BRDA:380,17,1,0
BRDA:380,17,2,0
BRDA:392,18,0,0
BRDA:392,18,1,0
BRDA:392,18,2,0
BRDA:410,19,0,0
BRDA:410,19,1,0
BRDA:410,19,2,0
BRDA:429,20,0,0
BRDA:429,20,1,0
BRDA:429,20,2,0
BRF:51
BRH:0
end_of_record
TN:
SF:src/components/AnalyticsDashboard.tsx
FN:13,(anonymous_0)
FN:17,(anonymous_1)
FN:24,(anonymous_2)
FN:28,(anonymous_3)
FN:29,(anonymous_4)
FN:30,(anonymous_5)
FN:31,(anonymous_6)
FN:43,(anonymous_7)
FN:47,(anonymous_8)
FN:103,(anonymous_9)
FN:109,(anonymous_10)
FN:125,(anonymous_11)
FN:141,(anonymous_12)
FN:161,(anonymous_13)
FNF:14
FNH:0
FNDA:0,(anonymous_0)
FNDA:0,(anonymous_1)
FNDA:0,(anonymous_2)
FNDA:0,(anonymous_3)
FNDA:0,(anonymous_4)
FNDA:0,(anonymous_5)
FNDA:0,(anonymous_6)
FNDA:0,(anonymous_7)
FNDA:0,(anonymous_8)
FNDA:0,(anonymous_9)
FNDA:0,(anonymous_10)
FNDA:0,(anonymous_11)
FNDA:0,(anonymous_12)
FNDA:0,(anonymous_13)
DA:13,0
DA:14,0
DA:15,0
DA:17,0
DA:19,0
DA:20,0
DA:24,0
DA:25,0
DA:26,0
DA:28,0
DA:29,0
DA:30,0
DA:31,0
DA:33,0
DA:43,0
DA:44,0
DA:47,0
DA:48,0
DA:51,0
DA:53,0
DA:104,0
DA:110,0
DA:126,0
DA:142,0
DA:161,0
LF:25
LH:0
BRDA:19,0,0,0
BRDA:19,0,1,0
BRDA:36,1,0,0
BRDA:36,1,1,0
BRDA:51,2,0,0
BRDA:51,2,1,0
BRDA:69,3,0,0
BRDA:69,3,1,0
BRDA:84,4,0,0
BRDA:84,4,1,0
BRDA:88,5,0,0
BRDA:88,5,1,0
BRDA:89,6,0,0
BRDA:89,6,1,0
BRDA:90,7,0,0
BRDA:90,7,1,0
BRDA:91,8,0,0
BRDA:91,8,1,0
BRDA:92,9,0,0
BRDA:92,9,1,0
BRDA:93,10,0,0
BRDA:93,10,1,0
BRDA:99,11,0,0
BRDA:99,11,1,0
BRDA:107,12,0,0
BRDA:107,12,1,0
BRDA:121,13,0,0
BRDA:121,13,1,0
BRDA:137,14,0,0
BRDA:137,14,1,0
BRF:30
BRH:0
end_of_record
TN:
SF:src/components/AuthFlow.tsx
FN:10,(anonymous_0)
FN:16,(anonymous_1)
FN:35,(anonymous_2)
FN:66,(anonymous_3)
FN:78,(anonymous_4)
FN:102,(anonymous_5)
FN:116,(anonymous_6)
FN:133,(anonymous_7)
FN:147,(anonymous_8)
FN:175,(anonymous_9)
FN:203,(anonymous_10)
FNF:11
FNH:0
FNDA:0,(anonymous_0)
FNDA:0,(anonymous_1)
FNDA:0,(anonymous_2)
FNDA:0,(anonymous_3)
FNDA:0,(anonymous_4)
FNDA:0,(anonymous_5)
FNDA:0,(anonymous_6)
FNDA:0,(anonymous_7)
FNDA:0,(anonymous_8)
FNDA:0,(anonymous_9)
FNDA:0,(anonymous_10)
DA:10,0
DA:11,0
DA:12,0
DA:13,0
DA:14,0
DA:16,0
DA:17,0
DA:19,0
DA:21,0
DA:22,0
DA:24,0
DA:25,0
DA:27,0
DA:31,0
DA:32,0
DA:35,0
DA:36,0
DA:37,0
DA:40,0
DA:66,0
DA:78,0
DA:102,0
DA:116,0
DA:133,0
DA:147,0
DA:175,0
DA:203,0
LF:27
LH:0
BRDA:19,0,0,0
BRDA:19,0,1,0
BRDA:22,1,0,0
BRDA:22,1,1,0
BRDA:24,2,0,0
BRDA:24,2,1,0
BRDA:51,3,0,0
BRDA:51,3,1,0
BRDA:54,4,0,0
BRDA:54,4,1,0
BRDA:68,5,0,0
BRDA:68,5,1,0
BRDA:80,6,0,0
BRDA:80,6,1,0
BRDA:92,7,0,0
BRDA:92,7,1,0
BRDA:98,8,0,0
BRDA:98,8,1,0
BRDA:104,9,0,0
BRDA:104,9,1,0
BRDA:118,10,0,0
BRDA:118,10,1,0
BRDA:135,11,0,0
BRDA:135,11,1,0
BRDA:149,12,0,0
BRDA:149,12,1,0
BRDA:186,13,0,0
BRDA:186,13,1,0
BRDA:206,14,0,0
BRDA:206,14,1,0
BRF:30
BRH:0
end_of_record
TN:
SF:src/components/BrandingCustomization.tsx
FN:9,(anonymous_0)
FN:24,(anonymous_1)
FN:25,(anonymous_2)
FN:28,(anonymous_3)
FN:62,(anonymous_4)
FN:130,(anonymous_5)
FN:136,(anonymous_6)
FN:151,(anonymous_7)
FN:157,(anonymous_8)
FN:172,(anonymous_9)
FN:178,(anonymous_10)
FN:198,(anonymous_11)
FN:201,(anonymous_12)
FN:215,(anonymous_13)
FN:218,(anonymous_14)
FN:232,(anonymous_15)
FN:235,(anonymous_16)
FN:255,(anonymous_17)
FNF:18
FNH:0
FNDA:0,(anonymous_0)
FNDA:0,(anonymous_1)
FNDA:0,(anonymous_2)
FNDA:0,(anonymous_3)
FNDA:0,(anonymous_4)
FNDA:0,(anonymous_5)
FNDA:0,(anonymous_6)
FNDA:0,(anonymous_7)
FNDA:0,(anonymous_8)
FNDA:0,(anonymous_9)
FNDA:0,(anonymous_10)
FNDA:0,(anonymous_11)
FNDA:0,(anonymous_12)
FNDA:0,(anonymous_13)
FNDA:0,(anonymous_14)
FNDA:0,(anonymous_15)
FNDA:0,(anonymous_16)
FNDA:0,(anonymous_17)
DA:9,0
DA:10,0
DA:22,0
DA:24,0
DA:25,0
DA:28,0
DA:29,0
DA:32,0
DA:40,0
DA:48,0
DA:56,0
DA:62,0
DA:130,0
DA:136,0
DA:151,0
DA:157,0
DA:172,0
DA:178,0
DA:198,0
DA:202,0
DA:215,0
DA:219,0
DA:232,0
DA:236,0
DA:255,0
LF:25
LH:0
BRDA:64,0,0,0
BRDA:64,0,1,0
BRDA:69,1,0,0
BRDA:69,1,1,0
BRDA:272,2,0,0
BRDA:272,2,1,0
BRDA:277,3,0,0
BRDA:277,3,1,0
BRDA:278,4,0,0
BRDA:278,4,1,0
BRDA:279,5,0,0
BRDA:279,5,1,0
BRDA:280,6,0,0
BRDA:280,6,1,0
BRDA:281,7,0,0
BRDA:281,7,1,0
BRDA:282,8,0,0
BRDA:282,8,1,0
BRDA:283,9,0,0
BRDA:283,9,1,0
BRDA:284,10,0,0
BRDA:284,10,1,0
BRF:22
BRH:0
end_of_record
TN:
SF:src/components/BulkOperations.tsx
FN:10,(anonymous_0)
FN:16,(anonymous_1)
FN:20,(anonymous_2)
FN:24,(anonymous_3)
FN:25,(anonymous_4)
FN:27,(anonymous_5)
FN:32,(anonymous_6)
FN:58,(anonymous_7)
FN:72,(anonymous_8)
FN:95,(anonymous_9)
FN:106,(anonymous_10)
FN:122,(anonymous_11)
FN:146,(anonymous_12)
FN:181,(anonymous_13)
FN:186,(anonymous_14)
FN:213,(anonymous_15)
FN:234,(anonymous_16)
FN:234,(anonymous_17)
FNF:18
FNH:0
FNDA:0,(anonymous_0)
FNDA:0,(anonymous_1)
FNDA:0,(anonymous_2)
FNDA:0,(anonymous_3)
FNDA:0,(anonymous_4)
FNDA:0,(anonymous_5)
FNDA:0,(anonymous_6)
FNDA:0,(anonymous_7)
FNDA:0,(anonymous_8)
FNDA:0,(anonymous_9)
FNDA:0,(anonymous_10)
FNDA:0,(anonymous_11)
FNDA:0,(anonymous_12)
FNDA:0,(anonymous_13)
FNDA:0,(anonymous_14)
FNDA:0,(anonymous_15)
FNDA:0,(anonymous_16)
FNDA:0,(anonymous_17)
DA:10,0
DA:11,0
DA:12,0
DA:13,0
DA:14,0
DA:16,0
DA:17,0
DA:18,0
DA:20,0
DA:24,0
DA:25,0
DA:26,0
DA:27,0
DA:32,0
DA:33,0
DA:35,0
DA:37,0
DA:47,0
DA:48,0
DA:49,0
DA:50,0
DA:52,0
DA:54,0
DA:58,0
DA:59,0
DA:61,0
DA:72,0
DA:85,0
DA:95,0
DA:106,0
DA:114,0
DA:122,0
DA:138,0
DA:146,0
DA:159,0
DA:163,0
DA:182,0
DA:186,0
DA:214,0
DA:215,0
DA:234,0
LF:41
LH:0
BRDA:17,0,0,0
BRDA:17,0,1,0
BRDA:26,1,0,0
BRDA:26,1,1,0
BRDA:33,2,0,0
BRDA:33,2,1,0
BRDA:59,3,0,0
BRDA:59,3,1,0
BRDA:59,3,2,0
BRDA:59,3,3,0
BRDA:59,3,4,0
BRDA:71,4,0,0
BRDA:71,4,1,0
BRDA:77,5,0,0
BRDA:77,5,1,0
BRDA:94,6,0,0
BRDA:94,6,1,0
BRDA:105,7,0,0
BRDA:105,7,1,0
BRDA:121,8,0,0
BRDA:121,8,1,0
BRDA:145,9,0,0
BRDA:145,9,1,0
BRDA:176,10,0,0
BRDA:176,10,1,0
BRDA:198,11,0,0
BRDA:198,11,1,0
BRDA:233,12,0,0
BRDA:233,12,1,0
BRDA:253,13,0,0
BRDA:253,13,1,0
BRDA:255,14,0,0
BRDA:255,14,1,0
BRDA:255,15,0,0
BRDA:255,15,1,0
BRDA:260,16,0,0
BRDA:260,16,1,0
BRDA:266,17,0,0
BRDA:266,17,1,0
BRF:39
BRH:0
end_of_record
TN:
SF:src/components/ClientManagement.tsx
FN:6,(anonymous_0)
FN:16,(anonymous_1)
FN:30,(anonymous_2)
FN:34,(anonymous_3)
FN:39,(anonymous_4)
FN:49,(anonymous_5)
FN:66,(anonymous_6)
FN:66,(anonymous_7)
FN:77,(anonymous_8)
FN:84,(anonymous_9)
FN:84,(anonymous_10)
FN:87,(anonymous_11)
FN:94,(anonymous_12)
FN:105,(anonymous_13)
FN:113,(anonymous_14)
FN:113,(anonymous_15)
FN:137,(anonymous_16)
FN:145,(anonymous_17)
FN:154,(anonymous_18)
FN:167,(anonymous_19)
FN:202,(anonymous_20)
FN:210,(anonymous_21)
FN:227,(anonymous_22)
FN:277,(anonymous_23)
FN:287,(anonymous_24)
FN:304,(anonymous_25)
FN:340,(anonymous_26)
FN:350,(anonymous_27)
FN:367,(anonymous_28)
FNF:29
FNH:0
FNDA:0,(anonymous_0)
FNDA:0,(anonymous_1)
FNDA:0,(anonymous_2)
FNDA:0,(anonymous_3)
FNDA:0,(anonymous_4)
FNDA:0,(anonymous_5)
FNDA:0,(anonymous_6)
FNDA:0,(anonymous_7)
FNDA:0,(anonymous_8)
FNDA:0,(anonymous_9)
FNDA:0,(anonymous_10)
FNDA:0,(anonymous_11)
FNDA:0,(anonymous_12)
FNDA:0,(anonymous_13)
FNDA:0,(anonymous_14)
FNDA:0,(anonymous_15)
FNDA:0,(anonymous_16)
FNDA:0,(anonymous_17)
FNDA:0,(anonymous_18)
FNDA:0,(anonymous_19)
FNDA:0,(anonymous_20)
FNDA:0,(anonymous_21)
FNDA:0,(anonymous_22)
FNDA:0,(anonymous_23)
FNDA:0,(anonymous_24)
FNDA:0,(anonymous_25)
FNDA:0,(anonymous_26)
FNDA:0,(anonymous_27)
FNDA:0,(anonymous_28)
DA:6,0
DA:7,0
DA:8,0
DA:9,0
DA:10,0
DA:11,0
DA:12,0
DA:13,0
DA:14,0
DA:16,0
DA:17,0
DA:18,0
DA:19,0
DA:22,0
DA:23,0
DA:26,0
DA:30,0
DA:31,0
DA:34,0
DA:35,0
DA:37,0
DA:38,0
DA:39,0
DA:40,0
DA:41,0
DA:42,0
DA:43,0
DA:45,0
DA:49,0
DA:50,0
DA:52,0
DA:53,0
DA:59,0
DA:61,0
DA:65,0
DA:66,0
DA:68,0
DA:69,0
DA:70,0
DA:73,0
DA:77,0
DA:78,0
DA:79,0
DA:82,0
DA:83,0
DA:84,0
DA:86,0
DA:87,0
DA:90,0
DA:94,0
DA:95,0
DA:97,0
DA:98,0
DA:101,0
DA:103,0
DA:105,0
DA:109,0
DA:112,0
DA:113,0
DA:115,0
DA:119,0
DA:137,0
DA:146,0
DA:154,0
DA:168,0
DA:169,0
DA:202,0
DA:211,0
DA:227,0
DA:277,0
DA:287,0
DA:304,0
DA:340,0
DA:350,0
DA:367,0
LF:75
LH:0
BRDA:22,0,0,0
BRDA:22,0,1,0
BRDA:22,1,0,0
BRDA:22,1,1,0
BRDA:35,2,0,0
BRDA:35,2,1,0
BRDA:50,3,0,0
BRDA:50,3,1,0
BRDA:50,4,0,0
BRDA:50,4,1,0
BRDA:59,5,0,0
BRDA:59,5,1,0
BRDA:66,6,0,0
BRDA:66,6,1,0
BRDA:78,7,0,0
BRDA:78,7,1,0
BRDA:86,8,0,0
BRDA:86,8,1,0
BRDA:87,9,0,0
BRDA:87,9,1,0
BRDA:87,10,0,0
BRDA:87,10,1,0
BRDA:95,11,0,0
BRDA:95,11,1,0
BRDA:97,12,0,0
BRDA:97,12,1,0
BRDA:113,13,0,0
BRDA:113,13,1,0
BRDA:150,14,0,0
BRDA:150,14,1,0
BRDA:159,15,0,0
BRDA:159,15,1,0
BRDA:181,16,0,0
BRDA:181,16,1,0
BRDA:192,17,0,0
BRDA:192,17,1,0
BRDA:197,18,0,0
BRDA:197,18,1,0
BRDA:219,19,0,0
BRDA:219,19,1,0
BRDA:237,20,0,0
BRDA:237,20,1,0
BRDA:256,21,0,0
BRDA:256,21,1,0
BRDA:317,22,0,0
BRDA:317,22,1,0
BRDA:317,22,2,0
BRF:47
BRH:0
end_of_record
TN:
SF:src/components/DMCAComplianceIndicator.tsx
FN:13,(anonymous_0)
FN:20,(anonymous_1)
FN:30,(anonymous_2)
FN:126,(anonymous_3)
FN:195,(anonymous_4)
FNF:5
FNH:0
FNDA:0,(anonymous_0)
FNDA:0,(anonymous_1)
FNDA:0,(anonymous_2)
FNDA:0,(anonymous_3)
FNDA:0,(anonymous_4)
DA:13,0
DA:20,0
DA:21,0
DA:22,0
DA:23,0
DA:24,0
DA:25,0
DA:26,0
DA:30,0
DA:32,0
DA:35,0
DA:36,0
DA:41,0
DA:42,0
DA:43,0
DA:46,0
DA:47,0
DA:86,0
DA:126,0
DA:195,0
LF:20
LH:0
BRDA:15,0,0,0
BRDA:17,1,0,0
BRDA:21,2,0,0
BRDA:21,2,1,0
BRDA:21,2,2,0
BRDA:21,2,3,0
BRDA:21,2,4,0
BRDA:35,3,0,0
BRDA:35,3,1,0
BRDA:42,4,0,0
BRDA:42,4,1,0
BRDA:46,5,0,0
BRDA:46,5,1,0
BRDA:54,6,0,0
BRDA:54,6,1,0
BRDA:73,7,0,0
BRDA:73,7,1,0
BRDA:95,8,0,0
BRDA:95,8,1,0
BRDA:108,9,0,0
BRDA:108,9,1,0
BRDA:121,10,0,0
BRDA:121,10,1,0
BRDA:132,11,0,0
BRDA:132,11,1,0
BRDA:138,12,0,0
BRDA:138,12,1,0
BRDA:140,13,0,0
BRDA:140,13,1,0
BRDA:141,14,0,0
BRDA:141,14,1,0
BRDA:146,15,0,0
BRDA:146,15,1,0
BRDA:148,16,0,0
BRDA:148,16,1,0
BRDA:149,17,0,0
BRDA:149,17,1,0
BRDA:154,18,0,0
BRDA:154,18,1,0
BRDA:156,19,0,0
BRDA:156,19,1,0
BRDA:157,20,0,0
BRDA:157,20,1,0
BRDA:162,21,0,0
BRDA:162,21,1,0
BRDA:164,22,0,0
BRDA:164,22,1,0
BRDA:165,23,0,0
BRDA:165,23,1,0
BRDA:176,24,0,0
BRDA:176,24,1,0
BRDA:197,25,0,0
BRDA:197,25,1,0
BRDA:202,26,0,0
BRDA:202,26,1,0
BRF:55
BRH:0
end_of_record
TN:
SF:src/components/EnhancedAudioControls.tsx
FN:10,(anonymous_0)
FN:16,(anonymous_1)
FN:18,(anonymous_2)
FN:19,(anonymous_3)
FN:20,(anonymous_4)
FN:21,(anonymous_5)
FN:22,(anonymous_6)
FN:30,(anonymous_7)
FN:39,(anonymous_8)
FN:69,(anonymous_9)
FN:74,(anonymous_10)
FN:78,(anonymous_11)
FN:101,(anonymous_12)
FN:117,(anonymous_13)
FN:131,(anonymous_14)
FN:162,(anonymous_15)
FN:182,(anonymous_16)
FN:197,(anonymous_17)
FN:219,(anonymous_18)
FN:230,(anonymous_19)
FN:249,(anonymous_20)
FN:267,(anonymous_21)
FN:280,(anonymous_22)
FNF:23
FNH:0
FNDA:0,(anonymous_0)
FNDA:0,(anonymous_1)
FNDA:0,(anonymous_2)
FNDA:0,(anonymous_3)
FNDA:0,(anonymous_4)
FNDA:0,(anonymous_5)
FNDA:0,(anonymous_6)
FNDA:0,(anonymous_7)
FNDA:0,(anonymous_8)
FNDA:0,(anonymous_9)
FNDA:0,(anonymous_10)
FNDA:0,(anonymous_11)
FNDA:0,(anonymous_12)
FNDA:0,(anonymous_13)
FNDA:0,(anonymous_14)
FNDA:0,(anonymous_15)
FNDA:0,(anonymous_16)
FNDA:0,(anonymous_17)
FNDA:0,(anonymous_18)
FNDA:0,(anonymous_19)
FNDA:0,(anonymous_20)
FNDA:0,(anonymous_21)
FNDA:0,(anonymous_22)
DA:10,0
DA:11,0
DA:12,0
DA:13,0
DA:14,0
DA:16,0
DA:18,0
DA:19,0
DA:20,0
DA:21,0
DA:22,0
DA:24,0
DA:25,0
DA:26,0
DA:27,0
DA:28,0
DA:30,0
DA:31,0
DA:32,0
DA:33,0
DA:34,0
DA:35,0
DA:39,0
DA:40,0
DA:41,0
DA:44,0
DA:46,0
DA:47,0
DA:49,0
DA:50,0
DA:52,0
DA:53,0
DA:55,0
DA:56,0
DA:58,0
DA:59,0
DA:61,0
DA:62,0
DA:64,0
DA:65,0
DA:69,0
DA:70,0
DA:71,0
DA:74,0
DA:75,0
DA:78,0
DA:79,0
DA:82,0
DA:101,0
DA:117,0
DA:131,0
DA:162,0
DA:182,0
DA:197,0
DA:219,0
DA:230,0
DA:249,0
DA:267,0
DA:280,0
LF:59
LH:0
BRDA:10,0,0,0
BRDA:44,1,0,0
BRDA:44,1,1,0
BRDA:44,1,2,0
BRDA:44,1,3,0
BRDA:44,1,4,0
BRDA:44,1,5,0
BRDA:44,1,6,0
BRDA:170,2,0,0
BRDA:170,2,1,0
BRDA:238,3,0,0
BRDA:238,3,1,0
BRDA:241,4,0,0
BRDA:241,4,1,0
BRDA:248,5,0,0
BRDA:248,5,1,0
BRDA:249,6,0,0
BRDA:249,6,1,0
BRDA:291,7,0,0
BRDA:291,7,1,0
BRDA:303,8,0,0
BRDA:303,8,1,0
BRDA:305,9,0,0
BRDA:305,9,1,0
BRDA:307,10,0,0
BRDA:307,10,1,0
BRDA:309,11,0,0
BRDA:309,11,1,0
BRF:28
BRH:0
end_of_record
TN:
SF:src/components/EnhancedMusicLibrary.tsx
FN:15,(anonymous_0)
FN:28,(anonymous_1)
FN:33,(anonymous_2)
FN:37,(anonymous_3)
FN:52,(anonymous_4)
FN:64,(anonymous_5)
FN:70,(anonymous_6)
FN:71,(anonymous_7)
FN:81,(anonymous_8)
FN:82,(anonymous_9)
FN:86,(anonymous_10)
FN:96,(anonymous_11)
FN:101,(anonymous_12)
FN:106,(anonymous_13)
FN:110,(anonymous_14)
FN:110,(anonymous_15)
FN:117,(anonymous_16)
FN:123,(anonymous_17)
FN:127,(anonymous_18)
FN:168,(anonymous_19)
FN:184,(anonymous_20)
FN:201,(anonymous_21)
FN:209,(anonymous_22)
FN:219,(anonymous_23)
FN:236,(anonymous_24)
FN:245,(anonymous_25)
FN:248,(anonymous_26)
FN:273,(anonymous_27)
FN:274,(anonymous_28)
FN:275,(anonymous_29)
FN:291,(anonymous_30)
FN:293,(anonymous_31)
FN:310,(anonymous_32)
FN:312,(anonymous_33)
FN:313,(anonymous_34)
FN:315,(anonymous_35)
FN:333,(anonymous_36)
FN:335,(anonymous_37)
FN:397,(anonymous_38)
FN:419,(anonymous_39)
FNF:40
FNH:7
FNDA:12,(anonymous_0)
FNDA:4,(anonymous_1)
FNDA:4,(anonymous_2)
FNDA:4,(anonymous_3)
FNDA:4,(anonymous_4)
FNDA:0,(anonymous_5)
FNDA:0,(anonymous_6)
FNDA:0,(anonymous_7)
FNDA:0,(anonymous_8)
FNDA:0,(anonymous_9)
FNDA:0,(anonymous_10)
FNDA:0,(anonymous_11)
FNDA:0,(anonymous_12)
FNDA:0,(anonymous_13)
FNDA:0,(anonymous_14)
FNDA:0,(anonymous_15)
FNDA:0,(anonymous_16)
FNDA:0,(anonymous_17)
FNDA:8,(anonymous_18)
FNDA:0,(anonymous_19)
FNDA:4,(anonymous_20)
FNDA:0,(anonymous_21)
FNDA:0,(anonymous_22)
FNDA:0,(anonymous_23)
FNDA:0,(anonymous_24)
FNDA:0,(anonymous_25)
FNDA:0,(anonymous_26)
FNDA:0,(anonymous_27)
FNDA:0,(anonymous_28)
FNDA:0,(anonymous_29)
FNDA:0,(anonymous_30)
FNDA:0,(anonymous_31)
FNDA:0,(anonymous_32)
FNDA:0,(anonymous_33)
FNDA:0,(anonymous_34)
FNDA:0,(anonymous_35)
FNDA:0,(anonymous_36)
FNDA:0,(anonymous_37)
FNDA:0,(anonymous_38)
FNDA:0,(anonymous_39)
DA:15,1
DA:16,12
DA:17,12
DA:18,12
DA:19,12
DA:20,12
DA:21,12
DA:22,12
DA:23,12
DA:24,12
DA:25,12
DA:28,12
DA:29,4
DA:33,12
DA:34,4
DA:37,12
DA:38,4
DA:39,4
DA:40,4
DA:41,3
DA:43,3
DA:44,3
DA:46,1
DA:48,4
DA:52,12
DA:53,4
DA:54,4
DA:57,4
DA:58,0
DA:59,0
DA:63,4
DA:64,0
DA:68,4
DA:69,0
DA:70,0
DA:71,0
DA:75,4
DA:77,0
DA:81,12
DA:82,0
DA:83,0
DA:86,12
DA:87,0
DA:88,0
DA:91,0
DA:96,12
DA:98,0
DA:101,12
DA:103,0
DA:106,12
DA:107,0
DA:108,0
DA:109,0
DA:110,0
DA:112,0
DA:117,12
DA:118,0
DA:119,0
DA:120,0
DA:123,12
DA:124,0
DA:127,12
DA:128,8
DA:131,12
DA:132,8
DA:142,4
DA:168,0
DA:185,4
DA:201,0
DA:209,0
DA:219,0
DA:236,0
DA:246,0
DA:248,0
DA:274,0
DA:275,0
DA:292,0
DA:293,0
DA:311,0
DA:312,0
DA:313,0
DA:315,0
DA:334,0
DA:335,0
DA:398,0
DA:419,0
LF:86
LH:44
BRDA:57,0,0,0
BRDA:57,0,1,4
BRDA:63,1,0,0
BRDA:63,1,1,4
BRDA:68,2,0,0
BRDA:68,2,1,4
BRDA:87,3,0,0
BRDA:87,3,1,0
BRDA:107,4,0,0
BRDA:107,4,1,0
BRDA:131,5,0,8
BRDA:131,5,1,4
BRDA:185,6,0,0
BRDA:185,6,1,4
BRDA:185,7,0,0
BRDA:185,7,1,4
BRDA:211,8,0,4
BRDA:211,8,1,0
BRDA:221,9,0,0
BRDA:221,9,1,4
BRDA:238,10,0,4
BRDA:238,10,1,0
BRDA:250,11,0,0
BRDA:250,11,1,0
BRDA:255,12,0,0
BRDA:255,12,1,0
BRDA:272,13,0,0
BRDA:272,13,1,0
BRDA:274,14,0,0
BRDA:274,14,1,0
BRDA:290,15,0,0
BRDA:290,15,1,0
BRDA:292,16,0,0
BRDA:292,16,1,0
BRDA:309,17,0,0
BRDA:309,17,1,0
BRDA:311,18,0,0
BRDA:311,18,1,0
BRDA:332,19,0,0
BRDA:332,19,1,0
BRDA:334,20,0,0
BRDA:334,20,1,0
BRDA:347,21,0,0
BRDA:347,21,1,0
BRDA:347,21,2,0
BRDA:347,21,3,0
BRDA:363,22,0,0
BRDA:363,22,1,0
BRDA:369,23,0,0
BRDA:369,23,1,0
BRDA:392,24,0,0
BRDA:392,24,1,0
BRDA:403,25,0,0
BRDA:403,25,1,0
BRDA:404,26,0,0
BRDA:404,26,1,0
BRDA:407,27,0,0
BRDA:407,27,1,0
BRDA:416,28,0,0
BRDA:416,28,1,0
BRF:60
BRH:10
end_of_record
TN:
SF:src/components/EnhancedTrackCard.tsx
FN:17,(anonymous_0)
FN:29,(anonymous_1)
FN:35,(anonymous_2)
FN:39,(anonymous_3)
FN:55,(anonymous_4)
FN:56,(anonymous_5)
FN:92,(anonymous_6)
FN:167,(anonymous_7)
FN:187,(anonymous_8)
FN:199,(anonymous_9)
FN:218,(anonymous_10)
FN:227,(anonymous_11)
FNF:12
FNH:0
FNDA:0,(anonymous_0)
FNDA:0,(anonymous_1)
FNDA:0,(anonymous_2)
FNDA:0,(anonymous_3)
FNDA:0,(anonymous_4)
FNDA:0,(anonymous_5)
FNDA:0,(anonymous_6)
FNDA:0,(anonymous_7)
FNDA:0,(anonymous_8)
FNDA:0,(anonymous_9)
FNDA:0,(anonymous_10)
FNDA:0,(anonymous_11)
DA:17,1
DA:27,0
DA:29,0
DA:30,0
DA:31,0
DA:32,0
DA:35,0
DA:36,0
DA:39,0
DA:40,0
DA:49,0
DA:52,0
DA:55,0
DA:56,0
DA:92,0
DA:168,0
DA:187,0
DA:199,0
DA:218,0
DA:227,0
LF:20
LH:1
BRDA:23,0,0,0
BRDA:24,1,0,0
BRDA:25,2,0,0
BRDA:49,3,0,0
BRDA:49,3,1,0
BRDA:74,4,0,0
BRDA:74,4,1,0
BRDA:115,5,0,0
BRDA:115,5,1,0
BRDA:115,5,2,0
BRDA:119,6,0,0
BRDA:119,6,1,0
BRDA:124,7,0,0
BRDA:124,7,1,0
BRDA:136,8,0,0
BRDA:136,8,1,0
BRDA:141,9,0,0
BRDA:141,9,1,0
BRDA:146,10,0,0
BRDA:146,10,1,0
BRDA:151,11,0,0
BRDA:151,11,1,0
BRDA:156,12,0,0
BRDA:156,12,1,0
BRDA:164,13,0,0
BRDA:164,13,1,0
BRDA:175,14,0,0
BRDA:175,14,1,0
BRDA:189,15,0,0
BRDA:189,15,1,0
BRDA:194,16,0,0
BRDA:194,16,1,0
BRDA:197,17,0,0
BRDA:197,17,1,0
BRDA:209,18,0,0
BRDA:209,18,1,0
BRDA:213,19,0,0
BRDA:213,19,1,0
BRDA:213,20,0,0
BRDA:213,20,1,0
BRDA:216,21,0,0
BRDA:216,21,1,0
BRDA:225,22,0,0
BRDA:225,22,1,0
BRDA:243,23,0,0
BRDA:243,23,1,0
BRF:46
BRH:0
end_of_record
TN:
SF:src/components/HomePage.tsx
FN:12,(anonymous_0)
FN:16,(anonymous_1)
FN:20,(anonymous_2)
FNF:3
FNH:0
FNDA:0,(anonymous_0)
FNDA:0,(anonymous_1)
FNDA:0,(anonymous_2)
DA:12,0
DA:13,0
DA:14,0
DA:16,0
DA:17,0
DA:20,0
DA:21,0
DA:24,0
LF:8
LH:0
BRF:0
BRH:0
end_of_record
TN:
SF:src/components/HotkeyConfiguration.tsx
FN:5,(anonymous_0)
FN:10,(anonymous_1)
FN:15,(anonymous_2)
FN:21,(anonymous_3)
FN:26,(anonymous_4)
FN:32,(anonymous_5)
FN:46,(anonymous_6)
FN:55,(anonymous_7)
FN:62,(anonymous_8)
FN:89,(anonymous_9)
FN:89,(anonymous_10)
FN:102,(anonymous_11)
FN:102,(anonymous_12)
FN:111,(anonymous_13)
FN:111,(anonymous_14)
FN:120,(anonymous_15)
FN:120,(anonymous_16)
FN:133,(anonymous_17)
FN:133,(anonymous_18)
FNF:19
FNH:0
FNDA:0,(anonymous_0)
FNDA:0,(anonymous_1)
FNDA:0,(anonymous_2)
FNDA:0,(anonymous_3)
FNDA:0,(anonymous_4)
FNDA:0,(anonymous_5)
FNDA:0,(anonymous_6)
FNDA:0,(anonymous_7)
FNDA:0,(anonymous_8)
FNDA:0,(anonymous_9)
FNDA:0,(anonymous_10)
FNDA:0,(anonymous_11)
FNDA:0,(anonymous_12)
FNDA:0,(anonymous_13)
FNDA:0,(anonymous_14)
FNDA:0,(anonymous_15)
FNDA:0,(anonymous_16)
FNDA:0,(anonymous_17)
FNDA:0,(anonymous_18)
DA:5,0
DA:6,0
DA:7,0
DA:8,0
DA:10,0
DA:12,0
DA:15,0
DA:16,0
DA:17,0
DA:18,0
DA:21,0
DA:22,0
DA:23,0
DA:26,0
DA:27,0
DA:28,0
DA:32,0
DA:33,0
DA:34,0
DA:35,0
DA:36,0
DA:37,0
DA:38,0
DA:41,0
DA:46,0
DA:56,0
DA:62,0
DA:89,0
DA:102,0
DA:111,0
DA:120,0
DA:133,0
LF:32
LH:0
BRDA:27,0,0,0
BRDA:27,0,1,0
BRDA:27,1,0,0
BRDA:27,1,1,0
BRDA:34,2,0,0
BRDA:34,2,1,0
BRDA:35,3,0,0
BRDA:35,3,1,0
BRDA:36,4,0,0
BRDA:36,4,1,0
BRDA:49,5,0,0
BRDA:49,5,1,0
BRDA:72,6,0,0
BRDA:72,6,1,0
BRDA:88,7,0,0
BRDA:88,7,1,0
BRDA:101,8,0,0
BRDA:101,8,1,0
BRDA:110,9,0,0
BRDA:110,9,1,0
BRDA:119,10,0,0
BRDA:119,10,1,0
BRDA:132,11,0,0
BRDA:132,11,1,0
BRDA:152,12,0,0
BRDA:152,12,1,0
BRDA:161,13,0,0
BRDA:161,13,1,0
BRDA:161,13,2,0
BRF:29
BRH:0
end_of_record
TN:
SF:src/components/IntegrationDashboard.tsx
FN:7,(anonymous_0)
FNF:1
FNH:0
FNDA:0,(anonymous_0)
DA:7,0
DA:8,0
LF:2
LH:0
BRDA:18,0,0,0
BRDA:18,0,1,0
BRDA:20,1,0,0
BRDA:20,1,1,0
BRDA:34,2,0,0
BRDA:34,2,1,0
BRDA:36,3,0,0
BRDA:36,3,1,0
BRDA:50,4,0,0
BRDA:50,4,1,0
BRDA:52,5,0,0
BRDA:52,5,1,0
BRDA:66,6,0,0
BRDA:66,6,1,0
BRDA:68,7,0,0
BRDA:68,7,1,0
BRF:16
BRH:0
end_of_record
TN:
SF:src/components/LightweightTrackCard.tsx
FN:10,(anonymous_0)
FN:14,(anonymous_1)
FN:15,(anonymous_2)
FN:18,(anonymous_3)
FN:23,(anonymous_4)
FN:28,(anonymous_5)
FN:33,(anonymous_6)
FN:38,(anonymous_7)
FN:72,(anonymous_8)
FN:77,(anonymous_9)
FN:97,(anonymous_10)
FNF:11
FNH:0
FNDA:0,(anonymous_0)
FNDA:0,(anonymous_1)
FNDA:0,(anonymous_2)
FNDA:0,(anonymous_3)
FNDA:0,(anonymous_4)
FNDA:0,(anonymous_5)
FNDA:0,(anonymous_6)
FNDA:0,(anonymous_7)
FNDA:0,(anonymous_8)
FNDA:0,(anonymous_9)
FNDA:0,(anonymous_10)
DA:10,0
DA:11,0
DA:14,0
DA:15,0
DA:16,0
DA:18,0
DA:19,0
DA:23,0
DA:24,0
DA:25,0
DA:28,0
DA:29,0
DA:30,0
DA:33,0
DA:34,0
DA:35,0
DA:38,0
DA:39,0
DA:40,0
DA:41,0
DA:42,0
DA:43,0
DA:47,0
DA:72,0
DA:78,0
DA:79,0
DA:80,0
DA:82,0
DA:83,0
DA:98,0
LF:30
LH:0
BRDA:39,0,0,0
BRDA:39,0,1,0
BRDA:39,0,2,0
BRDA:39,0,3,0
BRDA:78,1,0,0
BRDA:78,1,1,0
BRDA:87,2,0,0
BRDA:87,2,1,0
BRDA:92,3,0,0
BRDA:92,3,1,0
BRDA:105,4,0,0
BRDA:105,4,1,0
BRF:12
BRH:0
end_of_record
TN:
SF:src/components/OverlayJukebox.tsx
FN:6,(anonymous_0)
FN:17,(anonymous_1)
FN:18,(anonymous_2)
FN:63,(anonymous_3)
FN:79,(anonymous_4)
FN:83,(anonymous_5)
FN:88,(anonymous_6)
FN:94,(anonymous_7)
FN:99,(anonymous_8)
FN:105,(anonymous_9)
FN:112,(anonymous_10)
FN:114,(anonymous_11)
FN:116,(anonymous_12)
FN:177,(anonymous_13)
FN:182,(anonymous_14)
FN:245,(anonymous_15)
FNF:16
FNH:0
FNDA:0,(anonymous_0)
FNDA:0,(anonymous_1)
FNDA:0,(anonymous_2)
FNDA:0,(anonymous_3)
FNDA:0,(anonymous_4)
FNDA:0,(anonymous_5)
FNDA:0,(anonymous_6)
FNDA:0,(anonymous_7)
FNDA:0,(anonymous_8)
FNDA:0,(anonymous_9)
FNDA:0,(anonymous_10)
FNDA:0,(anonymous_11)
FNDA:0,(anonymous_12)
FNDA:0,(anonymous_13)
FNDA:0,(anonymous_14)
FNDA:0,(anonymous_15)
DA:6,0
DA:7,0
DA:8,0
DA:9,0
DA:10,0
DA:11,0
DA:12,0
DA:13,0
DA:17,0
DA:18,0
DA:19,0
DA:21,0
DA:62,0
DA:63,0
DA:65,0
DA:66,0
DA:67,0
DA:69,0
DA:73,0
DA:76,0
DA:77,0
DA:79,0
DA:80,0
DA:83,0
DA:84,0
DA:85,0
DA:86,0
DA:88,0
DA:89,0
DA:94,0
DA:95,0
DA:96,0
DA:97,0
DA:99,0
DA:100,0
DA:105,0
DA:106,0
DA:107,0
DA:112,0
DA:114,0
DA:116,0
DA:118,0
DA:119,0
DA:129,0
DA:130,0
DA:139,0
DA:177,0
DA:183,0
DA:245,0
LF:49
LH:0
BRDA:76,0,0,0
BRDA:76,0,1,0
BRDA:86,1,0,0
BRDA:86,1,1,0
BRDA:95,2,0,0
BRDA:95,2,1,0
BRDA:97,3,0,0
BRDA:97,3,1,0
BRDA:118,4,0,0
BRDA:118,4,1,0
BRDA:129,5,0,0
BRDA:129,5,1,0
BRDA:214,6,0,0
BRDA:214,6,1,0
BRDA:257,7,0,0
BRDA:257,7,1,0
BRDA:266,8,0,0
BRDA:266,8,1,0
BRF:18
BRH:0
end_of_record
TN:
SF:src/components/PlaceholderAvatar.tsx
FN:9,(anonymous_0)
FN:10,(anonymous_1)
FN:13,(anonymous_2)
FN:19,(anonymous_3)
FN:34,(anonymous_4)
FNF:5
FNH:0
FNDA:0,(anonymous_0)
FNDA:0,(anonymous_1)
FNDA:0,(anonymous_2)
FNDA:0,(anonymous_3)
FNDA:0,(anonymous_4)
DA:9,0
DA:10,0
DA:11,0
DA:13,0
DA:19,0
DA:20,0
DA:22,0
DA:24,0
DA:26,0
DA:28,0
DA:30,0
DA:34,0
DA:35,0
DA:47,0
DA:48,0
DA:49,0
DA:51,0
DA:52,0
DA:55,0
LF:19
LH:0
BRDA:9,0,0,0
BRDA:9,1,0,0
BRDA:20,2,0,0
BRDA:20,2,1,0
BRDA:20,2,2,0
BRDA:20,2,3,0
BRDA:20,2,4,0
BRF:7
BRH:0
end_of_record
TN:
SF:src/components/PricingPage.tsx
FN:8,(anonymous_0)
FN:165,(anonymous_1)
FN:175,(anonymous_2)
FN:195,(anonymous_3)
FN:224,(anonymous_4)
FN:233,(anonymous_5)
FN:245,(anonymous_6)
FN:278,(anonymous_7)
FN:287,(anonymous_8)
FN:331,(anonymous_9)
FN:339,(anonymous_10)
FNF:11
FNH:0
FNDA:0,(anonymous_0)
FNDA:0,(anonymous_1)
FNDA:0,(anonymous_2)
FNDA:0,(anonymous_3)
FNDA:0,(anonymous_4)
FNDA:0,(anonymous_5)
FNDA:0,(anonymous_6)
FNDA:0,(anonymous_7)
FNDA:0,(anonymous_8)
FNDA:0,(anonymous_9)
FNDA:0,(anonymous_10)
DA:8,0
DA:9,0
DA:11,0
DA:55,0
DA:121,0
DA:132,0
DA:145,0
DA:165,0
DA:175,0
DA:196,0
DA:225,0
DA:233,0
DA:246,0
DA:279,0
DA:287,0
DA:332,0
DA:340,0
LF:17
LH:0
BRDA:167,0,0,0
BRDA:167,0,1,0
BRDA:177,1,0,0
BRDA:177,1,1,0
BRDA:194,2,0,0
BRDA:194,2,1,0
BRDA:202,3,0,0
BRDA:202,3,1,0
BRDA:207,4,0,0
BRDA:207,4,1,0
BRDA:235,5,0,0
BRDA:235,5,1,0
BRDA:252,6,0,0
BRDA:252,6,1,0
BRDA:257,7,0,0
BRDA:257,7,1,0
BRDA:269,8,0,0
BRDA:269,8,1,0
BRDA:271,9,0,0
BRDA:271,9,1,0
BRDA:289,10,0,0
BRDA:289,10,1,0
BRDA:294,11,0,0
BRDA:294,11,1,0
BRDA:315,12,0,0
BRDA:315,12,1,0
BRDA:330,13,0,0
BRDA:330,13,1,0
BRF:28
BRH:0
end_of_record
TN:
SF:src/components/ProfessionalAudioDashboard.tsx
FN:10,(anonymous_0)
FN:22,(anonymous_1)
FN:23,(anonymous_2)
FN:80,(anonymous_3)
FN:84,(anonymous_4)
FN:88,(anonymous_5)
FN:92,(anonymous_6)
FN:97,(anonymous_7)
FN:100,(anonymous_8)
FN:111,(anonymous_9)
FN:173,(anonymous_10)
FN:176,(anonymous_11)
FN:209,(anonymous_12)
FN:218,(anonymous_13)
FN:221,(anonymous_14)
FN:231,(anonymous_15)
FN:234,(anonymous_16)
FN:244,(anonymous_17)
FN:247,(anonymous_18)
FN:265,(anonymous_19)
FN:269,(anonymous_20)
FNF:21
FNH:0
FNDA:0,(anonymous_0)
FNDA:0,(anonymous_1)
FNDA:0,(anonymous_2)
FNDA:0,(anonymous_3)
FNDA:0,(anonymous_4)
FNDA:0,(anonymous_5)
FNDA:0,(anonymous_6)
FNDA:0,(anonymous_7)
FNDA:0,(anonymous_8)
FNDA:0,(anonymous_9)
FNDA:0,(anonymous_10)
FNDA:0,(anonymous_11)
FNDA:0,(anonymous_12)
FNDA:0,(anonymous_13)
FNDA:0,(anonymous_14)
FNDA:0,(anonymous_15)
FNDA:0,(anonymous_16)
FNDA:0,(anonymous_17)
FNDA:0,(anonymous_18)
FNDA:0,(anonymous_19)
FNDA:0,(anonymous_20)
DA:10,0
DA:11,0
DA:12,0
DA:13,0
DA:14,0
DA:15,0
DA:16,0
DA:17,0
DA:18,0
DA:22,0
DA:23,0
DA:24,0
DA:26,0
DA:67,0
DA:68,0
DA:69,0
DA:71,0
DA:72,0
DA:76,0
DA:80,0
DA:81,0
DA:83,0
DA:84,0
DA:87,0
DA:88,0
DA:91,0
DA:92,0
DA:95,0
DA:96,0
DA:97,0
DA:98,0
DA:100,0
DA:104,0
DA:107,0
DA:108,0
DA:109,0
DA:111,0
DA:112,0
DA:113,0
DA:116,0
DA:117,0
DA:127,0
DA:174,0
DA:176,0
DA:209,0
DA:218,0
DA:222,0
DA:231,0
DA:235,0
DA:244,0
DA:248,0
DA:266,0
DA:269,0
LF:53
LH:0
BRDA:83,0,0,0
BRDA:83,0,1,0
BRDA:87,1,0,0
BRDA:87,1,1,0
BRDA:91,2,0,0
BRDA:91,2,1,0
BRDA:95,3,0,0
BRDA:95,3,1,0
BRDA:98,4,0,0
BRDA:98,4,1,0
BRDA:98,4,2,0
BRDA:112,5,0,0
BRDA:112,5,1,0
BRDA:116,6,0,0
BRDA:116,6,1,0
BRDA:146,7,0,0
BRDA:146,7,1,0
BRDA:149,8,0,0
BRDA:149,8,1,0
BRDA:153,9,0,0
BRDA:153,9,1,0
BRDA:178,10,0,0
BRDA:178,10,1,0
BRDA:194,11,0,0
BRDA:194,11,1,0
BRDA:223,12,0,0
BRDA:223,12,1,0
BRDA:236,13,0,0
BRDA:236,13,1,0
BRDA:249,14,0,0
BRDA:249,14,1,0
BRDA:257,15,0,0
BRDA:257,15,1,0
BRDA:274,16,0,0
BRDA:274,16,1,0
BRDA:283,17,0,0
BRDA:283,17,1,0
BRDA:295,18,0,0
BRDA:295,18,1,0
BRDA:312,19,0,0
BRDA:312,19,1,0
BRDA:315,20,0,0
BRDA:315,20,1,0
BRDA:327,21,0,0
BRDA:327,21,1,0
BRDA:330,22,0,0
BRDA:330,22,1,0
BRDA:334,23,0,0
BRDA:334,23,1,0
BRDA:377,24,0,0
BRDA:377,24,1,0
BRDA:383,25,0,0
BRDA:383,25,1,0
BRF:53
BRH:0
end_of_record
TN:
SF:src/components/RoleGuard.tsx
FN:4,(anonymous_0)
FNF:1
FNH:1
FNDA:15,(anonymous_0)
DA:4,2
DA:10,15
DA:11,7
DA:14,8
LF:4
LH:4
BRDA:8,0,0,14
BRDA:10,1,0,7
BRDA:10,1,1,8
BRF:3
BRH:3
end_of_record
TN:
SF:src/components/SmartPlaylists.tsx
FN:21,(anonymous_0)
FN:27,(anonymous_1)
FN:31,(anonymous_2)
FN:89,(anonymous_3)
FN:99,(anonymous_4)
FN:129,(anonymous_5)
FN:133,(anonymous_6)
FN:186,(anonymous_7)
FN:217,(anonymous_8)
FNF:9
FNH:0
FNDA:0,(anonymous_0)
FNDA:0,(anonymous_1)
FNDA:0,(anonymous_2)
FNDA:0,(anonymous_3)
FNDA:0,(anonymous_4)
FNDA:0,(anonymous_5)
FNDA:0,(anonymous_6)
FNDA:0,(anonymous_7)
FNDA:0,(anonymous_8)
DA:21,0
DA:22,0
DA:23,0
DA:24,0
DA:25,0
DA:27,0
DA:28,0
DA:31,0
DA:32,0
DA:33,0
DA:34,0
DA:36,0
DA:81,0
DA:83,0
DA:85,0
DA:89,0
DA:90,0
DA:91,0
DA:94,0
DA:99,0
DA:101,0
DA:104,0
DA:105,0
DA:115,0
DA:130,0
DA:133,0
DA:186,0
DA:218,0
LF:28
LH:0
BRDA:41,0,0,0
BRDA:41,0,1,0
BRDA:48,1,0,0
BRDA:48,1,1,0
BRDA:55,2,0,0
BRDA:55,2,1,0
BRDA:62,3,0,0
BRDA:62,3,1,0
BRDA:69,4,0,0
BRDA:69,4,1,0
BRDA:76,5,0,0
BRDA:76,5,1,0
BRDA:90,6,0,0
BRDA:90,6,1,0
BRDA:104,7,0,0
BRDA:104,7,1,0
BRDA:158,8,0,0
BRDA:158,8,1,0
BRDA:210,9,0,0
BRDA:210,9,1,0
BRF:20
BRH:0
end_of_record
TN:
SF:src/components/StreamSoundboard.tsx
FN:8,(anonymous_0)
FN:9,(anonymous_1)
FNF:2
FNH:0
FNDA:0,(anonymous_0)
FNDA:0,(anonymous_1)
DA:8,0
DA:9,0
DA:11,0
DA:12,0
DA:22,0
LF:5
LH:0
BRDA:11,0,0,0
BRDA:11,0,1,0
BRDA:36,1,0,0
BRDA:36,1,1,0
BRF:4
BRH:0
end_of_record
TN:
SF:src/components/StreamerMode.tsx
FN:13,(anonymous_0)
FN:21,(anonymous_1)
FN:48,(anonymous_2)
FN:49,(anonymous_3)
FN:84,(anonymous_4)
FN:88,(anonymous_5)
FN:94,(anonymous_6)
FN:100,(anonymous_7)
FN:108,(anonymous_8)
FN:113,(anonymous_9)
FN:125,(anonymous_10)
FN:129,(anonymous_11)
FN:139,(anonymous_12)
FN:144,(anonymous_13)
FN:150,(anonymous_14)
FN:190,(anonymous_15)
FN:238,(anonymous_16)
FN:243,(anonymous_17)
FN:287,(anonymous_18)
FN:317,(anonymous_19)
FNF:20
FNH:0
FNDA:0,(anonymous_0)
FNDA:0,(anonymous_1)
FNDA:0,(anonymous_2)
FNDA:0,(anonymous_3)
FNDA:0,(anonymous_4)
FNDA:0,(anonymous_5)
FNDA:0,(anonymous_6)
FNDA:0,(anonymous_7)
FNDA:0,(anonymous_8)
FNDA:0,(anonymous_9)
FNDA:0,(anonymous_10)
FNDA:0,(anonymous_11)
FNDA:0,(anonymous_12)
FNDA:0,(anonymous_13)
FNDA:0,(anonymous_14)
FNDA:0,(anonymous_15)
FNDA:0,(anonymous_16)
FNDA:0,(anonymous_17)
FNDA:0,(anonymous_18)
FNDA:0,(anonymous_19)
DA:13,0
DA:14,0
DA:15,0
DA:16,0
DA:17,0
DA:18,0
DA:19,0
DA:21,0
DA:22,0
DA:23,0
DA:24,0
DA:26,0
DA:27,0
DA:30,0
DA:32,0
DA:40,0
DA:43,0
DA:44,0
DA:48,0
DA:49,0
DA:50,0
DA:52,0
DA:53,0
DA:55,0
DA:56,0
DA:57,0
DA:58,0
DA:59,0
DA:63,0
DA:64,0
DA:65,0
DA:66,0
DA:67,0
DA:68,0
DA:72,0
DA:73,0
DA:74,0
DA:77,0
DA:78,0
DA:79,0
DA:83,0
DA:84,0
DA:88,0
DA:89,0
DA:90,0
DA:91,0
DA:94,0
DA:95,0
DA:96,0
DA:98,0
DA:99,0
DA:100,0
DA:101,0
DA:105,0
DA:108,0
DA:109,0
DA:113,0
DA:114,0
DA:115,0
DA:117,0
DA:119,0
DA:125,0
DA:129,0
DA:130,0
DA:131,0
DA:132,0
DA:134,0
DA:135,0
DA:139,0
DA:140,0
DA:141,0
DA:144,0
DA:145,0
DA:146,0
DA:147,0
DA:150,0
DA:151,0
DA:152,0
DA:155,0
DA:157,0
DA:190,0
DA:239,0
DA:243,0
DA:287,0
DA:317,0
LF:85
LH:0
BRDA:26,0,0,0
BRDA:26,0,1,0
BRDA:35,1,0,0
BRDA:35,1,1,0
BRDA:36,2,0,0
BRDA:36,2,1,0
BRDA:36,3,0,0
BRDA:36,3,1,0
BRDA:50,4,0,0
BRDA:50,4,1,0
BRDA:55,5,0,0
BRDA:55,5,1,0
BRDA:55,6,0,0
BRDA:55,6,1,0
BRDA:58,7,0,0
BRDA:58,7,1,0
BRDA:63,8,0,0
BRDA:63,8,1,0
BRDA:65,9,0,0
BRDA:65,9,1,0
BRDA:67,10,0,0
BRDA:67,10,1,0
BRDA:72,11,0,0
BRDA:72,11,1,0
BRDA:77,12,0,0
BRDA:77,12,1,0
BRDA:79,13,0,0
BRDA:79,13,1,0
BRDA:95,14,0,0
BRDA:95,14,1,0
BRDA:98,15,0,0
BRDA:98,15,1,0
BRDA:155,16,0,0
BRDA:155,16,1,0
BRDA:174,17,0,0
BRDA:174,17,1,0
BRDA:174,17,2,0
BRDA:193,18,0,0
BRDA:193,18,1,0
BRDA:206,19,0,0
BRDA:206,19,1,0
BRDA:245,20,0,0
BRDA:245,20,1,0
BRDA:264,21,0,0
BRDA:264,21,1,0
BRDA:264,22,0,0
BRDA:264,22,1,0
BRDA:275,23,0,0
BRDA:275,23,1,0
BRDA:287,24,0,0
BRDA:287,24,1,0
BRDA:289,25,0,0
BRDA:289,25,1,0
BRDA:294,26,0,0
BRDA:294,26,1,0
BRF:55
BRH:0
end_of_record
TN:
SF:src/components/StreamerProfile.tsx
FN:12,(anonymous_0)
FN:16,(anonymous_1)
FN:21,(anonymous_2)
FN:26,(anonymous_3)
FN:27,(anonymous_4)
FN:46,(anonymous_5)
FN:60,(anonymous_6)
FN:109,(anonymous_7)
FN:124,(anonymous_8)
FN:145,(anonymous_9)
FN:164,(anonymous_10)
FN:204,(anonymous_11)
FN:214,(anonymous_12)
FNF:13
FNH:0
FNDA:0,(anonymous_0)
FNDA:0,(anonymous_1)
FNDA:0,(anonymous_2)
FNDA:0,(anonymous_3)
FNDA:0,(anonymous_4)
FNDA:0,(anonymous_5)
FNDA:0,(anonymous_6)
FNDA:0,(anonymous_7)
FNDA:0,(anonymous_8)
FNDA:0,(anonymous_9)
FNDA:0,(anonymous_10)
FNDA:0,(anonymous_11)
FNDA:0,(anonymous_12)
DA:12,0
DA:13,0
DA:14,0
DA:16,0
DA:17,0
DA:18,0
DA:21,0
DA:22,0
DA:23,0
DA:26,0
DA:27,0
DA:36,0
DA:46,0
DA:60,0
DA:109,0
DA:124,0
DA:145,0
DA:164,0
DA:205,0
DA:215,0
LF:20
LH:0
BRDA:58,0,0,0
BRDA:58,0,1,0
BRDA:103,1,0,0
BRDA:103,1,1,0
BRDA:121,2,0,0
BRDA:121,2,1,0
BRDA:142,3,0,0
BRDA:142,3,1,0
BRF:8
BRH:0
end_of_record
TN:
SF:src/components/SunoPlayer.tsx
FN:15,(anonymous_0)
FN:31,(anonymous_1)
FN:47,(anonymous_2)
FN:51,(anonymous_3)
FN:62,(anonymous_4)
FN:69,(anonymous_5)
FN:76,(anonymous_6)
FN:82,(anonymous_7)
FN:87,(anonymous_8)
FN:95,(anonymous_9)
FN:108,(anonymous_10)
FN:115,(anonymous_11)
FN:124,(anonymous_12)
FN:149,(anonymous_13)
FN:157,(anonymous_14)
FNF:15
FNH:0
FNDA:0,(anonymous_0)
FNDA:0,(anonymous_1)
FNDA:0,(anonymous_2)
FNDA:0,(anonymous_3)
FNDA:0,(anonymous_4)
FNDA:0,(anonymous_5)
FNDA:0,(anonymous_6)
FNDA:0,(anonymous_7)
FNDA:0,(anonymous_8)
FNDA:0,(anonymous_9)
FNDA:0,(anonymous_10)
FNDA:0,(anonymous_11)
FNDA:0,(anonymous_12)
FNDA:0,(anonymous_13)
FNDA:0,(anonymous_14)
DA:15,0
DA:24,0
DA:25,0
DA:26,0
DA:27,0
DA:28,0
DA:31,0
DA:32,0
DA:33,0
DA:34,0
DA:37,0
DA:38,0
DA:40,0
DA:41,0
DA:42,0
DA:47,0
DA:48,0
DA:50,0
DA:51,0
DA:52,0
DA:53,0
DA:54,0
DA:57,0
DA:62,0
DA:63,0
DA:64,0
DA:69,0
DA:70,0
DA:71,0
DA:72,0
DA:76,0
DA:77,0
DA:78,0
DA:82,0
DA:83,0
DA:84,0
DA:87,0
DA:88,0
DA:89,0
DA:90,0
DA:91,0
DA:95,0
DA:96,0
DA:98,0
DA:99,0
DA:100,0
DA:101,0
DA:103,0
DA:104,0
DA:108,0
DA:109,0
DA:110,0
DA:111,0
DA:115,0
DA:116,0
DA:117,0
DA:119,0
DA:124,0
DA:125,0
DA:126,0
DA:129,0
DA:130,0
DA:141,0
DA:149,0
DA:157,0
LF:65
LH:0
BRDA:32,0,0,0
BRDA:32,0,1,0
BRDA:40,1,0,0
BRDA:40,1,1,0
BRDA:48,2,0,0
BRDA:48,2,1,0
BRDA:50,3,0,0
BRDA:50,3,1,0
BRDA:63,4,0,0
BRDA:63,4,1,0
BRDA:70,5,0,0
BRDA:70,5,1,0
BRDA:77,6,0,0
BRDA:77,6,1,0
BRDA:96,7,0,0
BRDA:96,7,1,0
BRDA:96,8,0,0
BRDA:96,8,1,0
BRDA:116,9,0,0
BRDA:116,9,1,0
BRDA:129,10,0,0
BRDA:129,10,1,0
BRDA:176,11,0,0
BRDA:176,11,1,0
BRDA:180,12,0,0
BRDA:180,12,1,0
BRDA:194,13,0,0
BRDA:194,13,1,0
BRDA:196,14,0,0
BRDA:196,14,1,0
BRDA:201,15,0,0
BRDA:201,15,1,0
BRDA:203,16,0,0
BRDA:203,16,1,0
BRDA:234,17,0,0
BRDA:234,17,1,0
BRDA:234,18,0,0
BRDA:234,18,1,0
BRDA:236,19,0,0
BRDA:236,19,1,0
BRF:40
BRH:0
end_of_record
TN:
SF:src/components/TrackCard.tsx
FN:12,(anonymous_0)
FN:19,(anonymous_1)
FN:20,(anonymous_2)
FN:23,(anonymous_3)
FN:38,(anonymous_4)
FN:43,(anonymous_5)
FN:48,(anonymous_6)
FN:53,(anonymous_7)
FN:59,(anonymous_8)
FN:67,(anonymous_9)
FN:72,(anonymous_10)
FN:78,(anonymous_11)
FN:87,(anonymous_12)
FN:99,(anonymous_13)
FN:100,(anonymous_14)
FN:142,(anonymous_15)
FN:169,(anonymous_16)
FN:175,(anonymous_17)
FN:188,(anonymous_18)
FN:194,(anonymous_19)
FN:204,(anonymous_20)
FN:250,(anonymous_21)
FNF:22
FNH:0
FNDA:0,(anonymous_0)
FNDA:0,(anonymous_1)
FNDA:0,(anonymous_2)
FNDA:0,(anonymous_3)
FNDA:0,(anonymous_4)
FNDA:0,(anonymous_5)
FNDA:0,(anonymous_6)
FNDA:0,(anonymous_7)
FNDA:0,(anonymous_8)
FNDA:0,(anonymous_9)
FNDA:0,(anonymous_10)
FNDA:0,(anonymous_11)
FNDA:0,(anonymous_12)
FNDA:0,(anonymous_13)
FNDA:0,(anonymous_14)
FNDA:0,(anonymous_15)
FNDA:0,(anonymous_16)
FNDA:0,(anonymous_17)
FNDA:0,(anonymous_18)
FNDA:0,(anonymous_19)
FNDA:0,(anonymous_20)
FNDA:0,(anonymous_21)
DA:12,0
DA:13,0
DA:14,0
DA:15,0
DA:16,0
DA:19,0
DA:20,0
DA:21,0
DA:23,0
DA:24,0
DA:38,0
DA:39,0
DA:40,0
DA:43,0
DA:44,0
DA:45,0
DA:48,0
DA:49,0
DA:50,0
DA:53,0
DA:54,0
DA:55,0
DA:57,0
DA:59,0
DA:61,0
DA:63,0
DA:67,0
DA:68,0
DA:69,0
DA:70,0
DA:71,0
DA:72,0
DA:74,0
DA:78,0
DA:79,0
DA:80,0
DA:81,0
DA:82,0
DA:83,0
DA:87,0
DA:88,0
DA:89,0
DA:90,0
DA:91,0
DA:92,0
DA:93,0
DA:94,0
DA:95,0
DA:99,0
DA:100,0
DA:103,0
DA:143,0
DA:169,0
DA:175,0
DA:188,0
DA:194,0
DA:204,0
DA:251,0
LF:58
LH:0
BRDA:79,0,0,0
BRDA:79,0,1,0
BRDA:79,0,2,0
BRDA:79,0,3,0
BRDA:88,1,0,0
BRDA:88,1,1,0
BRDA:88,1,2,0
BRDA:88,1,3,0
BRDA:88,1,4,0
BRDA:88,1,5,0
BRDA:88,1,6,0
BRDA:125,2,0,0
BRDA:125,2,1,0
BRDA:126,3,0,0
BRDA:126,3,1,0
BRDA:150,4,0,0
BRDA:150,4,1,0
BRDA:158,5,0,0
BRDA:158,5,1,0
BRDA:234,6,0,0
BRDA:234,6,1,0
BRDA:239,7,0,0
BRDA:239,7,1,0
BRDA:263,8,0,0
BRDA:263,8,1,0
BRF:25
BRH:0
end_of_record
TN:
SF:src/components/UltraLightTrackCard.tsx
FN:13,(anonymous_0)
FN:20,(anonymous_1)
FN:21,(anonymous_2)
FN:30,(anonymous_3)
FN:35,(anonymous_4)
FNF:5
FNH:0
FNDA:0,(anonymous_0)
FNDA:0,(anonymous_1)
FNDA:0,(anonymous_2)
FNDA:0,(anonymous_3)
FNDA:0,(anonymous_4)
DA:13,0
DA:14,0
DA:17,0
DA:20,0
DA:21,0
DA:22,0
DA:23,0
DA:25,0
DA:28,0
DA:30,0
DA:31,0
DA:35,0
DA:36,0
DA:37,0
DA:38,0
DA:39,0
DA:40,0
DA:42,0
DA:43,0
DA:46,0
DA:47,0
DA:48,0
DA:50,0
DA:51,0
DA:74,0
LF:25
LH:0
BRDA:17,0,0,0
BRDA:17,0,1,0
BRDA:22,1,0,0
BRDA:22,1,1,0
BRDA:37,2,0,0
BRDA:37,2,1,0
BRDA:39,3,0,0
BRDA:39,3,1,0
BRDA:47,4,0,0
BRDA:47,4,1,0
BRDA:100,5,0,0
BRDA:100,5,1,0
BRDA:105,6,0,0
BRDA:105,6,1,0
BRF:14
BRH:0
end_of_record
TN:
SF:src/components/admin/AdminPanel.tsx
FN:11,(anonymous_0)
FN:17,(anonymous_1)
FN:21,(anonymous_2)
FN:34,(anonymous_3)
FN:37,(anonymous_4)
FN:48,(anonymous_5)
FN:50,(anonymous_6)
FN:51,(anonymous_7)
FN:52,(anonymous_8)
FN:69,(anonymous_9)
FN:87,(anonymous_10)
FN:90,(anonymous_11)
FN:115,(anonymous_12)
FN:149,(anonymous_13)
FN:167,(anonymous_14)
FN:175,(anonymous_15)
FN:223,(anonymous_16)
FNF:17
FNH:7
FNDA:47,(anonymous_0)
FNDA:39,(anonymous_1)
FNDA:39,(anonymous_2)
FNDA:0,(anonymous_3)
FNDA:0,(anonymous_4)
FNDA:47,(anonymous_5)
FNDA:0,(anonymous_6)
FNDA:0,(anonymous_7)
FNDA:0,(anonymous_8)
FNDA:4,(anonymous_9)
FNDA:141,(anonymous_10)
FNDA:4,(anonymous_11)
FNDA:0,(anonymous_12)
FNDA:0,(anonymous_13)
FNDA:0,(anonymous_14)
FNDA:0,(anonymous_15)
FNDA:0,(anonymous_16)
DA:11,2
DA:12,47
DA:13,47
DA:14,47
DA:15,47
DA:17,47
DA:18,39
DA:21,47
DA:22,39
DA:23,39
DA:24,39
DA:25,39
DA:27,0
DA:29,39
DA:34,47
DA:35,0
DA:37,0
DA:40,0
DA:42,0
DA:44,0
DA:48,47
DA:49,47
DA:50,47
DA:51,47
DA:52,47
DA:54,47
DA:57,47
DA:59,47
DA:69,4
DA:88,141
DA:90,4
DA:115,0
DA:149,0
DA:167,0
DA:176,0
DA:223,0
LF:36
LH:25
BRDA:92,0,0,47
BRDA:92,0,1,94
BRDA:104,1,0,47
BRDA:104,1,1,39
BRDA:144,2,0,47
BRDA:144,2,1,8
BRDA:156,3,0,8
BRDA:156,3,1,0
BRDA:161,4,0,0
BRDA:161,4,1,0
BRDA:184,5,0,0
BRDA:184,5,1,0
BRDA:207,6,0,47
BRDA:207,6,1,0
BRDA:220,7,0,47
BRDA:220,7,1,0
BRF:16
BRH:9
end_of_record
TN:
SF:src/components/admin/TrackUploader.tsx
FN:12,(anonymous_0)
FN:40,(anonymous_1)
FN:45,(anonymous_2)
FN:50,(anonymous_3)
FN:60,(anonymous_4)
FN:63,(anonymous_5)
FN:72,(anonymous_6)
FN:79,(anonymous_7)
FN:80,(anonymous_8)
FN:86,(anonymous_9)
FN:87,(anonymous_10)
FN:87,(anonymous_11)
FN:88,(anonymous_12)
FN:91,(anonymous_13)
FN:99,(anonymous_14)
FN:100,(anonymous_15)
FN:116,(anonymous_16)
FN:130,(anonymous_17)
FN:193,(anonymous_18)
FN:250,(anonymous_19)
FN:261,(anonymous_20)
FN:272,(anonymous_21)
FN:275,(anonymous_22)
FN:288,(anonymous_23)
FN:299,(anonymous_24)
FN:316,(anonymous_25)
FN:333,(anonymous_26)
FN:346,(anonymous_27)
FN:359,(anonymous_28)
FN:371,(anonymous_29)
FN:384,(anonymous_30)
FN:394,(anonymous_31)
FN:404,(anonymous_32)
FN:414,(anonymous_33)
FN:424,(anonymous_34)
FN:434,(anonymous_35)
FNF:36
FNH:10
FNDA:38,(anonymous_0)
FNDA:0,(anonymous_1)
FNDA:0,(anonymous_2)
FNDA:0,(anonymous_3)
FNDA:15,(anonymous_4)
FNDA:15,(anonymous_5)
FNDA:15,(anonymous_6)
FNDA:1,(anonymous_7)
FNDA:1,(anonymous_8)
FNDA:0,(anonymous_9)
FNDA:0,(anonymous_10)
FNDA:0,(anonymous_11)
FNDA:0,(anonymous_12)
FNDA:1,(anonymous_13)
FNDA:0,(anonymous_14)
FNDA:0,(anonymous_15)
FNDA:0,(anonymous_16)
FNDA:0,(anonymous_17)
FNDA:1,(anonymous_18)
FNDA:0,(anonymous_19)
FNDA:0,(anonymous_20)
FNDA:0,(anonymous_21)
FNDA:170,(anonymous_22)
FNDA:0,(anonymous_23)
FNDA:0,(anonymous_24)
FNDA:0,(anonymous_25)
FNDA:0,(anonymous_26)
FNDA:0,(anonymous_27)
FNDA:0,(anonymous_28)
FNDA:0,(anonymous_29)
FNDA:0,(anonymous_30)
FNDA:1,(anonymous_31)
FNDA:0,(anonymous_32)
FNDA:0,(anonymous_33)
FNDA:0,(anonymous_34)
FNDA:0,(anonymous_35)
DA:12,3
DA:13,38
DA:14,38
DA:15,38
DA:16,38
DA:17,38
DA:18,38
DA:37,38
DA:38,38
DA:40,38
DA:41,0
DA:42,0
DA:45,38
DA:46,0
DA:47,0
DA:50,38
DA:51,0
DA:52,0
DA:54,0
DA:55,0
DA:56,0
DA:60,38
DA:61,15
DA:62,15
DA:63,15
DA:68,15
DA:72,38
DA:73,15
DA:74,15
DA:75,15
DA:79,38
DA:80,1
DA:86,38
DA:87,0
DA:88,0
DA:91,38
DA:92,1
DA:94,1
DA:95,1
DA:97,1
DA:99,1
DA:100,0
DA:101,0
DA:102,0
DA:103,0
DA:105,0
DA:110,1
DA:112,1
DA:113,1
DA:116,1
DA:117,0
DA:118,0
DA:122,0
DA:123,0
DA:125,1
DA:126,1
DA:130,38
DA:131,0
DA:132,0
DA:133,0
DA:153,38
DA:193,1
DA:250,0
DA:261,0
DA:272,0
DA:276,170
DA:288,0
DA:299,0
DA:316,0
DA:333,0
DA:346,0
DA:359,0
DA:371,0
DA:384,0
DA:394,1
DA:404,0
DA:414,0
DA:424,0
DA:434,0
LF:79
LH:41
BRDA:55,0,0,0
BRDA:55,0,1,0
BRDA:55,1,0,0
BRDA:55,1,1,0
BRDA:61,2,0,15
BRDA:61,2,1,0
BRDA:74,3,0,15
BRDA:74,3,1,0
BRDA:92,4,0,0
BRDA:92,4,1,1
BRDA:101,5,0,0
BRDA:101,5,1,0
BRDA:178,6,0,38
BRDA:178,6,1,21
BRDA:186,7,0,0
BRDA:186,7,1,21
BRDA:212,8,0,0
BRDA:212,8,1,38
BRDA:220,9,0,38
BRDA:220,9,1,0
BRDA:234,10,0,38
BRDA:234,10,1,17
BRDA:332,11,0,17
BRDA:332,11,1,17
BRDA:333,12,0,0
BRDA:333,12,1,0
BRDA:358,13,0,17
BRDA:358,13,1,17
BRDA:370,14,0,17
BRDA:370,14,1,17
BRDA:442,15,0,17
BRDA:442,15,1,17
BRDA:458,16,0,17
BRDA:458,16,1,1
BRDA:494,17,0,17
BRDA:494,17,1,17
BRDA:494,17,2,17
BRDA:494,17,3,17
BRDA:497,18,0,1
BRDA:497,18,1,16
BRF:40
BRH:26
end_of_record
TN:
SF:src/components/home/Footer.tsx
FN:4,(anonymous_0)
FN:38,(anonymous_1)
FNF:2
FNH:0
FNDA:0,(anonymous_0)
FNDA:0,(anonymous_1)
DA:4,0
DA:5,0
DA:7,0
DA:41,0
LF:4
LH:0
BRF:0
BRH:0
end_of_record
TN:
SF:src/components/home/HeroSection.tsx
FN:8,(anonymous_0)
FNF:1
FNH:0
FNDA:0,(anonymous_0)
DA:8,0
DA:9,0
LF:2
LH:0
BRF:0
BRH:0
end_of_record
TN:
SF:src/components/home/PricingTable.tsx
FN:8,(anonymous_0)
FN:105,(anonymous_1)
FN:136,(anonymous_2)
FN:193,(anonymous_3)
FN:201,(anonymous_4)
FN:204,(anonymous_5)
FNF:6
FNH:0
FNDA:0,(anonymous_0)
FNDA:0,(anonymous_1)
FNDA:0,(anonymous_2)
FNDA:0,(anonymous_3)
FNDA:0,(anonymous_4)
FNDA:0,(anonymous_5)
DA:8,0
DA:18,0
DA:69,0
DA:79,0
DA:106,0
DA:137,0
DA:194,0
DA:202,0
DA:205,0
LF:9
LH:0
BRDA:113,0,0,0
BRDA:113,0,1,0
BRDA:118,1,0,0
BRDA:118,1,1,0
BRDA:140,2,0,0
BRDA:140,2,1,0
BRDA:142,3,0,0
BRDA:142,3,1,0
BRDA:142,4,0,0
BRDA:142,4,1,0
BRDA:152,5,0,0
BRDA:152,5,1,0
BRDA:162,6,0,0
BRDA:162,6,1,0
BRDA:207,7,0,0
BRDA:207,7,1,0
BRDA:209,8,0,0
BRDA:209,8,1,0
BRDA:209,9,0,0
BRDA:209,9,1,0
BRF:20
BRH:0
end_of_record
TN:
SF:src/components/home/SignupForm.tsx
FN:10,(anonymous_0)
FN:27,(anonymous_1)
FN:33,(anonymous_2)
FN:38,(anonymous_3)
FN:45,(anonymous_4)
FN:51,(anonymous_5)
FN:86,(anonymous_6)
FN:134,(anonymous_7)
FN:145,(anonymous_8)
FN:179,(anonymous_9)
FN:184,(anonymous_10)
FN:228,(anonymous_11)
FNF:12
FNH:0
FNDA:0,(anonymous_0)
FNDA:0,(anonymous_1)
FNDA:0,(anonymous_2)
FNDA:0,(anonymous_3)
FNDA:0,(anonymous_4)
FNDA:0,(anonymous_5)
FNDA:0,(anonymous_6)
FNDA:0,(anonymous_7)
FNDA:0,(anonymous_8)
FNDA:0,(anonymous_9)
FNDA:0,(anonymous_10)
FNDA:0,(anonymous_11)
DA:10,0
DA:11,0
DA:12,0
DA:13,0
DA:14,0
DA:16,0
DA:21,0
DA:27,0
DA:28,0
DA:29,0
DA:30,0
DA:33,0
DA:34,0
DA:35,0
DA:38,0
DA:39,0
DA:40,0
DA:42,0
DA:45,0
DA:47,0
DA:48,0
DA:51,0
DA:52,0
DA:53,0
DA:54,0
DA:55,0
DA:59,0
DA:87,0
DA:134,0
DA:145,0
DA:180,0
DA:184,0
DA:228,0
LF:33
LH:0
BRDA:40,0,0,0
BRDA:40,0,1,0
BRDA:40,1,0,0
BRDA:40,1,1,0
BRDA:40,1,2,0
BRDA:52,2,0,0
BRDA:52,2,1,0
BRDA:54,3,0,0
BRDA:54,3,1,0
BRDA:89,4,0,0
BRDA:89,4,1,0
BRDA:95,5,0,0
BRDA:95,5,1,0
BRDA:97,6,0,0
BRDA:97,6,1,0
BRDA:104,7,0,0
BRDA:104,7,1,0
BRDA:107,8,0,0
BRDA:107,8,1,0
BRDA:110,9,0,0
BRDA:110,9,1,0
BRDA:120,10,0,0
BRDA:120,10,1,0
BRDA:157,11,0,0
BRDA:157,11,1,0
BRDA:173,12,0,0
BRDA:173,12,1,0
BRDA:179,13,0,0
BRDA:179,13,1,0
BRDA:189,14,0,0
BRDA:189,14,1,0
BRDA:190,15,0,0
BRDA:190,15,1,0
BRDA:200,16,0,0
BRDA:200,16,1,0
BRDA:234,17,0,0
BRDA:234,17,1,0
BRDA:249,18,0,0
BRDA:249,18,1,0
BRDA:252,19,0,0
BRDA:252,19,1,0
BRF:41
BRH:0
end_of_record
TN:
SF:src/components/home/ValueProps.tsx
FN:4,(anonymous_0)
FN:45,(anonymous_1)
FN:63,(anonymous_2)
FNF:3
FNH:0
FNDA:0,(anonymous_0)
FNDA:0,(anonymous_1)
FNDA:0,(anonymous_2)
DA:4,0
DA:5,0
DA:26,0
DA:46,0
DA:64,0
LF:5
LH:0
BRF:0
BRH:0
end_of_record
TN:
SF:src/data/categories.ts
FN:86,(anonymous_0)
FN:87,(anonymous_1)
FN:90,(anonymous_2)
FN:95,(anonymous_3)
FN:100,(anonymous_4)
FN:105,(anonymous_5)
FN:110,(anonymous_6)
FN:111,(anonymous_7)
FN:117,(anonymous_8)
FN:118,(anonymous_9)
FNF:10
FNH:0
FNDA:0,(anonymous_0)
FNDA:0,(anonymous_1)
FNDA:0,(anonymous_2)
FNDA:0,(anonymous_3)
FNDA:0,(anonymous_4)
FNDA:0,(anonymous_5)
FNDA:0,(anonymous_6)
FNDA:0,(anonymous_7)
FNDA:0,(anonymous_8)
FNDA:0,(anonymous_9)
DA:3,3
DA:86,3
DA:87,0
DA:90,3
DA:91,0
DA:92,0
DA:95,3
DA:96,0
DA:97,0
DA:100,3
DA:101,0
DA:102,0
DA:105,3
DA:106,0
DA:107,0
DA:110,3
DA:111,0
DA:112,0
DA:113,0
DA:117,3
DA:118,0
LF:21
LH:8
BRDA:92,0,0,0
BRDA:92,0,1,0
BRDA:97,1,0,0
BRDA:97,1,1,0
BRDA:102,2,0,0
BRDA:102,2,1,0
BRDA:107,3,0,0
BRDA:107,3,1,0
BRDA:112,4,0,0
BRDA:112,4,1,0
BRF:10
BRH:0
end_of_record
TN:
SF:src/hooks/useVirtualization.ts
FN:18,(anonymous_0)
FN:36,(anonymous_1)
FN:45,(anonymous_2)
FNF:3
FNH:0
FNDA:0,(anonymous_0)
FNDA:0,(anonymous_1)
FNDA:0,(anonymous_2)
DA:18,0
DA:24,0
DA:26,0
DA:27,0
DA:28,0
DA:33,0
DA:34,0
DA:36,0
DA:39,0
DA:45,0
DA:46,0
DA:49,0
LF:12
LH:0
BRDA:22,0,0,0
BRF:1
BRH:0
end_of_record
TN:
SF:src/services/analyticsService.ts
FN:48,(anonymous_0)
FN:59,(anonymous_1)
FN:63,(anonymous_2)
FN:94,(anonymous_3)
FN:123,(anonymous_4)
FN:145,(anonymous_5)
FN:170,(anonymous_6)
FN:196,(anonymous_7)
FN:228,(anonymous_8)
FN:232,(anonymous_9)
FN:236,(anonymous_10)
FN:238,(anonymous_11)
FNF:12
FNH:0
FNDA:0,(anonymous_0)
FNDA:0,(anonymous_1)
FNDA:0,(anonymous_2)
FNDA:0,(anonymous_3)
FNDA:0,(anonymous_4)
FNDA:0,(anonymous_5)
FNDA:0,(anonymous_6)
FNDA:0,(anonymous_7)
FNDA:0,(anonymous_8)
FNDA:0,(anonymous_9)
FNDA:0,(anonymous_10)
FNDA:0,(anonymous_11)
DA:45,0
DA:46,0
DA:49,0
DA:50,0
DA:51,0
DA:54,0
DA:55,0
DA:60,0
DA:65,0
DA:66,0
DA:67,0
DA:68,0
DA:72,0
DA:73,0
DA:74,0
DA:75,0
DA:76,0
DA:77,0
DA:82,0
DA:83,0
DA:84,0
DA:85,0
DA:88,0
DA:89,0
DA:90,0
DA:103,0
DA:104,0
DA:105,0
DA:108,0
DA:119,0
DA:120,0
DA:124,0
DA:125,0
DA:126,0
DA:129,0
DA:141,0
DA:142,0
DA:150,0
DA:151,0
DA:152,0
DA:155,0
DA:166,0
DA:167,0
DA:176,0
DA:177,0
DA:178,0
DA:181,0
DA:192,0
DA:193,0
DA:197,0
DA:199,0
DA:208,0
DA:209,0
DA:218,0
DA:219,0
DA:224,0
DA:229,0
DA:233,0
DA:238,0
DA:239,0
DA:244,0
LF:61
LH:0
BRDA:51,0,0,0
BRDA:51,0,1,0
BRDA:54,1,0,0
BRDA:54,1,1,0
BRDA:65,2,0,0
BRDA:65,2,1,0
BRDA:72,3,0,0
BRDA:72,3,1,0
BRDA:74,4,0,0
BRDA:74,4,1,0
BRDA:77,5,0,0
BRDA:77,5,1,0
BRDA:84,6,0,0
BRDA:84,6,1,0
BRDA:85,7,0,0
BRDA:85,7,1,0
BRDA:88,8,0,0
BRDA:88,8,1,0
BRDA:103,9,0,0
BRDA:103,9,1,0
BRDA:124,10,0,0
BRDA:124,10,1,0
BRDA:150,11,0,0
BRDA:150,11,1,0
BRDA:176,12,0,0
BRDA:176,12,1,0
BRDA:208,13,0,0
BRDA:208,13,1,0
BRDA:218,14,0,0
BRDA:218,14,1,0
BRF:30
BRH:0
end_of_record
TN:
SF:src/services/apiEndpoints.ts
FN:42,(anonymous_0)
FN:46,(anonymous_1)
FN:53,(anonymous_2)
FN:89,(anonymous_3)
FN:108,(anonymous_4)
FN:127,(anonymous_5)
FN:146,(anonymous_6)
FN:172,(anonymous_7)
FN:191,(anonymous_8)
FN:223,(anonymous_9)
FN:257,(anonymous_10)
FN:281,(anonymous_11)
FN:325,(anonymous_12)
FN:351,(anonymous_13)
FN:371,(anonymous_14)
FN:398,(anonymous_15)
FN:425,(anonymous_16)
FN:438,(anonymous_17)
FN:442,(anonymous_18)
FN:448,(anonymous_19)
FN:456,(anonymous_20)
FN:461,(anonymous_21)
FN:462,(anonymous_22)
FN:471,(anonymous_23)
FN:481,(anonymous_24)
FN:491,(anonymous_25)
FN:499,(anonymous_26)
FN:504,(anonymous_27)
FNF:28
FNH:0
FNDA:0,(anonymous_0)
FNDA:0,(anonymous_1)
FNDA:0,(anonymous_2)
FNDA:0,(anonymous_3)
FNDA:0,(anonymous_4)
FNDA:0,(anonymous_5)
FNDA:0,(anonymous_6)
FNDA:0,(anonymous_7)
FNDA:0,(anonymous_8)
FNDA:0,(anonymous_9)
FNDA:0,(anonymous_10)
FNDA:0,(anonymous_11)
FNDA:0,(anonymous_12)
FNDA:0,(anonymous_13)
FNDA:0,(anonymous_14)
FNDA:0,(anonymous_15)
FNDA:0,(anonymous_16)
FNDA:0,(anonymous_17)
FNDA:0,(anonymous_18)
FNDA:0,(anonymous_19)
FNDA:0,(anonymous_20)
FNDA:0,(anonymous_21)
FNDA:0,(anonymous_22)
FNDA:0,(anonymous_23)
FNDA:0,(anonymous_24)
FNDA:0,(anonymous_25)
FNDA:0,(anonymous_26)
FNDA:0,(anonymous_27)
DA:38,0
DA:39,0
DA:40,0
DA:43,0
DA:48,0
DA:54,0
DA:55,0
DA:57,0
DA:58,0
DA:62,0
DA:63,0
DA:64,0
DA:67,0
DA:68,0
DA:71,0
DA:73,0
DA:78,0
DA:79,0
DA:84,0
DA:90,0
DA:91,0
DA:92,0
DA:97,0
DA:98,0
DA:103,0
DA:109,0
DA:110,0
DA:111,0
DA:116,0
DA:117,0
DA:122,0
DA:128,0
DA:129,0
DA:130,0
DA:135,0
DA:136,0
DA:141,0
DA:147,0
DA:148,0
DA:150,0
DA:151,0
DA:154,0
DA:156,0
DA:161,0
DA:162,0
DA:167,0
DA:173,0
DA:174,0
DA:175,0
DA:180,0
DA:181,0
DA:186,0
DA:192,0
DA:193,0
DA:195,0
DA:196,0
DA:199,0
DA:201,0
DA:202,0
DA:204,0
DA:207,0
DA:212,0
DA:213,0
DA:218,0
DA:224,0
DA:225,0
DA:227,0
DA:228,0
DA:231,0
DA:233,0
DA:234,0
DA:237,0
DA:238,0
DA:241,0
DA:246,0
DA:247,0
DA:252,0
DA:258,0
DA:259,0
DA:260,0
DA:269,0
DA:270,0
DA:276,0
DA:282,0
DA:283,0
DA:284,0
DA:285,0
DA:286,0
DA:288,0
DA:313,0
DA:314,0
DA:320,0
DA:326,0
DA:327,0
DA:329,0
DA:330,0
DA:333,0
DA:335,0
DA:340,0
DA:341,0
DA:346,0
DA:352,0
DA:353,0
DA:354,0
DA:359,0
DA:360,0
DA:366,0
DA:372,0
DA:373,0
DA:375,0
DA:376,0
DA:379,0
DA:381,0
DA:386,0
DA:387,0
DA:393,0
DA:399,0
DA:400,0
DA:402,0
DA:403,0
DA:406,0
DA:408,0
DA:413,0
DA:414,0
DA:420,0
DA:426,0
DA:439,0
DA:445,0
DA:449,0
DA:457,0
DA:462,0
DA:472,0
DA:474,0
DA:477,0
DA:478,0
DA:479,0
DA:481,0
DA:482,0
DA:485,0
DA:486,0
DA:492,0
DA:494,0
DA:495,0
DA:500,0
DA:505,0
DA:506,0
DA:511,0
LF:147
LH:0
BRDA:57,0,0,0
BRDA:57,0,1,0
BRDA:63,1,0,0
BRDA:63,1,1,0
BRDA:67,2,0,0
BRDA:67,2,1,0
BRDA:71,3,0,0
BRDA:71,3,1,0
BRDA:78,4,0,0
BRDA:78,4,1,0
BRDA:97,5,0,0
BRDA:97,5,1,0
BRDA:116,6,0,0
BRDA:116,6,1,0
BRDA:135,7,0,0
BRDA:135,7,1,0
BRDA:150,8,0,0
BRDA:150,8,1,0
BRDA:150,9,0,0
BRDA:150,9,1,0
BRDA:150,9,2,0
BRDA:161,10,0,0
BRDA:161,10,1,0
BRDA:180,11,0,0
BRDA:180,11,1,0
BRDA:195,12,0,0
BRDA:195,12,1,0
BRDA:195,13,0,0
BRDA:195,13,1,0
BRDA:199,14,0,0
BRDA:199,14,1,0
BRDA:201,15,0,0
BRDA:201,15,1,0
BRDA:212,16,0,0
BRDA:212,16,1,0
BRDA:227,17,0,0
BRDA:227,17,1,0
BRDA:233,18,0,0
BRDA:233,18,1,0
BRDA:237,19,0,0
BRDA:237,19,1,0
BRDA:246,20,0,0
BRDA:246,20,1,0
BRDA:269,21,0,0
BRDA:269,21,1,0
BRDA:294,22,0,0
BRDA:294,22,1,0
BRDA:313,23,0,0
BRDA:313,23,1,0
BRDA:329,24,0,0
BRDA:329,24,1,0
BRDA:329,25,0,0
BRDA:329,25,1,0
BRDA:337,26,0,0
BRDA:337,26,1,0
BRDA:340,27,0,0
BRDA:340,27,1,0
BRDA:359,28,0,0
BRDA:359,28,1,0
BRDA:375,29,0,0
BRDA:375,29,1,0
BRDA:375,30,0,0
BRDA:375,30,1,0
BRDA:375,30,2,0
BRDA:383,31,0,0
BRDA:383,31,1,0
BRDA:386,32,0,0
BRDA:386,32,1,0
BRDA:402,33,0,0
BRDA:402,33,1,0
BRDA:402,34,0,0
BRDA:402,34,1,0
BRDA:402,34,2,0
BRDA:410,35,0,0
BRDA:410,35,1,0
BRDA:413,36,0,0
BRDA:413,36,1,0
BRDA:471,37,0,0
BRDA:472,38,0,0
BRDA:472,38,1,0
BRDA:492,39,0,0
BRDA:492,39,1,0
BRF:82
BRH:0
end_of_record
TN:
SF:src/services/audioController.ts
FN:47,(anonymous_0)
FN:63,(anonymous_1)
FN:85,(anonymous_2)
FN:88,(anonymous_3)
FN:94,(anonymous_4)
FN:99,(anonymous_5)
FN:104,(anonymous_6)
FN:109,(anonymous_7)
FN:114,(anonymous_8)
FN:121,(anonymous_9)
FN:126,(anonymous_10)
FN:132,(anonymous_11)
FN:138,(anonymous_12)
FN:143,(anonymous_13)
FN:149,(anonymous_14)
FN:154,(anonymous_15)
FN:160,(anonymous_16)
FN:164,(anonymous_17)
FN:169,(anonymous_18)
FN:174,(anonymous_19)
FN:179,(anonymous_20)
FN:184,(anonymous_21)
FN:191,(anonymous_22)
FN:195,(anonymous_23)
FN:200,(anonymous_24)
FN:205,(anonymous_25)
FN:210,(anonymous_26)
FN:214,(anonymous_27)
FN:220,(anonymous_28)
FN:227,(anonymous_29)
FN:237,(anonymous_30)
FN:240,(anonymous_31)
FNF:32
FNH:0
FNDA:0,(anonymous_0)
FNDA:0,(anonymous_1)
FNDA:0,(anonymous_2)
FNDA:0,(anonymous_3)
FNDA:0,(anonymous_4)
FNDA:0,(anonymous_5)
FNDA:0,(anonymous_6)
FNDA:0,(anonymous_7)
FNDA:0,(anonymous_8)
FNDA:0,(anonymous_9)
FNDA:0,(anonymous_10)
FNDA:0,(anonymous_11)
FNDA:0,(anonymous_12)
FNDA:0,(anonymous_13)
FNDA:0,(anonymous_14)
FNDA:0,(anonymous_15)
FNDA:0,(anonymous_16)
FNDA:0,(anonymous_17)
FNDA:0,(anonymous_18)
FNDA:0,(anonymous_19)
FNDA:0,(anonymous_20)
FNDA:0,(anonymous_21)
FNDA:0,(anonymous_22)
FNDA:0,(anonymous_23)
FNDA:0,(anonymous_24)
FNDA:0,(anonymous_25)
FNDA:0,(anonymous_26)
FNDA:0,(anonymous_27)
FNDA:0,(anonymous_28)
FNDA:0,(anonymous_29)
FNDA:0,(anonymous_30)
FNDA:0,(anonymous_31)
DA:27,0
DA:28,0
DA:29,0
DA:30,0
DA:31,0
DA:43,0
DA:44,0
DA:48,0
DA:51,0
DA:52,0
DA:53,0
DA:56,0
DA:57,0
DA:58,0
DA:59,0
DA:64,0
DA:67,0
DA:68,0
DA:69,0
DA:70,0
DA:73,0
DA:74,0
DA:75,0
DA:78,0
DA:81,0
DA:86,0
DA:87,0
DA:88,0
DA:89,0
DA:90,0
DA:95,0
DA:100,0
DA:105,0
DA:110,0
DA:115,0
DA:116,0
DA:117,0
DA:118,0
DA:122,0
DA:127,0
DA:128,0
DA:129,0
DA:133,0
DA:134,0
DA:135,0
DA:139,0
DA:144,0
DA:145,0
DA:150,0
DA:151,0
DA:155,0
DA:156,0
DA:161,0
DA:165,0
DA:166,0
DA:170,0
DA:171,0
DA:175,0
DA:176,0
DA:180,0
DA:181,0
DA:185,0
DA:186,0
DA:187,0
DA:192,0
DA:196,0
DA:197,0
DA:201,0
DA:202,0
DA:206,0
DA:211,0
DA:216,0
DA:221,0
DA:222,0
DA:224,0
DA:228,0
DA:229,0
DA:230,0
DA:231,0
DA:232,0
DA:238,0
DA:239,0
DA:240,0
DA:246,0
LF:84
LH:0
BRDA:51,0,0,0
BRDA:51,0,1,0
BRDA:51,1,0,0
BRDA:51,1,1,0
BRDA:67,2,0,0
BRDA:67,2,1,0
BRDA:74,3,0,0
BRDA:74,3,1,0
BRDA:143,4,0,0
BRDA:221,5,0,0
BRDA:221,5,1,0
BRDA:229,6,0,0
BRDA:229,6,1,0
BRDA:231,7,0,0
BRDA:231,7,1,0
BRDA:239,8,0,0
BRDA:239,8,1,0
BRF:17
BRH:0
end_of_record
TN:
SF:src/services/authService.ts
FN:65,(anonymous_0)
FN:83,(anonymous_1)
FN:92,(anonymous_2)
FN:108,(anonymous_3)
FN:117,(anonymous_4)
FN:123,(anonymous_5)
FN:129,(anonymous_6)
FN:135,(anonymous_7)
FN:141,(anonymous_8)
FN:168,(anonymous_9)
FN:174,(anonymous_10)
FN:179,(anonymous_11)
FN:184,(anonymous_12)
FN:292,(anonymous_13)
FN:313,(anonymous_14)
FNF:15
FNH:0
FNDA:0,(anonymous_0)
FNDA:0,(anonymous_1)
FNDA:0,(anonymous_2)
FNDA:0,(anonymous_3)
FNDA:0,(anonymous_4)
FNDA:0,(anonymous_5)
FNDA:0,(anonymous_6)
FNDA:0,(anonymous_7)
FNDA:0,(anonymous_8)
FNDA:0,(anonymous_9)
FNDA:0,(anonymous_10)
FNDA:0,(anonymous_11)
FNDA:0,(anonymous_12)
FNDA:0,(anonymous_13)
FNDA:0,(anonymous_14)
DA:51,0
DA:52,0
DA:66,0
DA:67,0
DA:68,0
DA:69,0
DA:71,0
DA:72,0
DA:73,0
DA:75,0
DA:77,0
DA:78,0
DA:84,0
DA:85,0
DA:87,0
DA:93,0
DA:103,0
DA:104,0
DA:109,0
DA:110,0
DA:111,0
DA:112,0
DA:118,0
DA:119,0
DA:124,0
DA:125,0
DA:130,0
DA:131,0
DA:136,0
DA:137,0
DA:142,0
DA:143,0
DA:145,0
DA:147,0
DA:149,0
DA:151,0
DA:153,0
DA:155,0
DA:157,0
DA:159,0
DA:161,0
DA:163,0
DA:169,0
DA:170,0
DA:175,0
DA:180,0
DA:185,0
DA:186,0
DA:187,0
DA:190,0
DA:192,0
DA:211,0
DA:230,0
DA:249,0
DA:268,0
DA:287,0
DA:293,0
DA:314,0
DA:318,0
LF:59
LH:0
BRDA:68,0,0,0
BRDA:68,0,1,0
BRDA:110,1,0,0
BRDA:110,1,1,0
BRDA:119,2,0,0
BRDA:119,2,1,0
BRDA:137,3,0,0
BRDA:137,3,1,0
BRDA:143,4,0,0
BRDA:143,4,1,0
BRDA:145,5,0,0
BRDA:145,5,1,0
BRDA:145,5,2,0
BRDA:145,5,3,0
BRDA:145,5,4,0
BRDA:145,5,5,0
BRDA:145,5,6,0
BRDA:145,5,7,0
BRDA:145,5,8,0
BRDA:147,6,0,0
BRDA:147,6,1,0
BRDA:149,7,0,0
BRDA:149,7,1,0
BRDA:151,8,0,0
BRDA:151,8,1,0
BRDA:153,9,0,0
BRDA:153,9,1,0
BRDA:157,10,0,0
BRDA:157,10,1,0
BRDA:157,10,2,0
BRDA:186,11,0,0
BRDA:186,11,1,0
BRDA:190,12,0,0
BRDA:190,12,1,0
BRDA:190,12,2,0
BRDA:190,12,3,0
BRDA:190,12,4,0
BRDA:190,12,5,0
BRF:38
BRH:0
end_of_record
TN:
SF:src/services/discordBot.ts
FN:32,(anonymous_0)
FN:37,(anonymous_1)
FN:41,(anonymous_2)
FN:46,(anonymous_3)
FN:53,(anonymous_4)
FN:68,(anonymous_5)
FN:80,(anonymous_6)
FN:92,(anonymous_7)
FN:104,(anonymous_8)
FN:128,(anonymous_9)
FN:130,(anonymous_10)
FN:144,(anonymous_11)
FN:149,(anonymous_12)
FN:168,(anonymous_13)
FN:181,(anonymous_14)
FN:197,(anonymous_15)
FN:203,(anonymous_16)
FN:207,(anonymous_17)
FN:212,(anonymous_18)
FNF:19
FNH:0
FNDA:0,(anonymous_0)
FNDA:0,(anonymous_1)
FNDA:0,(anonymous_2)
FNDA:0,(anonymous_3)
FNDA:0,(anonymous_4)
FNDA:0,(anonymous_5)
FNDA:0,(anonymous_6)
FNDA:0,(anonymous_7)
FNDA:0,(anonymous_8)
FNDA:0,(anonymous_9)
FNDA:0,(anonymous_10)
FNDA:0,(anonymous_11)
FNDA:0,(anonymous_12)
FNDA:0,(anonymous_13)
FNDA:0,(anonymous_14)
FNDA:0,(anonymous_15)
FNDA:0,(anonymous_16)
FNDA:0,(anonymous_17)
FNDA:0,(anonymous_18)
DA:21,0
DA:29,0
DA:30,0
DA:33,0
DA:38,0
DA:42,0
DA:48,0
DA:54,0
DA:55,0
DA:56,0
DA:58,0
DA:63,0
DA:69,0
DA:70,0
DA:75,0
DA:81,0
DA:82,0
DA:87,0
DA:93,0
DA:94,0
DA:99,0
DA:105,0
DA:106,0
DA:107,0
DA:108,0
DA:111,0
DA:112,0
DA:113,0
DA:114,0
DA:117,0
DA:118,0
DA:123,0
DA:129,0
DA:130,0
DA:133,0
DA:145,0
DA:150,0
DA:152,0
DA:153,0
DA:155,0
DA:157,0
DA:159,0
DA:160,0
DA:162,0
DA:163,0
DA:169,0
DA:170,0
DA:171,0
DA:173,0
DA:176,0
DA:182,0
DA:183,0
DA:184,0
DA:187,0
DA:188,0
DA:189,0
DA:190,0
DA:192,0
DA:193,0
DA:198,0
DA:199,0
DA:204,0
DA:208,0
DA:213,0
DA:214,0
DA:219,0
LF:66
LH:0
BRDA:54,0,0,0
BRDA:54,0,1,0
BRDA:105,1,0,0
BRDA:105,1,1,0
BRDA:112,2,0,0
BRDA:112,2,1,0
BRDA:112,3,0,0
BRDA:112,3,1,0
BRDA:112,3,2,0
BRDA:150,4,0,0
BRDA:150,4,1,0
BRDA:155,5,0,0
BRDA:155,5,1,0
BRDA:155,6,0,0
BRDA:155,6,1,0
BRDA:170,7,0,0
BRDA:170,7,1,0
BRDA:182,8,0,0
BRDA:182,8,1,0
BRDA:182,9,0,0
BRDA:182,9,1,0
BRF:21
BRH:0
end_of_record
TN:
SF:src/services/obsIntegration.ts
FN:47,(anonymous_0)
FN:54,(anonymous_1)
FN:59,(anonymous_2)
FN:64,(anonymous_3)
FN:71,(anonymous_4)
FN:75,(anonymous_5)
FN:81,(anonymous_6)
FN:93,(anonymous_7)
FN:105,(anonymous_8)
FN:107,(anonymous_9)
FN:115,(anonymous_10)
FN:134,(anonymous_11)
FN:146,(anonymous_12)
FN:151,(anonymous_13)
FN:160,(anonymous_14)
FN:175,(anonymous_15)
FN:201,(anonymous_16)
FN:220,(anonymous_17)
FN:223,(anonymous_18)
FN:230,(anonymous_19)
FN:241,(anonymous_20)
FN:244,(anonymous_21)
FN:245,(anonymous_22)
FN:256,(anonymous_23)
FN:267,(anonymous_24)
FN:279,(anonymous_25)
FN:290,(anonymous_26)
FN:305,(anonymous_27)
FN:326,(anonymous_28)
FN:333,(anonymous_29)
FN:343,(anonymous_30)
FN:345,(anonymous_31)
FN:350,(anonymous_32)
FN:354,(anonymous_33)
FN:359,(anonymous_34)
FNF:35
FNH:0
FNDA:0,(anonymous_0)
FNDA:0,(anonymous_1)
FNDA:0,(anonymous_2)
FNDA:0,(anonymous_3)
FNDA:0,(anonymous_4)
FNDA:0,(anonymous_5)
FNDA:0,(anonymous_6)
FNDA:0,(anonymous_7)
FNDA:0,(anonymous_8)
FNDA:0,(anonymous_9)
FNDA:0,(anonymous_10)
FNDA:0,(anonymous_11)
FNDA:0,(anonymous_12)
FNDA:0,(anonymous_13)
FNDA:0,(anonymous_14)
FNDA:0,(anonymous_15)
FNDA:0,(anonymous_16)
FNDA:0,(anonymous_17)
FNDA:0,(anonymous_18)
FNDA:0,(anonymous_19)
FNDA:0,(anonymous_20)
FNDA:0,(anonymous_21)
FNDA:0,(anonymous_22)
FNDA:0,(anonymous_23)
FNDA:0,(anonymous_24)
FNDA:0,(anonymous_25)
FNDA:0,(anonymous_26)
FNDA:0,(anonymous_27)
FNDA:0,(anonymous_28)
FNDA:0,(anonymous_29)
FNDA:0,(anonymous_30)
FNDA:0,(anonymous_31)
FNDA:0,(anonymous_32)
FNDA:0,(anonymous_33)
FNDA:0,(anonymous_34)
DA:27,0
DA:28,0
DA:35,0
DA:42,0
DA:43,0
DA:44,0
DA:48,0
DA:49,0
DA:50,0
DA:55,0
DA:60,0
DA:61,0
DA:62,0
DA:64,0
DA:65,0
DA:66,0
DA:67,0
DA:68,0
DA:71,0
DA:72,0
DA:75,0
DA:76,0
DA:77,0
DA:78,0
DA:81,0
DA:82,0
DA:83,0
DA:86,0
DA:88,0
DA:89,0
DA:94,0
DA:95,0
DA:96,0
DA:98,0
DA:99,0
DA:100,0
DA:102,0
DA:106,0
DA:107,0
DA:108,0
DA:109,0
DA:116,0
DA:118,0
DA:119,0
DA:120,0
DA:122,0
DA:126,0
DA:129,0
DA:135,0
DA:136,0
DA:139,0
DA:140,0
DA:146,0
DA:147,0
DA:148,0
DA:151,0
DA:152,0
DA:153,0
DA:154,0
DA:161,0
DA:162,0
DA:163,0
DA:165,0
DA:166,0
DA:168,0
DA:170,0
DA:171,0
DA:176,0
DA:178,0
DA:179,0
DA:180,0
DA:182,0
DA:183,0
DA:184,0
DA:186,0
DA:187,0
DA:188,0
DA:190,0
DA:191,0
DA:192,0
DA:194,0
DA:195,0
DA:196,0
DA:202,0
DA:203,0
DA:204,0
DA:206,0
DA:207,0
DA:209,0
DA:210,0
DA:212,0
DA:213,0
DA:215,0
DA:221,0
DA:222,0
DA:223,0
DA:225,0
DA:226,0
DA:231,0
DA:232,0
DA:233,0
DA:235,0
DA:236,0
DA:242,0
DA:243,0
DA:244,0
DA:245,0
DA:251,0
DA:252,0
DA:257,0
DA:258,0
DA:259,0
DA:261,0
DA:262,0
DA:268,0
DA:269,0
DA:274,0
DA:275,0
DA:280,0
DA:281,0
DA:282,0
DA:284,0
DA:285,0
DA:291,0
DA:294,0
DA:300,0
DA:306,0
DA:307,0
DA:318,0
DA:319,0
DA:324,0
DA:327,0
DA:328,0
DA:330,0
DA:334,0
DA:335,0
DA:336,0
DA:337,0
DA:338,0
DA:344,0
DA:345,0
DA:351,0
DA:355,0
DA:360,0
DA:361,0
DA:366,0
LF:146
LH:0
BRDA:49,0,0,0
BRDA:49,0,1,0
BRDA:49,1,0,0
BRDA:49,1,1,0
BRDA:94,2,0,0
BRDA:94,2,1,0
BRDA:98,3,0,0
BRDA:98,3,1,0
BRDA:106,4,0,0
BRDA:106,4,1,0
BRDA:106,5,0,0
BRDA:106,5,1,0
BRDA:116,6,0,0
BRDA:116,6,1,0
BRDA:120,7,0,0
BRDA:120,7,1,0
BRDA:135,8,0,0
BRDA:135,8,1,0
BRDA:135,9,0,0
BRDA:135,9,1,0
BRDA:143,10,0,0
BRDA:143,10,1,0
BRDA:152,11,0,0
BRDA:152,11,1,0
BRDA:161,12,0,0
BRDA:161,12,1,0
BRDA:161,13,0,0
BRDA:161,13,1,0
BRDA:165,14,0,0
BRDA:165,14,1,0
BRDA:168,15,0,0
BRDA:168,15,1,0
BRDA:170,16,0,0
BRDA:170,16,1,0
BRDA:176,17,0,0
BRDA:176,17,1,0
BRDA:176,17,2,0
BRDA:176,17,3,0
BRDA:176,17,4,0
BRDA:258,18,0,0
BRDA:258,18,1,0
BRDA:305,19,0,0
BRDA:305,20,0,0
BRDA:327,21,0,0
BRDA:327,21,1,0
BRDA:334,22,0,0
BRDA:334,22,1,0
BRDA:337,23,0,0
BRDA:337,23,1,0
BRDA:344,24,0,0
BRDA:344,24,1,0
BRF:51
BRH:0
end_of_record
TN:
SF:src/services/simpleAudioController.ts
FN:8,(anonymous_0)
FN:12,(anonymous_1)
FN:20,(anonymous_2)
FN:35,(anonymous_3)
FN:41,(anonymous_4)
FN:56,(anonymous_5)
FN:62,(anonymous_6)
FN:68,(anonymous_7)
FN:77,(anonymous_8)
FN:84,(anonymous_9)
FN:88,(anonymous_10)
FN:95,(anonymous_11)
FN:99,(anonymous_12)
FN:103,(anonymous_13)
FN:107,(anonymous_14)
FN:111,(anonymous_15)
FN:115,(anonymous_16)
FN:122,(anonymous_17)
FN:137,(anonymous_18)
FN:144,(anonymous_19)
FN:151,(anonymous_20)
FN:177,(anonymous_21)
FN:187,(anonymous_22)
FN:202,(anonymous_23)
FN:211,(anonymous_24)
FN:228,(anonymous_25)
FN:232,(anonymous_26)
FNF:27
FNH:0
FNDA:0,(anonymous_0)
FNDA:0,(anonymous_1)
FNDA:0,(anonymous_2)
FNDA:0,(anonymous_3)
FNDA:0,(anonymous_4)
FNDA:0,(anonymous_5)
FNDA:0,(anonymous_6)
FNDA:0,(anonymous_7)
FNDA:0,(anonymous_8)
FNDA:0,(anonymous_9)
FNDA:0,(anonymous_10)
FNDA:0,(anonymous_11)
FNDA:0,(anonymous_12)
FNDA:0,(anonymous_13)
FNDA:0,(anonymous_14)
FNDA:0,(anonymous_15)
FNDA:0,(anonymous_16)
FNDA:0,(anonymous_17)
FNDA:0,(anonymous_18)
FNDA:0,(anonymous_19)
FNDA:0,(anonymous_20)
FNDA:0,(anonymous_21)
FNDA:0,(anonymous_22)
FNDA:0,(anonymous_23)
FNDA:0,(anonymous_24)
FNDA:0,(anonymous_25)
FNDA:0,(anonymous_26)
DA:2,0
DA:3,0
DA:4,0
DA:5,0
DA:6,0
DA:9,0
DA:13,0
DA:14,0
DA:16,0
DA:21,0
DA:23,0
DA:24,0
DA:25,0
DA:29,0
DA:30,0
DA:31,0
DA:32,0
DA:35,0
DA:36,0
DA:37,0
DA:41,0
DA:42,0
DA:43,0
DA:47,0
DA:49,0
DA:51,0
DA:52,0
DA:57,0
DA:58,0
DA:63,0
DA:64,0
DA:69,0
DA:70,0
DA:71,0
DA:72,0
DA:73,0
DA:78,0
DA:79,0
DA:80,0
DA:85,0
DA:89,0
DA:90,0
DA:91,0
DA:96,0
DA:100,0
DA:104,0
DA:108,0
DA:112,0
DA:116,0
DA:117,0
DA:123,0
DA:124,0
DA:127,0
DA:129,0
DA:130,0
DA:131,0
DA:134,0
DA:137,0
DA:138,0
DA:139,0
DA:144,0
DA:145,0
DA:146,0
DA:151,0
DA:152,0
DA:153,0
DA:156,0
DA:157,0
DA:158,0
DA:162,0
DA:163,0
DA:164,0
DA:166,0
DA:170,0
DA:172,0
DA:178,0
DA:180,0
DA:181,0
DA:182,0
DA:183,0
DA:184,0
DA:186,0
DA:187,0
DA:188,0
DA:189,0
DA:190,0
DA:193,0
DA:194,0
DA:195,0
DA:196,0
DA:203,0
DA:205,0
DA:206,0
DA:207,0
DA:208,0
DA:210,0
DA:211,0
DA:212,0
DA:213,0
DA:214,0
DA:217,0
DA:218,0
DA:219,0
DA:220,0
DA:221,0
DA:229,0
DA:233,0
DA:234,0
DA:235,0
DA:236,0
LF:110
LH:0
BRDA:14,0,0,0
BRDA:14,0,1,0
BRDA:20,1,0,0
BRDA:23,2,0,0
BRDA:23,2,1,0
BRDA:36,3,0,0
BRDA:36,3,1,0
BRDA:57,4,0,0
BRDA:57,4,1,0
BRDA:63,5,0,0
BRDA:63,5,1,0
BRDA:69,6,0,0
BRDA:69,6,1,0
BRDA:79,7,0,0
BRDA:79,7,1,0
BRDA:90,8,0,0
BRDA:90,8,1,0
BRDA:104,9,0,0
BRDA:104,9,1,0
BRDA:108,10,0,0
BRDA:108,10,1,0
BRDA:112,11,0,0
BRDA:112,11,1,0
BRDA:116,12,0,0
BRDA:116,12,1,0
BRDA:116,13,0,0
BRDA:116,13,1,0
BRDA:122,14,0,0
BRDA:123,15,0,0
BRDA:123,15,1,0
BRDA:138,16,0,0
BRDA:138,16,1,0
BRDA:138,17,0,0
BRDA:138,17,1,0
BRDA:145,18,0,0
BRDA:145,18,1,0
BRDA:156,19,0,0
BRDA:156,19,1,0
BRDA:177,20,0,0
BRDA:178,21,0,0
BRDA:178,21,1,0
BRDA:189,22,0,0
BRDA:189,22,1,0
BRDA:193,23,0,0
BRDA:193,23,1,0
BRDA:195,24,0,0
BRDA:195,24,1,0
BRDA:202,25,0,0
BRDA:203,26,0,0
BRDA:203,26,1,0
BRDA:213,27,0,0
BRDA:213,27,1,0
BRDA:217,28,0,0
BRDA:217,28,1,0
BRDA:220,29,0,0
BRDA:220,29,1,0
BRDA:234,30,0,0
BRDA:234,30,1,0
BRF:58
BRH:0
end_of_record
TN:
SF:src/services/sunoAudioController.ts
FN:30,(anonymous_0)
FN:34,(anonymous_1)
FN:53,(anonymous_2)
FN:54,(anonymous_3)
FN:77,(anonymous_4)
FN:90,(anonymous_5)
FN:98,(anonymous_6)
FN:100,(anonymous_7)
FN:103,(anonymous_8)
FN:109,(anonymous_9)
FN:113,(anonymous_10)
FN:121,(anonymous_11)
FN:127,(anonymous_12)
FN:137,(anonymous_13)
FN:141,(anonymous_14)
FN:145,(anonymous_15)
FN:149,(anonymous_16)
FN:153,(anonymous_17)
FN:158,(anonymous_18)
FN:162,(anonymous_19)
FN:167,(anonymous_20)
FN:171,(anonymous_21)
FN:176,(anonymous_22)
FN:185,(anonymous_23)
FN:190,(anonymous_24)
FN:196,(anonymous_25)
FN:203,(anonymous_26)
FN:212,(anonymous_27)
FN:219,(anonymous_28)
FN:224,(anonymous_29)
FN:229,(anonymous_30)
FN:241,(anonymous_31)
FNF:32
FNH:0
FNDA:0,(anonymous_0)
FNDA:0,(anonymous_1)
FNDA:0,(anonymous_2)
FNDA:0,(anonymous_3)
FNDA:0,(anonymous_4)
FNDA:0,(anonymous_5)
FNDA:0,(anonymous_6)
FNDA:0,(anonymous_7)
FNDA:0,(anonymous_8)
FNDA:0,(anonymous_9)
FNDA:0,(anonymous_10)
FNDA:0,(anonymous_11)
FNDA:0,(anonymous_12)
FNDA:0,(anonymous_13)
FNDA:0,(anonymous_14)
FNDA:0,(anonymous_15)
FNDA:0,(anonymous_16)
FNDA:0,(anonymous_17)
FNDA:0,(anonymous_18)
FNDA:0,(anonymous_19)
FNDA:0,(anonymous_20)
FNDA:0,(anonymous_21)
FNDA:0,(anonymous_22)
FNDA:0,(anonymous_23)
FNDA:0,(anonymous_24)
FNDA:0,(anonymous_25)
FNDA:0,(anonymous_26)
FNDA:0,(anonymous_27)
FNDA:0,(anonymous_28)
FNDA:0,(anonymous_29)
FNDA:0,(anonymous_30)
FNDA:0,(anonymous_31)
DA:21,0
DA:22,0
DA:23,0
DA:24,0
DA:25,0
DA:26,0
DA:27,0
DA:28,0
DA:31,0
DA:36,0
DA:37,0
DA:38,0
DA:41,0
DA:42,0
DA:43,0
DA:44,0
DA:45,0
DA:46,0
DA:49,0
DA:54,0
DA:55,0
DA:56,0
DA:57,0
DA:60,0
DA:61,0
DA:62,0
DA:65,0
DA:67,0
DA:68,0
DA:72,0
DA:73,0
DA:74,0
DA:77,0
DA:78,0
DA:79,0
DA:80,0
DA:81,0
DA:85,0
DA:91,0
DA:92,0
DA:93,0
DA:94,0
DA:99,0
DA:100,0
DA:101,0
DA:102,0
DA:104,0
DA:110,0
DA:114,0
DA:115,0
DA:116,0
DA:118,0
DA:122,0
DA:123,0
DA:128,0
DA:138,0
DA:142,0
DA:146,0
DA:150,0
DA:154,0
DA:159,0
DA:163,0
DA:168,0
DA:172,0
DA:177,0
DA:178,0
DA:179,0
DA:181,0
DA:182,0
DA:185,0
DA:187,0
DA:191,0
DA:192,0
DA:197,0
DA:198,0
DA:199,0
DA:204,0
DA:205,0
DA:207,0
DA:208,0
DA:209,0
DA:213,0
DA:214,0
DA:215,0
DA:216,0
DA:220,0
DA:221,0
DA:225,0
DA:226,0
DA:230,0
DA:231,0
DA:232,0
DA:233,0
DA:235,0
DA:242,0
DA:243,0
DA:244,0
DA:245,0
DA:247,0
DA:248,0
DA:253,0
LF:101
LH:0
BRDA:55,0,0,0
BRDA:55,0,1,0
BRDA:60,1,0,0
BRDA:60,1,1,0
BRDA:67,2,0,0
BRDA:67,2,1,0
BRDA:91,3,0,0
BRDA:91,3,1,0
BRDA:91,4,0,0
BRDA:91,4,1,0
BRDA:99,5,0,0
BRDA:99,5,1,0
BRDA:99,6,0,0
BRDA:99,6,1,0
BRDA:99,6,2,0
BRDA:115,7,0,0
BRDA:115,7,1,0
BRDA:122,8,0,0
BRDA:122,8,1,0
BRDA:122,9,0,0
BRDA:122,9,1,0
BRDA:177,10,0,0
BRDA:177,10,1,0
BRDA:191,11,0,0
BRDA:191,11,1,0
BRDA:197,12,0,0
BRDA:197,12,1,0
BRDA:204,13,0,0
BRDA:204,13,1,0
BRDA:213,14,0,0
BRDA:213,14,1,0
BRDA:231,15,0,0
BRDA:231,15,1,0
BRDA:242,16,0,0
BRDA:242,16,1,0
BRF:35
BRH:0
end_of_record
TN:
SF:src/services/trackManagementService.ts
FN:87,(anonymous_0)
FN:92,(anonymous_1)
FN:97,(anonymous_2)
FN:98,(anonymous_3)
FN:102,(anonymous_4)
FN:103,(anonymous_5)
FN:107,(anonymous_6)
FN:108,(anonymous_7)
FN:112,(anonymous_8)
FN:113,(anonymous_9)
FN:117,(anonymous_10)
FN:119,(anonymous_11)
FN:122,(anonymous_12)
FN:128,(anonymous_13)
FN:141,(anonymous_14)
FN:145,(anonymous_15)
FN:149,(anonymous_16)
FN:153,(anonymous_17)
FN:160,(anonymous_18)
FN:168,(anonymous_19)
FN:172,(anonymous_20)
FN:173,(anonymous_21)
FN:178,(anonymous_22)
FN:185,(anonymous_23)
FN:219,(anonymous_24)
FN:220,(anonymous_25)
FN:230,(anonymous_26)
FN:231,(anonymous_27)
FN:241,(anonymous_28)
FN:275,(anonymous_29)
FN:280,(anonymous_30)
FN:282,(anonymous_31)
FN:285,(anonymous_32)
FN:288,(anonymous_33)
FN:289,(anonymous_34)
FN:290,(anonymous_35)
FN:292,(anonymous_36)
FN:298,(anonymous_37)
FN:299,(anonymous_38)
FN:300,(anonymous_39)
FN:306,(anonymous_40)
FN:311,(anonymous_41)
FN:312,(anonymous_42)
FN:318,(anonymous_43)
FN:319,(anonymous_44)
FN:323,(anonymous_45)
FN:329,(anonymous_46)
FNF:47
FNH:0
FNDA:0,(anonymous_0)
FNDA:0,(anonymous_1)
FNDA:0,(anonymous_2)
FNDA:0,(anonymous_3)
FNDA:0,(anonymous_4)
FNDA:0,(anonymous_5)
FNDA:0,(anonymous_6)
FNDA:0,(anonymous_7)
FNDA:0,(anonymous_8)
FNDA:0,(anonymous_9)
FNDA:0,(anonymous_10)
FNDA:0,(anonymous_11)
FNDA:0,(anonymous_12)
FNDA:0,(anonymous_13)
FNDA:0,(anonymous_14)
FNDA:0,(anonymous_15)
FNDA:0,(anonymous_16)
FNDA:0,(anonymous_17)
FNDA:0,(anonymous_18)
FNDA:0,(anonymous_19)
FNDA:0,(anonymous_20)
FNDA:0,(anonymous_21)
FNDA:0,(anonymous_22)
FNDA:0,(anonymous_23)
FNDA:0,(anonymous_24)
FNDA:0,(anonymous_25)
FNDA:0,(anonymous_26)
FNDA:0,(anonymous_27)
FNDA:0,(anonymous_28)
FNDA:0,(anonymous_29)
FNDA:0,(anonymous_30)
FNDA:0,(anonymous_31)
FNDA:0,(anonymous_32)
FNDA:0,(anonymous_33)
FNDA:0,(anonymous_34)
FNDA:0,(anonymous_35)
FNDA:0,(anonymous_36)
FNDA:0,(anonymous_37)
FNDA:0,(anonymous_38)
FNDA:0,(anonymous_39)
FNDA:0,(anonymous_40)
FNDA:0,(anonymous_41)
FNDA:0,(anonymous_42)
FNDA:0,(anonymous_43)
FNDA:0,(anonymous_44)
FNDA:0,(anonymous_45)
FNDA:0,(anonymous_46)
DA:5,0
DA:84,0
DA:85,0
DA:88,0
DA:93,0
DA:98,0
DA:103,0
DA:108,0
DA:113,0
DA:118,0
DA:119,0
DA:120,0
DA:122,0
DA:138,0
DA:140,0
DA:141,0
DA:144,0
DA:145,0
DA:148,0
DA:149,0
DA:152,0
DA:153,0
DA:154,0
DA:159,0
DA:160,0
DA:161,0
DA:167,0
DA:168,0
DA:171,0
DA:172,0
DA:173,0
DA:177,0
DA:178,0
DA:181,0
DA:186,0
DA:212,0
DA:213,0
DA:215,0
DA:220,0
DA:221,0
DA:223,0
DA:224,0
DA:226,0
DA:231,0
DA:232,0
DA:234,0
DA:235,0
DA:237,0
DA:242,0
DA:244,0
DA:245,0
DA:246,0
DA:266,0
DA:267,0
DA:271,0
DA:276,0
DA:281,0
DA:283,0
DA:286,0
DA:288,0
DA:289,0
DA:290,0
DA:292,0
DA:299,0
DA:300,0
DA:301,0
DA:307,0
DA:312,0
DA:313,0
DA:319,0
DA:324,0
DA:325,0
DA:330,0
DA:331,0
LF:74
LH:0
BRDA:120,0,0,0
BRDA:120,0,1,0
BRDA:120,0,2,0
BRDA:120,0,3,0
BRDA:140,1,0,0
BRDA:140,1,1,0
BRDA:144,2,0,0
BRDA:144,2,1,0
BRDA:144,3,0,0
BRDA:144,3,1,0
BRDA:148,4,0,0
BRDA:148,4,1,0
BRDA:148,5,0,0
BRDA:148,5,1,0
BRDA:152,6,0,0
BRDA:152,6,1,0
BRDA:154,7,0,0
BRDA:154,7,1,0
BRDA:159,8,0,0
BRDA:159,8,1,0
BRDA:161,9,0,0
BRDA:161,9,1,0
BRDA:161,9,2,0
BRDA:167,10,0,0
BRDA:167,10,1,0
BRDA:171,11,0,0
BRDA:171,11,1,0
BRDA:171,12,0,0
BRDA:171,12,1,0
BRDA:177,13,0,0
BRDA:177,13,1,0
BRDA:188,14,0,0
BRDA:188,14,1,0
BRDA:189,15,0,0
BRDA:189,15,1,0
BRDA:190,16,0,0
BRDA:190,16,1,0
BRDA:193,17,0,0
BRDA:193,17,1,0
BRDA:194,18,0,0
BRDA:194,18,1,0
BRDA:195,19,0,0
BRDA:195,19,1,0
BRDA:196,20,0,0
BRDA:196,20,1,0
BRDA:199,21,0,0
BRDA:199,21,1,0
BRDA:201,22,0,0
BRDA:201,22,1,0
BRDA:202,23,0,0
BRDA:202,23,1,0
BRDA:203,24,0,0
BRDA:203,24,1,0
BRDA:204,25,0,0
BRDA:204,25,1,0
BRDA:205,26,0,0
BRDA:205,26,1,0
BRDA:207,27,0,0
BRDA:207,27,1,0
BRDA:208,28,0,0
BRDA:208,28,1,0
BRDA:209,29,0,0
BRDA:209,29,1,0
BRDA:221,30,0,0
BRDA:221,30,1,0
BRDA:232,31,0,0
BRDA:232,31,1,0
BRDA:245,32,0,0
BRDA:245,32,1,0
BRDA:313,33,0,0
BRDA:313,33,1,0
BRF:71
BRH:0
end_of_record
TN:
SF:src/services/trackStorageService.ts
FN:29,(anonymous_0)
FN:33,(anonymous_1)
FN:54,(anonymous_2)
FN:56,(anonymous_3)
FN:82,(anonymous_4)
FN:84,(anonymous_5)
FN:87,(anonymous_6)
FN:97,(anonymous_7)
FN:99,(anonymous_8)
FN:110,(anonymous_9)
FN:119,(anonymous_10)
FN:124,(anonymous_11)
FN:139,(anonymous_12)
FN:141,(anonymous_13)
FN:152,(anonymous_14)
FN:154,(anonymous_15)
FN:158,(anonymous_16)
FN:168,(anonymous_17)
FN:173,(anonymous_18)
FN:173,(anonymous_19)
FN:179,(anonymous_20)
FN:197,(anonymous_21)
FN:207,(anonymous_22)
FN:209,(anonymous_23)
FN:212,(anonymous_24)
FN:214,(anonymous_25)
FN:225,(anonymous_26)
FN:227,(anonymous_27)
FN:238,(anonymous_28)
FN:259,(anonymous_29)
FN:263,(anonymous_30)
FN:280,(anonymous_31)
FN:284,(anonymous_32)
FN:303,(anonymous_33)
FN:313,(anonymous_34)
FN:321,(anonymous_35)
FN:331,(anonymous_36)
FN:354,(anonymous_37)
FNF:38
FNH:0
FNDA:0,(anonymous_0)
FNDA:0,(anonymous_1)
FNDA:0,(anonymous_2)
FNDA:0,(anonymous_3)
FNDA:0,(anonymous_4)
FNDA:0,(anonymous_5)
FNDA:0,(anonymous_6)
FNDA:0,(anonymous_7)
FNDA:0,(anonymous_8)
FNDA:0,(anonymous_9)
FNDA:0,(anonymous_10)
FNDA:0,(anonymous_11)
FNDA:0,(anonymous_12)
FNDA:0,(anonymous_13)
FNDA:0,(anonymous_14)
FNDA:0,(anonymous_15)
FNDA:0,(anonymous_16)
FNDA:0,(anonymous_17)
FNDA:0,(anonymous_18)
FNDA:0,(anonymous_19)
FNDA:0,(anonymous_20)
FNDA:0,(anonymous_21)
FNDA:0,(anonymous_22)
FNDA:0,(anonymous_23)
FNDA:0,(anonymous_24)
FNDA:0,(anonymous_25)
FNDA:0,(anonymous_26)
FNDA:0,(anonymous_27)
FNDA:0,(anonymous_28)
FNDA:0,(anonymous_29)
FNDA:0,(anonymous_30)
FNDA:0,(anonymous_31)
FNDA:0,(anonymous_32)
FNDA:0,(anonymous_33)
FNDA:0,(anonymous_34)
FNDA:0,(anonymous_35)
FNDA:0,(anonymous_36)
FNDA:0,(anonymous_37)
DA:22,0
DA:30,0
DA:35,0
DA:36,0
DA:38,0
DA:39,0
DA:41,0
DA:42,0
DA:44,0
DA:45,0
DA:55,0
DA:56,0
DA:58,0
DA:59,0
DA:67,0
DA:76,0
DA:77,0
DA:79,0
DA:83,0
DA:84,0
DA:88,0
DA:89,0
DA:90,0
DA:92,0
DA:93,0
DA:98,0
DA:99,0
DA:101,0
DA:102,0
DA:103,0
DA:104,0
DA:105,0
DA:107,0
DA:116,0
DA:117,0
DA:119,0
DA:122,0
DA:124,0
DA:126,0
DA:129,0
DA:130,0
DA:131,0
DA:132,0
DA:134,0
DA:140,0
DA:141,0
DA:142,0
DA:145,0
DA:146,0
DA:147,0
DA:149,0
DA:153,0
DA:154,0
DA:155,0
DA:159,0
DA:160,0
DA:161,0
DA:163,0
DA:164,0
DA:169,0
DA:170,0
DA:172,0
DA:173,0
DA:180,0
DA:181,0
DA:190,0
DA:191,0
DA:193,0
DA:194,0
DA:198,0
DA:199,0
DA:200,0
DA:202,0
DA:203,0
DA:208,0
DA:209,0
DA:213,0
DA:214,0
DA:216,0
DA:217,0
DA:218,0
DA:219,0
DA:220,0
DA:222,0
DA:226,0
DA:227,0
DA:229,0
DA:230,0
DA:231,0
DA:232,0
DA:234,0
DA:239,0
DA:240,0
DA:242,0
DA:251,0
DA:252,0
DA:254,0
DA:255,0
DA:256,0
DA:260,0
DA:262,0
DA:263,0
DA:264,0
DA:265,0
DA:266,0
DA:267,0
DA:268,0
DA:270,0
DA:271,0
DA:272,0
DA:274,0
DA:277,0
DA:281,0
DA:283,0
DA:284,0
DA:285,0
DA:286,0
DA:287,0
DA:288,0
DA:289,0
DA:290,0
DA:292,0
DA:293,0
DA:294,0
DA:296,0
DA:299,0
DA:304,0
DA:305,0
DA:306,0
DA:308,0
DA:309,0
DA:314,0
DA:315,0
DA:316,0
DA:317,0
DA:322,0
DA:328,0
DA:332,0
DA:333,0
DA:335,0
DA:336,0
DA:338,0
DA:339,0
DA:341,0
DA:342,0
DA:345,0
DA:346,0
DA:348,0
DA:349,0
DA:355,0
DA:356,0
DA:357,0
DA:358,0
DA:359,0
DA:360,0
DA:365,0
LF:156
LH:0
BRDA:35,0,0,0
BRDA:35,0,1,0
BRDA:38,1,0,0
BRDA:38,1,1,0
BRDA:41,2,0,0
BRDA:41,2,1,0
BRDA:44,3,0,0
BRDA:44,3,1,0
BRDA:58,4,0,0
BRDA:58,4,1,0
BRDA:62,5,0,0
BRDA:62,5,1,0
BRDA:70,6,0,0
BRDA:70,6,1,0
BRDA:84,7,0,0
BRDA:84,7,1,0
BRDA:90,8,0,0
BRDA:90,8,1,0
BRDA:101,9,0,0
BRDA:101,9,1,0
BRDA:122,10,0,0
BRDA:122,10,1,0
BRDA:122,10,2,0
BRDA:126,11,0,0
BRDA:126,11,1,0
BRDA:129,12,0,0
BRDA:129,12,1,0
BRDA:129,13,0,0
BRDA:129,13,1,0
BRDA:130,14,0,0
BRDA:130,14,1,0
BRDA:130,15,0,0
BRDA:130,15,1,0
BRDA:131,16,0,0
BRDA:131,16,1,0
BRDA:131,17,0,0
BRDA:131,17,1,0
BRDA:132,18,0,0
BRDA:132,18,1,0
BRDA:132,19,0,0
BRDA:132,19,1,0
BRDA:146,20,0,0
BRDA:146,20,1,0
BRDA:161,21,0,0
BRDA:161,21,1,0
BRDA:168,22,0,0
BRDA:200,23,0,0
BRDA:200,23,1,0
BRDA:209,24,0,0
BRDA:209,24,1,0
BRDA:216,25,0,0
BRDA:216,25,1,0
BRDA:229,26,0,0
BRDA:229,26,1,0
BRDA:240,27,0,0
BRDA:240,27,1,0
BRDA:264,28,0,0
BRDA:264,28,1,0
BRDA:265,29,0,0
BRDA:265,29,1,0
BRDA:285,30,0,0
BRDA:285,30,1,0
BRDA:287,31,0,0
BRDA:287,31,1,0
BRDA:306,32,0,0
BRDA:306,32,1,0
BRDA:335,33,0,0
BRDA:335,33,1,0
BRDA:338,34,0,0
BRDA:338,34,1,0
BRDA:341,35,0,0
BRDA:341,35,1,0
BRF:72
BRH:0
end_of_record
TN:
SF:src/services/twitchIntegration.ts
FN:44,(anonymous_0)
FN:48,(anonymous_1)
FN:52,(anonymous_2)
FN:56,(anonymous_3)
FN:64,(anonymous_4)
FN:81,(anonymous_5)
FN:98,(anonymous_6)
FN:111,(anonymous_7)
FN:136,(anonymous_8)
FN:138,(anonymous_9)
FN:139,(anonymous_10)
FN:146,(anonymous_11)
FN:150,(anonymous_12)
FN:172,(anonymous_13)
FN:178,(anonymous_14)
FN:189,(anonymous_15)
FN:194,(anonymous_16)
FN:198,(anonymous_17)
FN:202,(anonymous_18)
FNF:19
FNH:0
FNDA:0,(anonymous_0)
FNDA:0,(anonymous_1)
FNDA:0,(anonymous_2)
FNDA:0,(anonymous_3)
FNDA:0,(anonymous_4)
FNDA:0,(anonymous_5)
FNDA:0,(anonymous_6)
FNDA:0,(anonymous_7)
FNDA:0,(anonymous_8)
FNDA:0,(anonymous_9)
FNDA:0,(anonymous_10)
FNDA:0,(anonymous_11)
FNDA:0,(anonymous_12)
FNDA:0,(anonymous_13)
FNDA:0,(anonymous_14)
FNDA:0,(anonymous_15)
FNDA:0,(anonymous_16)
FNDA:0,(anonymous_17)
FNDA:0,(anonymous_18)
DA:31,0
DA:40,0
DA:41,0
DA:42,0
DA:45,0
DA:49,0
DA:53,0
DA:58,0
DA:65,0
DA:66,0
DA:67,0
DA:69,0
DA:70,0
DA:75,0
DA:82,0
DA:83,0
DA:84,0
DA:86,0
DA:87,0
DA:92,0
DA:99,0
DA:100,0
DA:105,0
DA:112,0
DA:113,0
DA:114,0
DA:115,0
DA:118,0
DA:119,0
DA:120,0
DA:121,0
DA:124,0
DA:125,0
DA:130,0
DA:137,0
DA:138,0
DA:139,0
DA:141,0
DA:147,0
DA:151,0
DA:153,0
DA:154,0
DA:156,0
DA:158,0
DA:160,0
DA:161,0
DA:162,0
DA:165,0
DA:166,0
DA:168,0
DA:173,0
DA:174,0
DA:179,0
DA:180,0
DA:181,0
DA:184,0
DA:185,0
DA:186,0
DA:190,0
DA:191,0
DA:195,0
DA:199,0
DA:203,0
DA:204,0
DA:205,0
DA:209,0
LF:66
LH:0
BRDA:65,0,0,0
BRDA:65,0,1,0
BRDA:82,1,0,0
BRDA:82,1,1,0
BRDA:112,2,0,0
BRDA:112,2,1,0
BRDA:119,3,0,0
BRDA:119,3,1,0
BRDA:119,4,0,0
BRDA:119,4,1,0
BRDA:119,4,2,0
BRDA:138,5,0,0
BRDA:138,5,1,0
BRDA:151,6,0,0
BRDA:151,6,1,0
BRDA:156,7,0,0
BRDA:156,7,1,0
BRDA:156,8,0,0
BRDA:156,8,1,0
BRDA:160,9,0,0
BRDA:160,9,1,0
BRDA:160,10,0,0
BRDA:160,10,1,0
BRDA:160,10,2,0
BRDA:173,11,0,0
BRDA:173,11,1,0
BRDA:179,12,0,0
BRDA:179,12,1,0
BRF:28
BRH:0
end_of_record
TN:
SF:src/services/unifiedAudioController.ts
FN:62,(anonymous_0)
FN:66,(anonymous_1)
FN:88,(anonymous_2)
FN:89,(anonymous_3)
FN:119,(anonymous_4)
FN:135,(anonymous_5)
FN:166,(anonymous_6)
FN:175,(anonymous_7)
FN:176,(anonymous_8)
FN:191,(anonymous_9)
FN:212,(anonymous_10)
FN:220,(anonymous_11)
FN:222,(anonymous_12)
FN:225,(anonymous_13)
FN:231,(anonymous_14)
FN:235,(anonymous_15)
FN:246,(anonymous_16)
FN:250,(anonymous_17)
FN:256,(anonymous_18)
FN:268,(anonymous_19)
FN:272,(anonymous_20)
FN:276,(anonymous_21)
FN:280,(anonymous_22)
FN:285,(anonymous_23)
FN:299,(anonymous_24)
FN:314,(anonymous_25)
FN:327,(anonymous_26)
FN:342,(anonymous_27)
FN:352,(anonymous_28)
FN:364,(anonymous_29)
FN:373,(anonymous_30)
FN:381,(anonymous_31)
FN:385,(anonymous_32)
FN:403,(anonymous_33)
FN:407,(anonymous_34)
FN:412,(anonymous_35)
FN:416,(anonymous_36)
FN:421,(anonymous_37)
FN:443,(anonymous_38)
FN:459,(anonymous_39)
FN:464,(anonymous_40)
FN:470,(anonymous_41)
FN:477,(anonymous_42)
FN:500,(anonymous_43)
FN:507,(anonymous_44)
FN:512,(anonymous_45)
FN:517,(anonymous_46)
FN:529,(anonymous_47)
FNF:48
FNH:0
FNDA:0,(anonymous_0)
FNDA:0,(anonymous_1)
FNDA:0,(anonymous_2)
FNDA:0,(anonymous_3)
FNDA:0,(anonymous_4)
FNDA:0,(anonymous_5)
FNDA:0,(anonymous_6)
FNDA:0,(anonymous_7)
FNDA:0,(anonymous_8)
FNDA:0,(anonymous_9)
FNDA:0,(anonymous_10)
FNDA:0,(anonymous_11)
FNDA:0,(anonymous_12)
FNDA:0,(anonymous_13)
FNDA:0,(anonymous_14)
FNDA:0,(anonymous_15)
FNDA:0,(anonymous_16)
FNDA:0,(anonymous_17)
FNDA:0,(anonymous_18)
FNDA:0,(anonymous_19)
FNDA:0,(anonymous_20)
FNDA:0,(anonymous_21)
FNDA:0,(anonymous_22)
FNDA:0,(anonymous_23)
FNDA:0,(anonymous_24)
FNDA:0,(anonymous_25)
FNDA:0,(anonymous_26)
FNDA:0,(anonymous_27)
FNDA:0,(anonymous_28)
FNDA:0,(anonymous_29)
FNDA:0,(anonymous_30)
FNDA:0,(anonymous_31)
FNDA:0,(anonymous_32)
FNDA:0,(anonymous_33)
FNDA:0,(anonymous_34)
FNDA:0,(anonymous_35)
FNDA:0,(anonymous_36)
FNDA:0,(anonymous_37)
FNDA:0,(anonymous_38)
FNDA:0,(anonymous_39)
FNDA:0,(anonymous_40)
FNDA:0,(anonymous_41)
FNDA:0,(anonymous_42)
FNDA:0,(anonymous_43)
FNDA:0,(anonymous_44)
FNDA:0,(anonymous_45)
FNDA:0,(anonymous_46)
FNDA:0,(anonymous_47)
DA:39,0
DA:40,0
DA:41,0
DA:42,0
DA:43,0
DA:44,0
DA:45,0
DA:46,0
DA:47,0
DA:48,0
DA:60,0
DA:63,0
DA:68,0
DA:69,0
DA:70,0
DA:73,0
DA:74,0
DA:75,0
DA:76,0
DA:77,0
DA:78,0
DA:81,0
DA:84,0
DA:89,0
DA:90,0
DA:91,0
DA:92,0
DA:96,0
DA:97,0
DA:98,0
DA:99,0
DA:102,0
DA:104,0
DA:105,0
DA:108,0
DA:109,0
DA:111,0
DA:114,0
DA:121,0
DA:122,0
DA:126,0
DA:128,0
DA:129,0
DA:132,0
DA:136,0
DA:138,0
DA:139,0
DA:140,0
DA:143,0
DA:146,0
DA:148,0
DA:149,0
DA:150,0
DA:153,0
DA:154,0
DA:158,0
DA:160,0
DA:162,0
DA:167,0
DA:169,0
DA:170,0
DA:171,0
DA:172,0
DA:175,0
DA:176,0
DA:177,0
DA:181,0
DA:184,0
DA:185,0
DA:188,0
DA:191,0
DA:193,0
DA:194,0
DA:195,0
DA:196,0
DA:199,0
DA:202,0
DA:204,0
DA:208,0
DA:213,0
DA:214,0
DA:215,0
DA:216,0
DA:221,0
DA:222,0
DA:223,0
DA:224,0
DA:226,0
DA:232,0
DA:236,0
DA:237,0
DA:239,0
DA:240,0
DA:243,0
DA:247,0
DA:251,0
DA:252,0
DA:257,0
DA:269,0
DA:273,0
DA:277,0
DA:281,0
DA:286,0
DA:288,0
DA:290,0
DA:291,0
DA:292,0
DA:293,0
DA:294,0
DA:296,0
DA:297,0
DA:299,0
DA:300,0
DA:301,0
DA:303,0
DA:304,0
DA:305,0
DA:306,0
DA:307,0
DA:309,0
DA:315,0
DA:317,0
DA:319,0
DA:320,0
DA:321,0
DA:322,0
DA:323,0
DA:325,0
DA:327,0
DA:328,0
DA:329,0
DA:331,0
DA:332,0
DA:333,0
DA:334,0
DA:335,0
DA:337,0
DA:343,0
DA:344,0
DA:345,0
DA:346,0
DA:347,0
DA:349,0
DA:350,0
DA:352,0
DA:353,0
DA:354,0
DA:356,0
DA:357,0
DA:358,0
DA:365,0
DA:366,0
DA:368,0
DA:369,0
DA:374,0
DA:382,0
DA:386,0
DA:389,0
DA:390,0
DA:394,0
DA:395,0
DA:404,0
DA:408,0
DA:413,0
DA:417,0
DA:422,0
DA:423,0
DA:433,0
DA:436,0
DA:438,0
DA:444,0
DA:445,0
DA:446,0
DA:449,0
DA:450,0
DA:453,0
DA:454,0
DA:455,0
DA:459,0
DA:461,0
DA:465,0
DA:466,0
DA:471,0
DA:472,0
DA:473,0
DA:478,0
DA:479,0
DA:482,0
DA:483,0
DA:484,0
DA:485,0
DA:486,0
DA:487,0
DA:489,0
DA:494,0
DA:495,0
DA:496,0
DA:497,0
DA:501,0
DA:502,0
DA:503,0
DA:504,0
DA:508,0
DA:509,0
DA:513,0
DA:514,0
DA:518,0
DA:519,0
DA:520,0
DA:521,0
DA:523,0
DA:530,0
DA:531,0
DA:532,0
DA:535,0
DA:536,0
DA:537,0
DA:538,0
DA:541,0
DA:542,0
DA:547,0
LF:221
LH:0
BRDA:88,0,0,0
BRDA:90,1,0,0
BRDA:90,1,1,0
BRDA:97,2,0,0
BRDA:97,2,1,0
BRDA:104,3,0,0
BRDA:104,3,1,0
BRDA:104,4,0,0
BRDA:104,4,1,0
BRDA:104,4,2,0
BRDA:108,5,0,0
BRDA:108,5,1,0
BRDA:121,6,0,0
BRDA:121,6,1,0
BRDA:126,7,0,0
BRDA:126,7,1,0
BRDA:153,8,0,0
BRDA:153,8,1,0
BRDA:213,9,0,0
BRDA:213,9,1,0
BRDA:213,10,0,0
BRDA:213,10,1,0
BRDA:221,11,0,0
BRDA:221,11,1,0
BRDA:221,12,0,0
BRDA:221,12,1,0
BRDA:221,12,2,0
BRDA:239,13,0,0
BRDA:239,13,1,0
BRDA:251,14,0,0
BRDA:251,14,1,0
BRDA:251,15,0,0
BRDA:251,15,1,0
BRDA:286,16,0,0
BRDA:286,16,1,0
BRDA:303,17,0,0
BRDA:303,17,1,0
BRDA:305,18,0,0
BRDA:305,18,1,0
BRDA:315,19,0,0
BRDA:315,19,1,0
BRDA:331,20,0,0
BRDA:331,20,1,0
BRDA:333,21,0,0
BRDA:333,21,1,0
BRDA:356,22,0,0
BRDA:356,22,1,0
BRDA:364,23,0,0
BRDA:368,24,0,0
BRDA:368,24,1,0
BRDA:369,25,0,0
BRDA:369,25,1,0
BRDA:389,26,0,0
BRDA:389,26,1,0
BRDA:394,27,0,0
BRDA:394,27,1,0
BRDA:394,28,0,0
BRDA:394,28,1,0
BRDA:396,29,0,0
BRDA:396,29,1,0
BRDA:397,30,0,0
BRDA:397,30,1,0
BRDA:426,31,0,0
BRDA:426,31,1,0
BRDA:427,32,0,0
BRDA:427,32,1,0
BRDA:427,33,0,0
BRDA:427,33,1,0
BRDA:444,34,0,0
BRDA:444,34,1,0
BRDA:453,35,0,0
BRDA:453,35,1,0
BRDA:465,36,0,0
BRDA:465,36,1,0
BRDA:471,37,0,0
BRDA:471,37,1,0
BRDA:478,38,0,0
BRDA:478,38,1,0
BRDA:482,39,0,0
BRDA:482,39,1,0
BRDA:483,40,0,0
BRDA:483,40,1,0
BRDA:483,41,0,0
BRDA:483,41,1,0
BRDA:485,42,0,0
BRDA:485,42,1,0
BRDA:501,43,0,0
BRDA:501,43,1,0
BRDA:519,44,0,0
BRDA:519,44,1,0
BRDA:530,45,0,0
BRDA:530,45,1,0
BRDA:535,46,0,0
BRDA:535,46,1,0
BRF:94
BRH:0
end_of_record
TN:
SF:src/services/usageTrackingService.ts
FN:16,(anonymous_0)
FN:20,(anonymous_1)
FN:28,(anonymous_2)
FN:39,(anonymous_3)
FN:48,(anonymous_4)
FN:70,(anonymous_5)
FN:74,(anonymous_6)
FN:78,(anonymous_7)
FN:80,(anonymous_8)
FN:84,(anonymous_9)
FN:86,(anonymous_10)
FN:87,(anonymous_11)
FN:91,(anonymous_12)
FN:99,(anonymous_13)
FN:101,(anonymous_14)
FN:102,(anonymous_15)
FN:105,(anonymous_16)
FN:112,(anonymous_17)
FN:122,(anonymous_18)
FN:123,(anonymous_19)
FN:135,(anonymous_20)
FNF:21
FNH:0
FNDA:0,(anonymous_0)
FNDA:0,(anonymous_1)
FNDA:0,(anonymous_2)
FNDA:0,(anonymous_3)
FNDA:0,(anonymous_4)
FNDA:0,(anonymous_5)
FNDA:0,(anonymous_6)
FNDA:0,(anonymous_7)
FNDA:0,(anonymous_8)
FNDA:0,(anonymous_9)
FNDA:0,(anonymous_10)
FNDA:0,(anonymous_11)
FNDA:0,(anonymous_12)
FNDA:0,(anonymous_13)
FNDA:0,(anonymous_14)
FNDA:0,(anonymous_15)
FNDA:0,(anonymous_16)
FNDA:0,(anonymous_17)
FNDA:0,(anonymous_18)
FNDA:0,(anonymous_19)
FNDA:0,(anonymous_20)
DA:13,0
DA:14,0
DA:17,0
DA:21,0
DA:22,0
DA:23,0
DA:24,0
DA:25,0
DA:28,0
DA:29,0
DA:30,0
DA:35,0
DA:40,0
DA:41,0
DA:42,0
DA:44,0
DA:49,0
DA:51,0
DA:52,0
DA:53,0
DA:54,0
DA:55,0
DA:57,0
DA:67,0
DA:71,0
DA:75,0
DA:79,0
DA:80,0
DA:85,0
DA:86,0
DA:87,0
DA:92,0
DA:93,0
DA:94,0
DA:95,0
DA:100,0
DA:101,0
DA:102,0
DA:111,0
DA:112,0
DA:114,0
DA:115,0
DA:122,0
DA:123,0
DA:124,0
DA:127,0
DA:136,0
DA:137,0
DA:142,0
LF:49
LH:0
BRDA:23,0,0,0
BRDA:23,0,1,0
BRDA:29,1,0,0
BRDA:29,1,1,0
BRDA:51,2,0,0
BRDA:51,2,1,0
BRDA:54,3,0,0
BRDA:54,3,1,0
BRDA:55,4,0,0
BRDA:55,4,1,0
BRDA:78,5,0,0
BRDA:84,6,0,0
BRDA:93,7,0,0
BRDA:93,7,1,0
BRDA:114,8,0,0
BRDA:114,8,1,0
BRDA:124,9,0,0
BRDA:124,9,1,0
BRF:18
BRH:0
end_of_record
TN:
SF:src/types/agency.ts
FNF:0
FNH:0
DA:67,0
DA:79,0
LF:2
LH:0
BRF:0
BRH:0
end_of_record
TN:
SF:src/types/track.ts
FN:118,(anonymous_0)
FN:128,(anonymous_1)
FN:137,(anonymous_2)
FNF:3
FNH:0
FNDA:0,(anonymous_0)
FNDA:0,(anonymous_1)
FNDA:0,(anonymous_2)
DA:118,0
DA:119,0
DA:120,0
DA:121,0
DA:122,0
DA:123,0
DA:125,0
DA:128,0
DA:129,0
DA:130,0
DA:131,0
DA:132,0
DA:133,0
DA:137,0
DA:138,0
LF:15
LH:0
BRDA:119,0,0,0
BRDA:119,0,1,0
BRDA:120,1,0,0
BRDA:120,1,1,0
BRDA:121,2,0,0
BRDA:121,2,1,0
BRDA:122,3,0,0
BRDA:122,3,1,0
BRDA:129,4,0,0
BRDA:129,4,1,0
BRDA:129,4,2,0
BRDA:129,4,3,0
BRDA:138,5,0,0
BRDA:138,5,1,0
BRDA:138,5,2,0
BRF:15
BRH:0
end_of_record
TN:
SF:src/utils/performanceTest.ts
FN:13,(anonymous_0)
FN:37,(anonymous_1)
FN:74,(anonymous_2)
FN:95,(anonymous_3)
FNF:4
FNH:0
FNDA:0,(anonymous_0)
FNDA:0,(anonymous_1)
FNDA:0,(anonymous_2)
FNDA:0,(anonymous_3)
DA:13,0
DA:14,0
DA:15,0
DA:16,0
DA:17,0
DA:20,0
DA:21,0
DA:24,0
DA:26,0
DA:28,0
DA:29,0
DA:33,0
DA:34,0
DA:37,0
DA:45,0
DA:47,0
DA:49,0
DA:59,0
DA:60,0
DA:62,0
DA:74,0
DA:75,0
DA:91,0
DA:92,0
DA:95,0
DA:96,0
DA:99,0
DA:102,0
DA:105,0
DA:111,0
DA:112,0
DA:115,0
DA:116,0
DA:119,0
DA:120,0
DA:123,0
DA:124,0
DA:127,0
DA:128,0
DA:131,0
DA:132,0
LF:41
LH:0
BRDA:52,0,0,0
BRDA:52,0,1,0
BRDA:59,1,0,0
BRDA:59,1,1,0
BRDA:65,2,0,0
BRDA:65,2,1,0
BRDA:78,3,0,0
BRDA:78,3,1,0
BRDA:79,4,0,0
BRDA:79,4,1,0
BRDA:80,5,0,0
BRDA:80,5,1,0
BRDA:84,6,0,0
BRDA:84,6,1,0
BRDA:111,7,0,0
BRDA:111,7,1,0
BRDA:115,8,0,0
BRDA:115,8,1,0
BRDA:119,9,0,0
BRDA:119,9,1,0
BRDA:123,10,0,0
BRDA:123,10,1,0
BRDA:123,11,0,0
BRDA:123,11,1,0
BRDA:127,12,0,0
BRDA:127,12,1,0
BRDA:127,13,0,0
BRDA:127,13,1,0
BRF:28
BRH:0
end_of_record
